mode: atomic
github.com/PointerByte/GoForge/cmd/qgo/main.go:21.13,22.49 1 2
github.com/PointerByte/GoForge/cmd/qgo/main.go:22.49,25.3 2 1
github.com/PointerByte/GoForge/cmd/qgo/main.go:29.38,31.2 1 1
github.com/PointerByte/GoForge/cmd/qgo/main.go:34.33,36.2 1 1
github.com/PointerByte/GoForge/cmd/qgo/code/animation.go:24.50,26.2 1 0
github.com/PointerByte/GoForge/cmd/qgo/code/animation.go:29.102,30.43 1 1
github.com/PointerByte/GoForge/cmd/qgo/code/animation.go:30.43,31.63 1 7
github.com/PointerByte/GoForge/cmd/qgo/code/animation.go:31.63,33.4 1 0
github.com/PointerByte/GoForge/cmd/qgo/code/animation.go:34.3,34.37 1 7
github.com/PointerByte/GoForge/cmd/qgo/code/animation.go:34.37,36.4 1 0
github.com/PointerByte/GoForge/cmd/qgo/code/animation.go:38.2,39.12 2 1
github.com/PointerByte/GoForge/cmd/qgo/code/animation.go:43.46,45.9 2 1
github.com/PointerByte/GoForge/cmd/qgo/code/animation.go:45.9,47.3 1 1
github.com/PointerByte/GoForge/cmd/qgo/code/animation.go:49.2,50.16 2 0
github.com/PointerByte/GoForge/cmd/qgo/code/animation.go:50.16,52.3 1 0
github.com/PointerByte/GoForge/cmd/qgo/code/animation.go:53.2,53.43 1 0
github.com/PointerByte/GoForge/cmd/qgo/code/app.go:48.20,55.50 1 1
github.com/PointerByte/GoForge/cmd/qgo/code/app.go:55.50,63.4 5 1
github.com/PointerByte/GoForge/cmd/qgo/code/app.go:71.43,72.61 1 6
github.com/PointerByte/GoForge/cmd/qgo/code/app.go:72.61,74.3 1 3
github.com/PointerByte/GoForge/cmd/qgo/code/app.go:75.2,75.44 1 3
github.com/PointerByte/GoForge/cmd/qgo/code/app.go:75.44,77.3 1 1
github.com/PointerByte/GoForge/cmd/qgo/code/app.go:78.2,78.43 1 2
github.com/PointerByte/GoForge/cmd/qgo/code/app.go:82.54,83.34 1 1
github.com/PointerByte/GoForge/cmd/qgo/code/app.go:83.34,85.3 1 0
github.com/PointerByte/GoForge/cmd/qgo/code/app.go:86.2,86.32 1 1
github.com/PointerByte/GoForge/cmd/qgo/code/app.go:90.49,93.16 3 0
github.com/PointerByte/GoForge/cmd/qgo/code/app.go:93.16,95.3 1 0
github.com/PointerByte/GoForge/cmd/qgo/code/app.go:96.2,96.48 1 0
github.com/PointerByte/GoForge/cmd/qgo/code/app.go:100.33,102.2 1 1
github.com/PointerByte/GoForge/cmd/qgo/code/app.go:105.46,111.68 1 4
github.com/PointerByte/GoForge/cmd/qgo/code/app.go:111.68,113.4 1 3
github.com/PointerByte/GoForge/cmd/qgo/code/app.go:115.2,116.13 2 4
github.com/PointerByte/GoForge/cmd/qgo/code/commands.go:30.38,32.2 1 5
github.com/PointerByte/GoForge/cmd/qgo/code/commands.go:35.71,41.2 1 11
github.com/PointerByte/GoForge/cmd/qgo/code/commands.go:44.51,53.2 4 5
github.com/PointerByte/GoForge/cmd/qgo/code/commands.go:56.58,60.55 1 11
github.com/PointerByte/GoForge/cmd/qgo/code/commands.go:60.55,62.30 2 1
github.com/PointerByte/GoForge/cmd/qgo/code/commands.go:62.30,65.19 3 1
github.com/PointerByte/GoForge/cmd/qgo/code/commands.go:65.19,67.6 1 0
github.com/PointerByte/GoForge/cmd/qgo/code/commands.go:70.4,71.18 2 1
github.com/PointerByte/GoForge/cmd/qgo/code/commands.go:71.18,73.5 1 0
github.com/PointerByte/GoForge/cmd/qgo/code/commands.go:75.4,76.73 2 1
github.com/PointerByte/GoForge/cmd/qgo/code/commands.go:80.2,85.17 6 11
github.com/PointerByte/GoForge/cmd/qgo/code/scaffold.go:48.68,57.2 1 10
github.com/PointerByte/GoForge/cmd/qgo/code/scaffold.go:60.124,64.16 3 8
github.com/PointerByte/GoForge/cmd/qgo/code/scaffold.go:64.16,66.3 1 1
github.com/PointerByte/GoForge/cmd/qgo/code/scaffold.go:67.2,67.36 1 7
github.com/PointerByte/GoForge/cmd/qgo/code/scaffold.go:67.36,69.3 1 1
github.com/PointerByte/GoForge/cmd/qgo/code/scaffold.go:71.2,72.16 2 6
github.com/PointerByte/GoForge/cmd/qgo/code/scaffold.go:72.16,74.3 1 1
github.com/PointerByte/GoForge/cmd/qgo/code/scaffold.go:75.2,75.34 1 5
github.com/PointerByte/GoForge/cmd/qgo/code/scaffold.go:75.34,77.3 1 1
github.com/PointerByte/GoForge/cmd/qgo/code/scaffold.go:79.2,80.16 2 4
github.com/PointerByte/GoForge/cmd/qgo/code/scaffold.go:80.16,82.3 1 1
github.com/PointerByte/GoForge/cmd/qgo/code/scaffold.go:84.2,85.16 2 3
github.com/PointerByte/GoForge/cmd/qgo/code/scaffold.go:85.16,87.3 1 0
github.com/PointerByte/GoForge/cmd/qgo/code/scaffold.go:89.2,90.21 2 3
github.com/PointerByte/GoForge/cmd/qgo/code/scaffold.go:90.21,92.3 1 1
github.com/PointerByte/GoForge/cmd/qgo/code/scaffold.go:94.2,100.8 1 3
github.com/PointerByte/GoForge/cmd/qgo/code/scaffold.go:104.108,106.20 2 18
github.com/PointerByte/GoForge/cmd/qgo/code/scaffold.go:106.20,108.3 1 5
github.com/PointerByte/GoForge/cmd/qgo/code/scaffold.go:110.2,110.62 1 13
github.com/PointerByte/GoForge/cmd/qgo/code/scaffold.go:110.62,112.3 1 1
github.com/PointerByte/GoForge/cmd/qgo/code/scaffold.go:114.2,115.43 2 12
github.com/PointerByte/GoForge/cmd/qgo/code/scaffold.go:115.43,117.3 1 1
github.com/PointerByte/GoForge/cmd/qgo/code/scaffold.go:119.2,120.17 2 11
github.com/PointerByte/GoForge/cmd/qgo/code/scaffold.go:120.17,122.3 1 2
github.com/PointerByte/GoForge/cmd/qgo/code/scaffold.go:123.2,123.19 1 9
github.com/PointerByte/GoForge/cmd/qgo/code/scaffold.go:132.98,134.20 2 10
github.com/PointerByte/GoForge/cmd/qgo/code/scaffold.go:134.20,135.37 1 4
github.com/PointerByte/GoForge/cmd/qgo/code/scaffold.go:135.37,137.4 1 1
github.com/PointerByte/GoForge/cmd/qgo/code/scaffold.go:138.3,138.23 1 3
github.com/PointerByte/GoForge/cmd/qgo/code/scaffold.go:141.2,141.93 1 6
github.com/PointerByte/GoForge/cmd/qgo/code/scaffold.go:141.93,143.3 1 1
github.com/PointerByte/GoForge/cmd/qgo/code/scaffold.go:145.2,146.43 2 5
github.com/PointerByte/GoForge/cmd/qgo/code/scaffold.go:146.43,148.3 1 1
github.com/PointerByte/GoForge/cmd/qgo/code/scaffold.go:150.2,151.17 2 4
github.com/PointerByte/GoForge/cmd/qgo/code/scaffold.go:151.17,153.3 1 2
github.com/PointerByte/GoForge/cmd/qgo/code/scaffold.go:154.2,154.33 1 2
github.com/PointerByte/GoForge/cmd/qgo/code/scaffold.go:154.33,156.3 1 2
github.com/PointerByte/GoForge/cmd/qgo/code/scaffold.go:157.2,157.19 1 0
github.com/PointerByte/GoForge/cmd/qgo/code/scaffold.go:161.118,163.20 2 11
github.com/PointerByte/GoForge/cmd/qgo/code/scaffold.go:163.20,164.34 1 2
github.com/PointerByte/GoForge/cmd/qgo/code/scaffold.go:164.34,166.4 1 1
github.com/PointerByte/GoForge/cmd/qgo/code/scaffold.go:167.3,167.23 1 1
github.com/PointerByte/GoForge/cmd/qgo/code/scaffold.go:170.2,171.39 2 9
github.com/PointerByte/GoForge/cmd/qgo/code/scaffold.go:171.39,173.3 1 1
github.com/PointerByte/GoForge/cmd/qgo/code/scaffold.go:175.2,175.93 1 8
github.com/PointerByte/GoForge/cmd/qgo/code/scaffold.go:175.93,177.3 1 1
github.com/PointerByte/GoForge/cmd/qgo/code/scaffold.go:179.2,180.43 2 7
github.com/PointerByte/GoForge/cmd/qgo/code/scaffold.go:180.43,182.3 1 1
github.com/PointerByte/GoForge/cmd/qgo/code/scaffold.go:184.2,185.17 2 6
github.com/PointerByte/GoForge/cmd/qgo/code/scaffold.go:185.17,187.3 1 4
github.com/PointerByte/GoForge/cmd/qgo/code/scaffold.go:188.2,188.30 1 2
github.com/PointerByte/GoForge/cmd/qgo/code/scaffold.go:188.30,190.3 1 1
github.com/PointerByte/GoForge/cmd/qgo/code/scaffold.go:191.2,191.19 1 1
github.com/PointerByte/GoForge/cmd/qgo/code/scaffold.go:195.45,197.2 1 9
github.com/PointerByte/GoForge/cmd/qgo/code/scaffold.go:200.42,202.2 1 17
github.com/PointerByte/GoForge/cmd/qgo/code/scaffold.go:205.46,207.2 1 26
github.com/PointerByte/GoForge/cmd/qgo/code/scaffold.go:210.43,212.2 1 10
github.com/PointerByte/GoForge/cmd/qgo/code/scaffold.go:215.44,217.2 1 9
github.com/PointerByte/GoForge/cmd/qgo/code/scaffold.go:220.96,222.16 2 10
github.com/PointerByte/GoForge/cmd/qgo/code/scaffold.go:222.16,224.3 1 1
github.com/PointerByte/GoForge/cmd/qgo/code/scaffold.go:226.2,226.56 1 9
github.com/PointerByte/GoForge/cmd/qgo/code/scaffold.go:226.56,228.3 1 1
github.com/PointerByte/GoForge/cmd/qgo/code/scaffold.go:228.8,228.44 1 8
github.com/PointerByte/GoForge/cmd/qgo/code/scaffold.go:228.44,230.3 1 1
github.com/PointerByte/GoForge/cmd/qgo/code/scaffold.go:232.2,232.64 1 7
github.com/PointerByte/GoForge/cmd/qgo/code/scaffold.go:232.64,234.3 1 1
github.com/PointerByte/GoForge/cmd/qgo/code/scaffold.go:236.2,237.16 2 6
github.com/PointerByte/GoForge/cmd/qgo/code/scaffold.go:237.16,239.3 1 1
github.com/PointerByte/GoForge/cmd/qgo/code/scaffold.go:241.2,241.35 1 5
github.com/PointerByte/GoForge/cmd/qgo/code/scaffold.go:241.35,243.76 2 9
github.com/PointerByte/GoForge/cmd/qgo/code/scaffold.go:243.76,245.4 1 0
github.com/PointerByte/GoForge/cmd/qgo/code/scaffold.go:246.3,246.80 1 9
github.com/PointerByte/GoForge/cmd/qgo/code/scaffold.go:246.80,248.4 1 1
github.com/PointerByte/GoForge/cmd/qgo/code/scaffold.go:251.2,251.88 1 4
github.com/PointerByte/GoForge/cmd/qgo/code/scaffold.go:251.88,253.3 1 1
github.com/PointerByte/GoForge/cmd/qgo/code/scaffold.go:255.2,255.29 1 3
github.com/PointerByte/GoForge/cmd/qgo/code/scaffold.go:255.29,256.95 1 2
github.com/PointerByte/GoForge/cmd/qgo/code/scaffold.go:256.95,258.4 1 1
github.com/PointerByte/GoForge/cmd/qgo/code/scaffold.go:261.2,261.187 1 2
github.com/PointerByte/GoForge/cmd/qgo/code/scaffold.go:261.187,263.3 1 0
github.com/PointerByte/GoForge/cmd/qgo/code/scaffold.go:265.2,265.68 1 2
github.com/PointerByte/GoForge/cmd/qgo/code/scaffold.go:265.68,267.3 1 1
github.com/PointerByte/GoForge/cmd/qgo/code/scaffold.go:269.2,269.101 1 1
github.com/PointerByte/GoForge/cmd/qgo/code/scaffold.go:269.101,271.3 1 0
github.com/PointerByte/GoForge/cmd/qgo/code/scaffold.go:272.2,272.12 1 1
github.com/PointerByte/GoForge/cmd/qgo/code/templates.go:17.96,23.30 2 8
github.com/PointerByte/GoForge/cmd/qgo/code/templates.go:24.18,25.101 1 6
github.com/PointerByte/GoForge/cmd/qgo/code/templates.go:26.18,28.17 2 0
github.com/PointerByte/GoForge/cmd/qgo/code/templates.go:28.17,30.4 1 0
github.com/PointerByte/GoForge/cmd/qgo/code/templates.go:31.3,31.58 1 0
github.com/PointerByte/GoForge/cmd/qgo/code/templates.go:32.10,33.79 1 2
github.com/PointerByte/GoForge/cmd/qgo/code/templates.go:36.2,36.19 1 6
github.com/PointerByte/GoForge/cmd/qgo/code/templates.go:40.67,41.21 1 10
github.com/PointerByte/GoForge/cmd/qgo/code/templates.go:42.22,68.12 1 7
github.com/PointerByte/GoForge/cmd/qgo/code/templates.go:69.23,84.2 1 2
github.com/PointerByte/GoForge/cmd/qgo/code/templates.go:85.10,86.12 1 1
github.com/PointerByte/GoForge/cmd/qgo/code/templates.go:91.70,92.36 1 10
github.com/PointerByte/GoForge/cmd/qgo/code/templates.go:92.36,165.3 1 4
github.com/PointerByte/GoForge/cmd/qgo/code/templates.go:167.2,261.12 1 6
github.com/PointerByte/GoForge/cmd/qgo/code/templates.go:265.79,302.36 2 2
github.com/PointerByte/GoForge/cmd/qgo/code/templates.go:302.36,357.3 4 1
github.com/PointerByte/GoForge/cmd/qgo/code/templates.go:357.8,439.3 4 1
github.com/PointerByte/GoForge/cmd/qgo/code/templates.go:441.2,442.16 2 2
github.com/PointerByte/GoForge/cmd/qgo/code/templates.go:442.16,444.3 1 0
github.com/PointerByte/GoForge/cmd/qgo/code/templates.go:445.2,445.36 1 2
