mode: atomic
github.com/PointerByte/GoForge/security/auth/cookies/cookies.go:64.47,66.33 2 10
github.com/PointerByte/GoForge/security/auth/cookies/cookies.go:66.33,67.20 1 15
github.com/PointerByte/GoForge/security/auth/cookies/cookies.go:67.20,68.12 1 0
github.com/PointerByte/GoForge/security/auth/cookies/cookies.go:70.3,70.41 1 15
github.com/PointerByte/GoForge/security/auth/cookies/cookies.go:70.41,72.4 1 2
github.com/PointerByte/GoForge/security/auth/cookies/cookies.go:74.2,74.31 1 8
github.com/PointerByte/GoForge/security/auth/cookies/cookies.go:74.31,76.3 1 2
github.com/PointerByte/GoForge/security/auth/cookies/cookies.go:77.2,77.49 1 6
github.com/PointerByte/GoForge/security/auth/cookies/cookies.go:77.49,79.3 1 1
github.com/PointerByte/GoForge/security/auth/cookies/cookies.go:80.2,80.21 1 5
github.com/PointerByte/GoForge/security/auth/cookies/cookies.go:85.71,88.16 3 3
github.com/PointerByte/GoForge/security/auth/cookies/cookies.go:88.16,90.3 1 1
github.com/PointerByte/GoForge/security/auth/cookies/cookies.go:92.2,93.22 2 2
github.com/PointerByte/GoForge/security/auth/cookies/cookies.go:93.22,95.3 1 2
github.com/PointerByte/GoForge/security/auth/cookies/cookies.go:96.2,96.22 1 2
github.com/PointerByte/GoForge/security/auth/cookies/cookies.go:96.22,98.3 1 1
github.com/PointerByte/GoForge/security/auth/cookies/cookies.go:100.2,103.3 1 2
github.com/PointerByte/GoForge/security/auth/cookies/cookies.go:106.50,107.46 1 3
github.com/PointerByte/GoForge/security/auth/cookies/cookies.go:107.46,109.3 1 3
github.com/PointerByte/GoForge/security/auth/cookies/cookies.go:110.2,110.47 1 3
github.com/PointerByte/GoForge/security/auth/cookies/cookies.go:110.47,112.3 1 0
github.com/PointerByte/GoForge/security/auth/cookies/cookies.go:113.2,113.32 1 3
github.com/PointerByte/GoForge/security/auth/cookies/cookies.go:113.32,114.85 1 3
github.com/PointerByte/GoForge/security/auth/cookies/cookies.go:114.85,116.4 1 2
github.com/PointerByte/GoForge/security/auth/cookies/cookies.go:118.2,118.50 1 3
github.com/PointerByte/GoForge/security/auth/cookies/cookies.go:118.50,120.3 1 0
github.com/PointerByte/GoForge/security/auth/cookies/cookies.go:121.2,121.49 1 3
github.com/PointerByte/GoForge/security/auth/cookies/cookies.go:121.49,123.3 1 0
github.com/PointerByte/GoForge/security/auth/cookies/cookies.go:124.2,124.35 1 3
github.com/PointerByte/GoForge/security/auth/cookies/cookies.go:124.35,125.88 1 0
github.com/PointerByte/GoForge/security/auth/cookies/cookies.go:125.88,127.4 1 0
github.com/PointerByte/GoForge/security/auth/cookies/cookies.go:129.2,129.34 1 3
github.com/PointerByte/GoForge/security/auth/cookies/cookies.go:129.34,130.87 1 0
github.com/PointerByte/GoForge/security/auth/cookies/cookies.go:130.87,132.4 1 0
github.com/PointerByte/GoForge/security/auth/cookies/cookies.go:134.2,134.52 1 3
github.com/PointerByte/GoForge/security/auth/cookies/cookies.go:134.52,136.3 1 0
github.com/PointerByte/GoForge/security/auth/cookies/cookies.go:137.2,137.51 1 3
github.com/PointerByte/GoForge/security/auth/cookies/cookies.go:137.51,139.3 1 0
github.com/PointerByte/GoForge/security/auth/cookies/cookies.go:140.2,140.37 1 3
github.com/PointerByte/GoForge/security/auth/cookies/cookies.go:140.37,141.90 1 0
github.com/PointerByte/GoForge/security/auth/cookies/cookies.go:141.90,143.4 1 0
github.com/PointerByte/GoForge/security/auth/cookies/cookies.go:145.2,145.36 1 3
github.com/PointerByte/GoForge/security/auth/cookies/cookies.go:145.36,146.89 1 0
github.com/PointerByte/GoForge/security/auth/cookies/cookies.go:146.89,148.4 1 0
github.com/PointerByte/GoForge/security/auth/cookies/cookies.go:152.76,153.22 1 3
github.com/PointerByte/GoForge/security/auth/cookies/cookies.go:153.22,155.3 1 3
github.com/PointerByte/GoForge/security/auth/cookies/cookies.go:156.2,156.19 1 0
github.com/PointerByte/GoForge/security/auth/cookies/cookies.go:160.57,161.37 1 8
github.com/PointerByte/GoForge/security/auth/cookies/cookies.go:161.37,162.21 1 8
github.com/PointerByte/GoForge/security/auth/cookies/cookies.go:162.21,164.4 1 1
github.com/PointerByte/GoForge/security/auth/cookies/cookies.go:165.3,166.13 2 7
github.com/PointerByte/GoForge/security/auth/cookies/cookies.go:171.47,172.37 1 7
github.com/PointerByte/GoForge/security/auth/cookies/cookies.go:172.37,174.23 2 7
github.com/PointerByte/GoForge/security/auth/cookies/cookies.go:174.23,176.4 1 1
github.com/PointerByte/GoForge/security/auth/cookies/cookies.go:177.3,178.13 2 6
github.com/PointerByte/GoForge/security/auth/cookies/cookies.go:183.45,184.20 1 2
github.com/PointerByte/GoForge/security/auth/cookies/cookies.go:184.20,186.3 1 0
github.com/PointerByte/GoForge/security/auth/cookies/cookies.go:187.2,187.27 1 2
github.com/PointerByte/GoForge/security/auth/cookies/cookies.go:192.81,193.49 1 7
github.com/PointerByte/GoForge/security/auth/cookies/cookies.go:193.49,195.3 1 0
github.com/PointerByte/GoForge/security/auth/cookies/cookies.go:196.2,196.20 1 7
github.com/PointerByte/GoForge/security/auth/cookies/cookies.go:196.20,198.3 1 1
github.com/PointerByte/GoForge/security/auth/cookies/cookies.go:200.2,201.16 2 6
github.com/PointerByte/GoForge/security/auth/cookies/cookies.go:201.16,202.39 1 1
github.com/PointerByte/GoForge/security/auth/cookies/cookies.go:202.39,204.4 1 1
github.com/PointerByte/GoForge/security/auth/cookies/cookies.go:205.3,205.17 1 0
github.com/PointerByte/GoForge/security/auth/cookies/cookies.go:208.2,209.17 2 5
github.com/PointerByte/GoForge/security/auth/cookies/cookies.go:209.17,211.3 1 1
github.com/PointerByte/GoForge/security/auth/cookies/cookies.go:212.2,212.19 1 4
github.com/PointerByte/GoForge/security/auth/cookies/cookies.go:217.70,219.16 2 1
github.com/PointerByte/GoForge/security/auth/cookies/cookies.go:219.16,221.3 1 0
github.com/PointerByte/GoForge/security/auth/cookies/cookies.go:222.2,222.52 1 1
github.com/PointerByte/GoForge/security/auth/cookies/cookies.go:227.76,229.2 1 1
github.com/PointerByte/GoForge/security/auth/cookies/cookies.go:233.108,236.2 2 2
github.com/PointerByte/GoForge/security/auth/cookies/cookies.go:240.156,242.16 2 3
github.com/PointerByte/GoForge/security/auth/cookies/cookies.go:242.16,244.3 1 0
github.com/PointerByte/GoForge/security/auth/cookies/cookies.go:245.2,245.74 1 3
github.com/PointerByte/GoForge/security/auth/cookies/cookies.go:248.60,249.17 1 2
github.com/PointerByte/GoForge/security/auth/cookies/cookies.go:249.17,251.3 1 1
github.com/PointerByte/GoForge/security/auth/cookies/cookies.go:252.2,252.17 1 1
github.com/PointerByte/GoForge/security/middlewares/cookies.go:30.74,31.63 1 4
github.com/PointerByte/GoForge/security/middlewares/cookies.go:31.63,32.33 1 0
github.com/PointerByte/GoForge/security/middlewares/cookies.go:32.33,34.4 1 0
github.com/PointerByte/GoForge/security/middlewares/cookies.go:37.2,41.56 1 4
github.com/PointerByte/GoForge/security/middlewares/cookies.go:41.56,45.4 1 1
github.com/PointerByte/GoForge/security/middlewares/cookies.go:48.2,48.33 1 4
github.com/PointerByte/GoForge/security/middlewares/cookies.go:48.33,49.20 1 7
github.com/PointerByte/GoForge/security/middlewares/cookies.go:49.20,50.12 1 0
github.com/PointerByte/GoForge/security/middlewares/cookies.go:52.3,52.18 1 7
github.com/PointerByte/GoForge/security/middlewares/cookies.go:55.2,55.29 1 4
github.com/PointerByte/GoForge/security/middlewares/cookies.go:55.29,57.3 1 0
github.com/PointerByte/GoForge/security/middlewares/cookies.go:59.2,60.16 2 4
github.com/PointerByte/GoForge/security/middlewares/cookies.go:60.16,61.31 1 1
github.com/PointerByte/GoForge/security/middlewares/cookies.go:61.31,63.4 1 1
github.com/PointerByte/GoForge/security/middlewares/cookies.go:66.2,66.30 1 3
github.com/PointerByte/GoForge/security/middlewares/cookies.go:66.30,71.34 4 3
github.com/PointerByte/GoForge/security/middlewares/cookies.go:71.34,74.4 2 1
github.com/PointerByte/GoForge/security/middlewares/cookies.go:76.3,77.17 2 3
github.com/PointerByte/GoForge/security/middlewares/cookies.go:77.17,80.4 2 1
github.com/PointerByte/GoForge/security/middlewares/cookies.go:82.3,84.11 3 2
github.com/PointerByte/GoForge/security/middlewares/cookies.go:90.94,91.46 1 5
github.com/PointerByte/GoForge/security/middlewares/cookies.go:91.46,93.3 1 5
github.com/PointerByte/GoForge/security/middlewares/cookies.go:98.84,99.46 1 0
github.com/PointerByte/GoForge/security/middlewares/cookies.go:99.46,101.3 1 0
github.com/PointerByte/GoForge/security/middlewares/cookies.go:106.79,107.46 1 2
github.com/PointerByte/GoForge/security/middlewares/cookies.go:107.46,109.3 1 2
github.com/PointerByte/GoForge/security/middlewares/cookies.go:114.103,115.46 1 2
github.com/PointerByte/GoForge/security/middlewares/cookies.go:115.46,116.36 1 2
github.com/PointerByte/GoForge/security/middlewares/cookies.go:116.36,118.4 1 1
github.com/PointerByte/GoForge/security/middlewares/cookies.go:119.3,119.37 1 2
github.com/PointerByte/GoForge/security/middlewares/cookies.go:119.37,121.4 1 1
github.com/PointerByte/GoForge/security/middlewares/cookies.go:126.97,127.46 1 2
github.com/PointerByte/GoForge/security/middlewares/cookies.go:127.46,128.21 1 2
github.com/PointerByte/GoForge/security/middlewares/cookies.go:128.21,130.4 1 1
github.com/PointerByte/GoForge/security/middlewares/grpc_jwt.go:44.73,47.2 2 1
github.com/PointerByte/GoForge/security/middlewares/grpc_jwt.go:52.60,55.2 2 2
github.com/PointerByte/GoForge/security/middlewares/grpc_jwt.go:59.93,61.112 2 2
github.com/PointerByte/GoForge/security/middlewares/grpc_jwt.go:61.112,62.64 1 2
github.com/PointerByte/GoForge/security/middlewares/grpc_jwt.go:62.64,64.4 1 0
github.com/PointerByte/GoForge/security/middlewares/grpc_jwt.go:66.3,67.17 2 2
github.com/PointerByte/GoForge/security/middlewares/grpc_jwt.go:67.17,69.4 1 1
github.com/PointerByte/GoForge/security/middlewares/grpc_jwt.go:70.3,70.31 1 1
github.com/PointerByte/GoForge/security/middlewares/grpc_jwt.go:76.95,78.112 2 1
github.com/PointerByte/GoForge/security/middlewares/grpc_jwt.go:78.112,79.64 1 1
github.com/PointerByte/GoForge/security/middlewares/grpc_jwt.go:79.64,81.4 1 0
github.com/PointerByte/GoForge/security/middlewares/grpc_jwt.go:83.3,84.17 2 1
github.com/PointerByte/GoForge/security/middlewares/grpc_jwt.go:84.17,86.4 1 0
github.com/PointerByte/GoForge/security/middlewares/grpc_jwt.go:87.3,87.76 1 1
github.com/PointerByte/GoForge/security/middlewares/grpc_jwt.go:93.112,94.37 1 0
github.com/PointerByte/GoForge/security/middlewares/grpc_jwt.go:94.37,95.21 1 0
github.com/PointerByte/GoForge/security/middlewares/grpc_jwt.go:95.21,97.4 1 0
github.com/PointerByte/GoForge/security/middlewares/grpc_jwt.go:103.73,104.37 1 1
github.com/PointerByte/GoForge/security/middlewares/grpc_jwt.go:104.37,106.3 1 1
github.com/PointerByte/GoForge/security/middlewares/grpc_jwt.go:111.68,112.37 1 2
github.com/PointerByte/GoForge/security/middlewares/grpc_jwt.go:112.37,114.3 1 2
github.com/PointerByte/GoForge/security/middlewares/grpc_jwt.go:117.64,123.33 2 3
github.com/PointerByte/GoForge/security/middlewares/grpc_jwt.go:123.33,124.20 1 3
github.com/PointerByte/GoForge/security/middlewares/grpc_jwt.go:124.20,125.12 1 0
github.com/PointerByte/GoForge/security/middlewares/grpc_jwt.go:127.3,127.17 1 3
github.com/PointerByte/GoForge/security/middlewares/grpc_jwt.go:129.2,129.15 1 3
github.com/PointerByte/GoForge/security/middlewares/grpc_jwt.go:132.89,134.16 2 3
github.com/PointerByte/GoForge/security/middlewares/grpc_jwt.go:134.16,136.3 1 0
github.com/PointerByte/GoForge/security/middlewares/grpc_jwt.go:137.2,137.20 1 3
github.com/PointerByte/GoForge/security/middlewares/grpc_jwt.go:137.20,139.3 1 0
github.com/PointerByte/GoForge/security/middlewares/grpc_jwt.go:141.2,142.16 2 3
github.com/PointerByte/GoForge/security/middlewares/grpc_jwt.go:142.16,144.3 1 1
github.com/PointerByte/GoForge/security/middlewares/grpc_jwt.go:146.2,150.33 4 2
github.com/PointerByte/GoForge/security/middlewares/grpc_jwt.go:150.33,153.3 2 2
github.com/PointerByte/GoForge/security/middlewares/grpc_jwt.go:155.2,156.16 2 2
github.com/PointerByte/GoForge/security/middlewares/grpc_jwt.go:156.16,158.3 1 0
github.com/PointerByte/GoForge/security/middlewares/grpc_jwt.go:160.2,162.17 3 2
github.com/PointerByte/GoForge/security/middlewares/grpc_jwt.go:165.76,166.24 1 3
github.com/PointerByte/GoForge/security/middlewares/grpc_jwt.go:166.24,168.3 1 3
github.com/PointerByte/GoForge/security/middlewares/grpc_jwt.go:169.2,169.42 1 3
github.com/PointerByte/GoForge/security/middlewares/grpc_jwt.go:172.111,174.9 2 3
github.com/PointerByte/GoForge/security/middlewares/grpc_jwt.go:174.9,176.3 1 1
github.com/PointerByte/GoForge/security/middlewares/grpc_jwt.go:178.2,179.22 2 2
github.com/PointerByte/GoForge/security/middlewares/grpc_jwt.go:179.22,181.3 1 0
github.com/PointerByte/GoForge/security/middlewares/grpc_jwt.go:182.2,182.52 1 2
github.com/PointerByte/GoForge/security/middlewares/grpc_jwt.go:185.36,187.2 1 1
github.com/PointerByte/GoForge/security/middlewares/grpc_jwt.go:194.58,196.2 1 1
github.com/PointerByte/GoForge/security/middlewares/headers.go:22.40,23.30 1 1
github.com/PointerByte/GoForge/security/middlewares/headers.go:23.30,32.3 8 1
github.com/PointerByte/GoForge/security/middlewares/jwt.go:25.42,27.2 1 16
github.com/PointerByte/GoForge/security/middlewares/jwt.go:64.65,65.63 1 6
github.com/PointerByte/GoForge/security/middlewares/jwt.go:65.63,66.33 1 1
github.com/PointerByte/GoForge/security/middlewares/jwt.go:66.33,68.4 1 1
github.com/PointerByte/GoForge/security/middlewares/jwt.go:71.2,76.56 1 5
github.com/PointerByte/GoForge/security/middlewares/jwt.go:76.56,80.4 1 2
github.com/PointerByte/GoForge/security/middlewares/jwt.go:83.2,83.33 1 5
github.com/PointerByte/GoForge/security/middlewares/jwt.go:83.33,84.20 1 4
github.com/PointerByte/GoForge/security/middlewares/jwt.go:84.20,85.12 1 0
github.com/PointerByte/GoForge/security/middlewares/jwt.go:87.3,87.18 1 4
github.com/PointerByte/GoForge/security/middlewares/jwt.go:90.2,91.20 2 5
github.com/PointerByte/GoForge/security/middlewares/jwt.go:91.20,94.17 3 5
github.com/PointerByte/GoForge/security/middlewares/jwt.go:94.17,95.32 1 1
github.com/PointerByte/GoForge/security/middlewares/jwt.go:95.32,97.5 1 1
github.com/PointerByte/GoForge/security/middlewares/jwt.go:101.2,101.30 1 4
github.com/PointerByte/GoForge/security/middlewares/jwt.go:101.30,102.21 1 4
github.com/PointerByte/GoForge/security/middlewares/jwt.go:102.21,105.4 2 0
github.com/PointerByte/GoForge/security/middlewares/jwt.go:107.3,108.17 2 4
github.com/PointerByte/GoForge/security/middlewares/jwt.go:108.17,111.4 2 1
github.com/PointerByte/GoForge/security/middlewares/jwt.go:113.3,117.34 4 3
github.com/PointerByte/GoForge/security/middlewares/jwt.go:117.34,120.4 2 1
github.com/PointerByte/GoForge/security/middlewares/jwt.go:122.3,123.17 2 3
github.com/PointerByte/GoForge/security/middlewares/jwt.go:123.17,126.4 2 1
github.com/PointerByte/GoForge/security/middlewares/jwt.go:128.3,130.11 3 2
github.com/PointerByte/GoForge/security/middlewares/jwt.go:136.70,137.43 1 2
github.com/PointerByte/GoForge/security/middlewares/jwt.go:137.43,138.21 1 2
github.com/PointerByte/GoForge/security/middlewares/jwt.go:138.21,140.4 1 1
github.com/PointerByte/GoForge/security/middlewares/jwt.go:146.75,147.43 1 1
github.com/PointerByte/GoForge/security/middlewares/jwt.go:147.43,149.3 1 1
github.com/PointerByte/GoForge/security/middlewares/jwt.go:154.70,155.43 1 2
github.com/PointerByte/GoForge/security/middlewares/jwt.go:155.43,157.3 1 2
github.com/PointerByte/GoForge/security/middlewares/jwt.go:162.94,163.43 1 2
github.com/PointerByte/GoForge/security/middlewares/jwt.go:163.43,164.36 1 2
github.com/PointerByte/GoForge/security/middlewares/jwt.go:164.36,166.4 1 1
github.com/PointerByte/GoForge/security/middlewares/jwt.go:167.3,167.37 1 2
github.com/PointerByte/GoForge/security/middlewares/jwt.go:167.37,169.4 1 1
github.com/PointerByte/GoForge/security/middlewares/jwt.go:175.88,176.43 1 2
github.com/PointerByte/GoForge/security/middlewares/jwt.go:176.43,177.21 1 2
github.com/PointerByte/GoForge/security/middlewares/jwt.go:177.21,179.4 1 1
github.com/PointerByte/GoForge/security/middlewares/jwt.go:183.82,184.23 1 10
github.com/PointerByte/GoForge/security/middlewares/jwt.go:184.23,186.3 1 2
github.com/PointerByte/GoForge/security/middlewares/jwt.go:188.2,188.51 1 8
github.com/PointerByte/GoForge/security/middlewares/jwt.go:188.51,190.3 1 1
github.com/PointerByte/GoForge/security/middlewares/jwt.go:192.2,193.17 2 7
github.com/PointerByte/GoForge/security/middlewares/jwt.go:193.17,195.3 1 1
github.com/PointerByte/GoForge/security/middlewares/jwt.go:196.2,196.19 1 6
github.com/PointerByte/GoForge/security/middlewares/jwt.go:199.92,201.2 1 8
github.com/PointerByte/GoForge/security/middlewares/jwt.go:203.76,204.22 1 8
github.com/PointerByte/GoForge/security/middlewares/jwt.go:204.22,206.3 1 6
github.com/PointerByte/GoForge/security/middlewares/jwt.go:207.2,207.19 1 2
github.com/PointerByte/GoForge/security/main.go:90.47,92.3 1 0
github.com/PointerByte/GoForge/security/main.go:96.13,97.33 1 1
github.com/PointerByte/GoForge/security/main.go:97.33,99.3 1 1
github.com/PointerByte/GoForge/security/main.go:102.21,105.50 2 3
github.com/PointerByte/GoForge/security/main.go:105.50,107.3 1 0
github.com/PointerByte/GoForge/security/main.go:109.2,109.47 1 3
github.com/PointerByte/GoForge/security/main.go:109.47,111.3 1 0
github.com/PointerByte/GoForge/security/main.go:113.2,114.44 2 3
github.com/PointerByte/GoForge/security/main.go:114.44,116.3 1 2
github.com/PointerByte/GoForge/security/main.go:117.2,117.12 1 1
github.com/PointerByte/GoForge/security/main.go:120.38,121.42 1 10
github.com/PointerByte/GoForge/security/main.go:121.42,123.3 1 8
github.com/PointerByte/GoForge/security/main.go:124.2,125.12 2 2
github.com/PointerByte/GoForge/security/main.go:128.35,129.93 1 11
github.com/PointerByte/GoForge/security/main.go:129.93,131.3 1 8
github.com/PointerByte/GoForge/security/main.go:133.2,134.16 2 3
github.com/PointerByte/GoForge/security/main.go:134.16,136.3 1 0
github.com/PointerByte/GoForge/security/main.go:138.2,139.16 2 3
github.com/PointerByte/GoForge/security/main.go:139.16,141.3 1 0
github.com/PointerByte/GoForge/security/main.go:143.2,144.16 2 3
github.com/PointerByte/GoForge/security/main.go:144.16,146.3 1 0
github.com/PointerByte/GoForge/security/main.go:148.2,150.12 3 3
github.com/PointerByte/GoForge/security/main.go:153.67,155.2 1 11
github.com/PointerByte/GoForge/security/main.go:157.49,159.17 2 19
github.com/PointerByte/GoForge/security/main.go:159.17,161.3 1 2
github.com/PointerByte/GoForge/security/main.go:162.2,162.55 1 17
github.com/PointerByte/GoForge/security/main.go:162.55,165.3 2 1
github.com/PointerByte/GoForge/security/main.go:166.2,166.13 1 16
github.com/PointerByte/GoForge/security/main.go:169.23,172.2 2 19
github.com/PointerByte/GoForge/security/main.go:174.30,185.2 8 9
github.com/PointerByte/GoForge/security/main.go:187.55,194.47 4 27
github.com/PointerByte/GoForge/security/main.go:194.47,194.74 1 5
github.com/PointerByte/GoForge/security/main.go:197.2,197.33 1 27
github.com/PointerByte/GoForge/security/main.go:197.33,199.3 1 9
github.com/PointerByte/GoForge/security/main.go:201.2,204.52 4 27
github.com/PointerByte/GoForge/security/main.go:207.100,209.44 2 27
github.com/PointerByte/GoForge/security/main.go:209.44,211.3 1 9
github.com/PointerByte/GoForge/security/main.go:212.2,212.47 1 18
github.com/PointerByte/GoForge/security/main.go:212.47,214.17 2 9
github.com/PointerByte/GoForge/security/main.go:214.17,215.69 1 0
github.com/PointerByte/GoForge/security/main.go:218.3,220.17 3 9
github.com/PointerByte/GoForge/security/main.go:220.17,221.80 1 0
github.com/PointerByte/GoForge/security/main.go:223.3,223.60 1 9
github.com/PointerByte/GoForge/security/main.go:225.2,225.72 1 9
github.com/PointerByte/GoForge/security/main.go:228.141,231.16 3 18
github.com/PointerByte/GoForge/security/main.go:231.16,232.68 1 0
github.com/PointerByte/GoForge/security/main.go:234.2,234.34 1 18
github.com/PointerByte/GoForge/security/main.go:237.88,241.22 2 18
github.com/PointerByte/GoForge/security/main.go:241.22,243.3 1 9
github.com/PointerByte/GoForge/security/main.go:244.2,244.35 1 18
github.com/PointerByte/GoForge/security/main.go:247.78,248.34 1 2
github.com/PointerByte/GoForge/security/main.go:248.34,250.3 1 0
github.com/PointerByte/GoForge/security/main.go:251.2,252.51 2 2
github.com/PointerByte/GoForge/security/main.go:252.51,254.3 1 0
github.com/PointerByte/GoForge/security/main.go:255.2,255.26 1 2
github.com/PointerByte/GoForge/security/main.go:258.88,260.16 2 1
github.com/PointerByte/GoForge/security/main.go:260.16,262.3 1 0
github.com/PointerByte/GoForge/security/main.go:263.2,263.47 1 1
github.com/PointerByte/GoForge/security/main.go:263.47,265.3 1 0
github.com/PointerByte/GoForge/security/main.go:266.2,266.12 1 1
github.com/PointerByte/GoForge/security/main.go:269.56,270.30 1 37
github.com/PointerByte/GoForge/security/main.go:270.30,272.24 2 5
github.com/PointerByte/GoForge/security/main.go:272.24,274.4 1 4
github.com/PointerByte/GoForge/security/main.go:275.3,275.34 1 5
github.com/PointerByte/GoForge/security/main.go:279.67,280.30 1 29
github.com/PointerByte/GoForge/security/main.go:280.30,282.52 2 7
github.com/PointerByte/GoForge/security/main.go:282.52,287.4 2 1
github.com/PointerByte/GoForge/security/main.go:289.3,290.17 2 6
github.com/PointerByte/GoForge/security/main.go:290.17,295.4 2 1
github.com/PointerByte/GoForge/security/main.go:296.3,298.5 1 5
github.com/PointerByte/GoForge/security/main.go:302.52,303.30 1 28
github.com/PointerByte/GoForge/security/main.go:303.30,305.10 2 4
github.com/PointerByte/GoForge/security/main.go:305.10,307.4 1 1
github.com/PointerByte/GoForge/security/main.go:308.3,312.5 1 3
github.com/PointerByte/GoForge/security/main.go:316.55,317.30 1 28
github.com/PointerByte/GoForge/security/main.go:317.30,319.10 2 2
github.com/PointerByte/GoForge/security/main.go:319.10,321.4 1 0
github.com/PointerByte/GoForge/security/main.go:323.3,323.29 1 2
github.com/PointerByte/GoForge/security/main.go:323.29,328.4 2 1
github.com/PointerByte/GoForge/security/main.go:329.3,332.5 1 1
github.com/PointerByte/GoForge/security/main.go:336.63,339.9 3 6
github.com/PointerByte/GoForge/security/main.go:339.9,344.3 2 1
github.com/PointerByte/GoForge/security/main.go:345.2,345.21 1 5
github.com/PointerByte/GoForge/security/main.go:348.79,350.62 2 7
github.com/PointerByte/GoForge/security/main.go:350.62,352.3 1 1
github.com/PointerByte/GoForge/security/main.go:355.2,355.37 1 6
github.com/PointerByte/GoForge/security/main.go:355.37,357.3 1 2
github.com/PointerByte/GoForge/security/main.go:358.2,358.12 1 4
github.com/PointerByte/GoForge/security/auth/jwt/jwt.go:63.56,64.49 1 5
github.com/PointerByte/GoForge/security/auth/jwt/jwt.go:65.40,67.49 2 4
github.com/PointerByte/GoForge/security/auth/jwt/jwt.go:68.10,69.54 1 1
github.com/PointerByte/GoForge/security/auth/jwt/jwt.go:71.2,71.12 1 4
github.com/PointerByte/GoForge/security/auth/jwt/jwt.go:178.47,180.33 2 32
github.com/PointerByte/GoForge/security/auth/jwt/jwt.go:180.33,181.20 1 37
github.com/PointerByte/GoForge/security/auth/jwt/jwt.go:181.20,182.12 1 0
github.com/PointerByte/GoForge/security/auth/jwt/jwt.go:184.3,184.41 1 37
github.com/PointerByte/GoForge/security/auth/jwt/jwt.go:184.41,186.4 1 12
github.com/PointerByte/GoForge/security/auth/jwt/jwt.go:188.2,188.29 1 20
github.com/PointerByte/GoForge/security/auth/jwt/jwt.go:188.29,190.3 1 1
github.com/PointerByte/GoForge/security/auth/jwt/jwt.go:191.2,191.21 1 19
github.com/PointerByte/GoForge/security/auth/jwt/jwt.go:200.67,202.21 2 5
github.com/PointerByte/GoForge/security/auth/jwt/jwt.go:202.21,204.3 1 0
github.com/PointerByte/GoForge/security/auth/jwt/jwt.go:205.2,205.19 1 5
github.com/PointerByte/GoForge/security/auth/jwt/jwt.go:206.15,207.35 1 1
github.com/PointerByte/GoForge/security/auth/jwt/jwt.go:208.15,209.34 1 1
github.com/PointerByte/GoForge/security/auth/jwt/jwt.go:210.15,211.37 1 1
github.com/PointerByte/GoForge/security/auth/jwt/jwt.go:212.15,213.38 1 1
github.com/PointerByte/GoForge/security/auth/jwt/jwt.go:214.10,215.65 1 1
github.com/PointerByte/GoForge/security/auth/jwt/jwt.go:220.63,222.16 2 1
github.com/PointerByte/GoForge/security/auth/jwt/jwt.go:222.16,224.3 1 0
github.com/PointerByte/GoForge/security/auth/jwt/jwt.go:225.2,226.16 2 1
github.com/PointerByte/GoForge/security/auth/jwt/jwt.go:226.16,228.3 1 0
github.com/PointerByte/GoForge/security/auth/jwt/jwt.go:229.2,230.22 2 1
github.com/PointerByte/GoForge/security/auth/jwt/jwt.go:230.22,232.3 1 0
github.com/PointerByte/GoForge/security/auth/jwt/jwt.go:233.2,233.24 1 1
github.com/PointerByte/GoForge/security/auth/jwt/jwt.go:237.64,239.16 2 1
github.com/PointerByte/GoForge/security/auth/jwt/jwt.go:239.16,241.3 1 0
github.com/PointerByte/GoForge/security/auth/jwt/jwt.go:242.2,243.16 2 1
github.com/PointerByte/GoForge/security/auth/jwt/jwt.go:243.16,245.3 1 0
github.com/PointerByte/GoForge/security/auth/jwt/jwt.go:246.2,247.22 2 1
github.com/PointerByte/GoForge/security/auth/jwt/jwt.go:247.22,249.3 1 0
github.com/PointerByte/GoForge/security/auth/jwt/jwt.go:250.2,250.24 1 1
github.com/PointerByte/GoForge/security/auth/jwt/jwt.go:255.61,258.22 3 3
github.com/PointerByte/GoForge/security/auth/jwt/jwt.go:258.22,260.3 1 2
github.com/PointerByte/GoForge/security/auth/jwt/jwt.go:261.2,261.24 1 3
github.com/PointerByte/GoForge/security/auth/jwt/jwt.go:268.60,270.16 2 4
github.com/PointerByte/GoForge/security/auth/jwt/jwt.go:270.16,272.3 1 1
github.com/PointerByte/GoForge/security/auth/jwt/jwt.go:273.2,274.16 2 3
github.com/PointerByte/GoForge/security/auth/jwt/jwt.go:274.16,276.3 1 0
github.com/PointerByte/GoForge/security/auth/jwt/jwt.go:277.2,278.22 2 3
github.com/PointerByte/GoForge/security/auth/jwt/jwt.go:278.22,280.3 1 1
github.com/PointerByte/GoForge/security/auth/jwt/jwt.go:281.2,281.24 1 3
github.com/PointerByte/GoForge/security/auth/jwt/jwt.go:285.44,287.2 1 11
github.com/PointerByte/GoForge/security/auth/jwt/jwt.go:291.82,297.2 1 4
github.com/PointerByte/GoForge/security/auth/jwt/jwt.go:300.85,306.2 1 2
github.com/PointerByte/GoForge/security/auth/jwt/jwt.go:309.86,315.2 1 2
github.com/PointerByte/GoForge/security/auth/jwt/jwt.go:319.94,321.21 2 4
github.com/PointerByte/GoForge/security/auth/jwt/jwt.go:321.21,323.3 1 1
github.com/PointerByte/GoForge/security/auth/jwt/jwt.go:324.2,324.17 1 3
github.com/PointerByte/GoForge/security/auth/jwt/jwt.go:324.17,326.3 1 1
github.com/PointerByte/GoForge/security/auth/jwt/jwt.go:327.2,327.19 1 2
github.com/PointerByte/GoForge/security/auth/jwt/jwt.go:327.19,329.3 1 1
github.com/PointerByte/GoForge/security/auth/jwt/jwt.go:330.2,334.8 1 1
github.com/PointerByte/GoForge/security/auth/jwt/jwt.go:338.43,339.38 1 13
github.com/PointerByte/GoForge/security/auth/jwt/jwt.go:339.38,340.19 1 12
github.com/PointerByte/GoForge/security/auth/jwt/jwt.go:340.19,342.4 1 2
github.com/PointerByte/GoForge/security/auth/jwt/jwt.go:344.3,345.13 2 10
github.com/PointerByte/GoForge/security/auth/jwt/jwt.go:350.81,351.38 1 6
github.com/PointerByte/GoForge/security/auth/jwt/jwt.go:351.38,352.24 1 6
github.com/PointerByte/GoForge/security/auth/jwt/jwt.go:352.24,354.4 1 1
github.com/PointerByte/GoForge/security/auth/jwt/jwt.go:355.3,355.23 1 5
github.com/PointerByte/GoForge/security/auth/jwt/jwt.go:355.23,357.4 1 1
github.com/PointerByte/GoForge/security/auth/jwt/jwt.go:359.3,360.13 2 4
github.com/PointerByte/GoForge/security/auth/jwt/jwt.go:365.84,366.38 1 4
github.com/PointerByte/GoForge/security/auth/jwt/jwt.go:366.38,367.24 1 4
github.com/PointerByte/GoForge/security/auth/jwt/jwt.go:367.24,369.4 1 1
github.com/PointerByte/GoForge/security/auth/jwt/jwt.go:370.3,370.23 1 3
github.com/PointerByte/GoForge/security/auth/jwt/jwt.go:370.23,372.4 1 1
github.com/PointerByte/GoForge/security/auth/jwt/jwt.go:374.3,375.13 2 2
github.com/PointerByte/GoForge/security/auth/jwt/jwt.go:380.85,381.38 1 3
github.com/PointerByte/GoForge/security/auth/jwt/jwt.go:381.38,382.27 1 3
github.com/PointerByte/GoForge/security/auth/jwt/jwt.go:382.27,384.4 1 1
github.com/PointerByte/GoForge/security/auth/jwt/jwt.go:385.3,385.26 1 2
github.com/PointerByte/GoForge/security/auth/jwt/jwt.go:385.26,387.4 1 0
github.com/PointerByte/GoForge/security/auth/jwt/jwt.go:389.3,390.13 2 2
github.com/PointerByte/GoForge/security/auth/jwt/jwt.go:396.84,397.38 1 4
github.com/PointerByte/GoForge/security/auth/jwt/jwt.go:397.38,399.17 2 4
github.com/PointerByte/GoForge/security/auth/jwt/jwt.go:399.17,401.4 1 3
github.com/PointerByte/GoForge/security/auth/jwt/jwt.go:402.3,403.13 2 1
github.com/PointerByte/GoForge/security/auth/jwt/jwt.go:408.45,409.38 1 1
github.com/PointerByte/GoForge/security/auth/jwt/jwt.go:409.38,410.22 1 1
github.com/PointerByte/GoForge/security/auth/jwt/jwt.go:410.22,412.4 1 1
github.com/PointerByte/GoForge/security/auth/jwt/jwt.go:413.3,414.13 2 0
github.com/PointerByte/GoForge/security/auth/jwt/jwt.go:420.48,421.38 1 6
github.com/PointerByte/GoForge/security/auth/jwt/jwt.go:421.38,422.23 1 6
github.com/PointerByte/GoForge/security/auth/jwt/jwt.go:422.23,424.4 1 1
github.com/PointerByte/GoForge/security/auth/jwt/jwt.go:425.3,426.13 2 5
github.com/PointerByte/GoForge/security/auth/jwt/jwt.go:432.55,433.38 1 1
github.com/PointerByte/GoForge/security/auth/jwt/jwt.go:433.38,434.19 1 1
github.com/PointerByte/GoForge/security/auth/jwt/jwt.go:434.19,438.4 3 0
github.com/PointerByte/GoForge/security/auth/jwt/jwt.go:439.3,441.13 3 1
github.com/PointerByte/GoForge/security/auth/jwt/jwt.go:447.60,449.2 1 19
github.com/PointerByte/GoForge/security/auth/jwt/jwt.go:452.92,453.47 1 20
github.com/PointerByte/GoForge/security/auth/jwt/jwt.go:453.47,455.3 1 1
github.com/PointerByte/GoForge/security/auth/jwt/jwt.go:456.2,463.16 4 19
github.com/PointerByte/GoForge/security/auth/jwt/jwt.go:463.16,465.3 1 0
github.com/PointerByte/GoForge/security/auth/jwt/jwt.go:467.2,468.16 2 19
github.com/PointerByte/GoForge/security/auth/jwt/jwt.go:468.16,470.3 1 1
github.com/PointerByte/GoForge/security/auth/jwt/jwt.go:472.2,477.16 5 18
github.com/PointerByte/GoForge/security/auth/jwt/jwt.go:477.16,479.3 1 1
github.com/PointerByte/GoForge/security/auth/jwt/jwt.go:480.2,480.59 1 17
github.com/PointerByte/GoForge/security/auth/jwt/jwt.go:485.63,487.2 1 18
github.com/PointerByte/GoForge/security/auth/jwt/jwt.go:491.95,496.2 4 18
github.com/PointerByte/GoForge/security/auth/jwt/jwt.go:500.67,502.2 1 2
github.com/PointerByte/GoForge/security/auth/jwt/jwt.go:506.99,509.2 2 3
github.com/PointerByte/GoForge/security/auth/jwt/jwt.go:513.125,514.24 1 15
github.com/PointerByte/GoForge/security/auth/jwt/jwt.go:514.24,516.3 1 1
github.com/PointerByte/GoForge/security/auth/jwt/jwt.go:517.2,521.16 4 14
github.com/PointerByte/GoForge/security/auth/jwt/jwt.go:521.16,523.3 1 2
github.com/PointerByte/GoForge/security/auth/jwt/jwt.go:525.2,525.72 1 12
github.com/PointerByte/GoForge/security/auth/jwt/jwt.go:525.72,527.3 1 1
github.com/PointerByte/GoForge/security/auth/jwt/jwt.go:529.2,530.42 2 11
github.com/PointerByte/GoForge/security/auth/jwt/jwt.go:530.42,531.23 1 6
github.com/PointerByte/GoForge/security/auth/jwt/jwt.go:531.23,533.4 1 1
github.com/PointerByte/GoForge/security/auth/jwt/jwt.go:534.3,534.54 1 5
github.com/PointerByte/GoForge/security/auth/jwt/jwt.go:534.54,536.4 1 1
github.com/PointerByte/GoForge/security/auth/jwt/jwt.go:538.2,538.25 1 9
github.com/PointerByte/GoForge/security/auth/jwt/jwt.go:541.93,542.47 1 32
github.com/PointerByte/GoForge/security/auth/jwt/jwt.go:542.47,544.3 1 1
github.com/PointerByte/GoForge/security/auth/jwt/jwt.go:546.2,547.21 2 31
github.com/PointerByte/GoForge/security/auth/jwt/jwt.go:547.21,549.3 1 1
github.com/PointerByte/GoForge/security/auth/jwt/jwt.go:551.2,552.16 2 30
github.com/PointerByte/GoForge/security/auth/jwt/jwt.go:552.16,554.3 1 1
github.com/PointerByte/GoForge/security/auth/jwt/jwt.go:556.2,557.61 2 29
github.com/PointerByte/GoForge/security/auth/jwt/jwt.go:557.61,559.3 1 1
github.com/PointerByte/GoForge/security/auth/jwt/jwt.go:561.2,561.54 1 28
github.com/PointerByte/GoForge/security/auth/jwt/jwt.go:561.54,563.3 1 1
github.com/PointerByte/GoForge/security/auth/jwt/jwt.go:565.2,566.16 2 27
github.com/PointerByte/GoForge/security/auth/jwt/jwt.go:566.16,568.3 1 1
github.com/PointerByte/GoForge/security/auth/jwt/jwt.go:570.2,571.16 2 26
github.com/PointerByte/GoForge/security/auth/jwt/jwt.go:571.16,573.3 1 1
github.com/PointerByte/GoForge/security/auth/jwt/jwt.go:575.2,576.92 2 25
github.com/PointerByte/GoForge/security/auth/jwt/jwt.go:576.92,578.3 1 4
github.com/PointerByte/GoForge/security/auth/jwt/jwt.go:579.2,584.8 1 21
github.com/PointerByte/GoForge/security/auth/jwt/jwt.go:587.95,588.16 1 51
github.com/PointerByte/GoForge/security/auth/jwt/jwt.go:588.16,590.3 1 0
github.com/PointerByte/GoForge/security/auth/jwt/jwt.go:591.2,591.49 1 51
github.com/PointerByte/GoForge/security/auth/jwt/jwt.go:591.49,592.22 1 48
github.com/PointerByte/GoForge/security/auth/jwt/jwt.go:592.23,592.24 0 48
github.com/PointerByte/GoForge/security/auth/jwt/jwt.go:594.2,594.57 1 3
github.com/PointerByte/GoForge/security/auth/jwt/jwt.go:597.96,598.56 1 18
github.com/PointerByte/GoForge/security/auth/jwt/jwt.go:598.56,600.3 1 18
github.com/PointerByte/GoForge/security/auth/jwt/jwt.go:601.2,601.60 1 0
github.com/PointerByte/GoForge/security/auth/jwt/jwt.go:601.60,603.3 1 0
github.com/PointerByte/GoForge/security/auth/jwt/jwt.go:606.106,607.56 1 25
github.com/PointerByte/GoForge/security/auth/jwt/jwt.go:607.56,609.3 1 25
github.com/PointerByte/GoForge/security/auth/jwt/jwt.go:610.2,610.65 1 0
github.com/PointerByte/GoForge/security/auth/jwt/jwt.go:610.65,612.3 1 0
github.com/PointerByte/GoForge/security/auth/jwt/jwt.go:613.2,613.12 1 0
github.com/PointerByte/GoForge/security/auth/jwt/jwt.go:623.90,625.16 2 0
github.com/PointerByte/GoForge/security/auth/jwt/jwt.go:625.16,627.3 1 0
github.com/PointerByte/GoForge/security/auth/jwt/jwt.go:628.2,628.34 1 0
github.com/PointerByte/GoForge/security/auth/jwt/jwt.go:628.34,630.3 1 0
github.com/PointerByte/GoForge/security/auth/jwt/jwt.go:632.2,633.12 2 0
github.com/PointerByte/GoForge/security/auth/jwt/jwt.go:633.12,636.3 2 0
github.com/PointerByte/GoForge/security/auth/jwt/jwt.go:638.2,638.9 1 0
github.com/PointerByte/GoForge/security/auth/jwt/jwt.go:639.20,640.25 1 0
github.com/PointerByte/GoForge/security/auth/jwt/jwt.go:641.24,642.34 1 0
github.com/PointerByte/GoForge/security/auth/jwt/jwt.go:646.56,648.2 1 26
github.com/PointerByte/GoForge/security/auth/jwt/jwt.go:650.79,652.2 1 1
github.com/PointerByte/GoForge/security/auth/jwt/jwt.go:654.107,655.16 1 22
github.com/PointerByte/GoForge/security/auth/jwt/jwt.go:655.16,657.3 1 0
github.com/PointerByte/GoForge/security/auth/jwt/jwt.go:658.2,658.34 1 22
github.com/PointerByte/GoForge/security/auth/jwt/jwt.go:658.34,660.3 1 3
github.com/PointerByte/GoForge/security/auth/jwt/jwt.go:661.2,661.31 1 19
github.com/PointerByte/GoForge/security/auth/jwt/jwt.go:661.31,663.3 1 1
github.com/PointerByte/GoForge/security/auth/jwt/jwt.go:665.2,666.51 2 18
github.com/PointerByte/GoForge/security/auth/jwt/jwt.go:666.51,668.3 1 0
github.com/PointerByte/GoForge/security/auth/jwt/jwt.go:669.2,669.26 1 18
github.com/PointerByte/GoForge/security/auth/jwt/jwt.go:672.89,674.2 1 0
github.com/PointerByte/GoForge/security/auth/jwt/jwt.go:676.117,678.16 2 12
github.com/PointerByte/GoForge/security/auth/jwt/jwt.go:678.16,680.3 1 2
github.com/PointerByte/GoForge/security/auth/jwt/jwt.go:682.2,682.47 1 10
github.com/PointerByte/GoForge/security/auth/jwt/jwt.go:682.47,684.3 1 1
github.com/PointerByte/GoForge/security/auth/jwt/jwt.go:685.2,685.12 1 9
github.com/PointerByte/GoForge/security/auth/jwt/jwt.go:688.55,690.2 1 9
github.com/PointerByte/GoForge/security/auth/jwt/jwt.go:692.78,694.2 1 1
github.com/PointerByte/GoForge/security/auth/jwt/jwt.go:696.106,697.32 1 5
github.com/PointerByte/GoForge/security/auth/jwt/jwt.go:697.32,699.3 1 1
github.com/PointerByte/GoForge/security/auth/jwt/jwt.go:700.2,701.16 2 4
github.com/PointerByte/GoForge/security/auth/jwt/jwt.go:701.16,703.3 1 0
github.com/PointerByte/GoForge/security/auth/jwt/jwt.go:704.2,704.54 1 4
github.com/PointerByte/GoForge/security/auth/jwt/jwt.go:707.88,709.2 1 1
github.com/PointerByte/GoForge/security/auth/jwt/jwt.go:711.116,712.31 1 6
github.com/PointerByte/GoForge/security/auth/jwt/jwt.go:712.31,714.3 1 1
github.com/PointerByte/GoForge/security/auth/jwt/jwt.go:715.2,715.187 1 5
github.com/PointerByte/GoForge/security/auth/jwt/jwt.go:715.187,717.3 1 0
github.com/PointerByte/GoForge/security/auth/jwt/jwt.go:718.2,718.12 1 5
github.com/PointerByte/GoForge/security/auth/jwt/jwt.go:721.58,723.2 1 5
github.com/PointerByte/GoForge/security/auth/jwt/jwt.go:725.81,727.2 1 1
github.com/PointerByte/GoForge/security/auth/jwt/jwt.go:729.109,730.32 1 3
github.com/PointerByte/GoForge/security/auth/jwt/jwt.go:730.32,732.3 1 1
github.com/PointerByte/GoForge/security/auth/jwt/jwt.go:734.2,735.16 2 2
github.com/PointerByte/GoForge/security/auth/jwt/jwt.go:735.16,737.3 1 0
github.com/PointerByte/GoForge/security/auth/jwt/jwt.go:738.2,738.54 1 2
github.com/PointerByte/GoForge/security/auth/jwt/jwt.go:741.91,743.2 1 1
github.com/PointerByte/GoForge/security/auth/jwt/jwt.go:745.119,746.31 1 4
github.com/PointerByte/GoForge/security/auth/jwt/jwt.go:746.31,748.3 1 1
github.com/PointerByte/GoForge/security/auth/jwt/jwt.go:750.2,750.173 1 3
github.com/PointerByte/GoForge/security/auth/jwt/jwt.go:750.173,752.3 1 0
github.com/PointerByte/GoForge/security/auth/jwt/jwt.go:753.2,753.12 1 3
github.com/PointerByte/GoForge/security/auth/jwt/jwt.go:756.53,758.2 1 5
github.com/PointerByte/GoForge/security/auth/jwt/jwt.go:760.76,762.2 1 1
github.com/PointerByte/GoForge/security/auth/jwt/jwt.go:764.104,765.35 1 3
github.com/PointerByte/GoForge/security/auth/jwt/jwt.go:765.35,767.3 1 1
github.com/PointerByte/GoForge/security/auth/jwt/jwt.go:769.2,770.16 2 2
github.com/PointerByte/GoForge/security/auth/jwt/jwt.go:770.16,772.3 1 0
github.com/PointerByte/GoForge/security/auth/jwt/jwt.go:773.2,773.54 1 2
github.com/PointerByte/GoForge/security/auth/jwt/jwt.go:776.86,778.2 1 1
github.com/PointerByte/GoForge/security/auth/jwt/jwt.go:780.114,781.34 1 4
github.com/PointerByte/GoForge/security/auth/jwt/jwt.go:781.34,783.3 1 1
github.com/PointerByte/GoForge/security/auth/jwt/jwt.go:785.2,785.178 1 3
github.com/PointerByte/GoForge/security/auth/jwt/jwt.go:785.178,787.3 1 0
github.com/PointerByte/GoForge/security/auth/jwt/jwt.go:788.2,788.12 1 3
github.com/PointerByte/GoForge/security/auth/jwt/jwt.go:791.52,793.2 1 3
github.com/PointerByte/GoForge/security/auth/jwt/jwt.go:795.75,797.2 1 0
github.com/PointerByte/GoForge/security/auth/jwt/jwt.go:799.103,800.26 1 1
github.com/PointerByte/GoForge/security/auth/jwt/jwt.go:800.26,802.3 1 0
github.com/PointerByte/GoForge/security/auth/jwt/jwt.go:803.2,803.41 1 1
github.com/PointerByte/GoForge/security/auth/jwt/jwt.go:806.85,808.2 1 0
github.com/PointerByte/GoForge/security/auth/jwt/jwt.go:810.113,811.28 1 2
github.com/PointerByte/GoForge/security/auth/jwt/jwt.go:811.28,813.3 1 0
github.com/PointerByte/GoForge/security/auth/jwt/jwt.go:814.2,814.54 1 2
github.com/PointerByte/GoForge/security/auth/jwt/jwt.go:817.38,818.82 1 0
github.com/PointerByte/GoForge/security/auth/jwt/jwt.go:818.82,820.3 1 0
github.com/PointerByte/GoForge/security/auth/jwt/jwt.go:821.2,821.28 1 0
github.com/PointerByte/GoForge/security/auth/jwt/jwt.go:824.41,826.2 1 68
github.com/PointerByte/GoForge/security/auth/jwt/jwt.go:828.50,830.2 1 85
github.com/PointerByte/GoForge/security/auth/jwt/jwt.go:832.74,834.30 2 5
github.com/PointerByte/GoForge/security/auth/jwt/jwt.go:834.30,836.3 1 1
github.com/PointerByte/GoForge/security/auth/jwt/jwt.go:837.2,837.54 1 4
github.com/PointerByte/GoForge/security/auth/jwt/jwt.go:840.72,842.30 2 4
github.com/PointerByte/GoForge/security/auth/jwt/jwt.go:842.30,844.3 1 1
github.com/PointerByte/GoForge/security/auth/jwt/jwt.go:845.2,845.53 1 3
github.com/PointerByte/GoForge/security/auth/jwt/jwt.go:848.81,850.30 2 1
github.com/PointerByte/GoForge/security/auth/jwt/jwt.go:850.30,852.3 1 0
github.com/PointerByte/GoForge/security/auth/jwt/jwt.go:853.2,853.58 1 1
github.com/PointerByte/GoForge/security/auth/jwt/jwt.go:856.79,858.30 2 1
github.com/PointerByte/GoForge/security/auth/jwt/jwt.go:858.30,860.3 1 0
github.com/PointerByte/GoForge/security/auth/jwt/jwt.go:861.2,861.57 1 1
github.com/PointerByte/GoForge/security/auth/jwt/jwt.go:864.43,866.17 2 11
github.com/PointerByte/GoForge/security/auth/jwt/jwt.go:866.17,868.3 1 0
github.com/PointerByte/GoForge/security/auth/jwt/jwt.go:869.2,870.43 2 11
github.com/PointerByte/GoForge/security/auth/jwt/jwt.go:870.43,872.3 1 2
github.com/PointerByte/GoForge/security/auth/jwt/jwt.go:873.2,873.42 1 9
github.com/PointerByte/GoForge/security/auth/jwt/jwt.go:873.42,875.3 1 0
github.com/PointerByte/GoForge/security/auth/jwt/jwt.go:876.2,876.14 1 9
github.com/PointerByte/GoForge/security/auth/jwt/jwt.go:879.50,880.22 1 8
github.com/PointerByte/GoForge/security/auth/jwt/jwt.go:880.22,883.3 2 4
github.com/PointerByte/GoForge/security/auth/jwt/jwt.go:884.2,884.30 1 4
github.com/PointerByte/GoForge/security/auth/jwt/jwt.go:887.66,889.16 2 6
github.com/PointerByte/GoForge/security/auth/jwt/jwt.go:889.16,890.13 1 0
github.com/PointerByte/GoForge/security/auth/jwt/jwt.go:892.2,892.47 1 6
github.com/PointerByte/GoForge/security/auth/jwt/jwt.go:895.63,897.16 2 8
github.com/PointerByte/GoForge/security/auth/jwt/jwt.go:897.16,898.13 1 0
github.com/PointerByte/GoForge/security/auth/jwt/jwt.go:900.2,900.47 1 8
github.com/PointerByte/GoForge/security/auth/jwt/jwt.go:903.73,905.16 2 2
github.com/PointerByte/GoForge/security/auth/jwt/jwt.go:905.16,906.13 1 0
github.com/PointerByte/GoForge/security/auth/jwt/jwt.go:908.2,908.47 1 2
github.com/PointerByte/GoForge/security/auth/jwt/jwt.go:911.70,913.16 2 3
github.com/PointerByte/GoForge/security/auth/jwt/jwt.go:913.16,914.13 1 0
github.com/PointerByte/GoForge/security/auth/jwt/jwt.go:916.2,916.47 1 3
