mode: atomic
github.com/PointerByte/GoForge/encrypt/repository.go:16.51,24.2 1 1
github.com/PointerByte/GoForge/encrypt/aws-kms/repository.go:35.62,37.3 1 0
github.com/PointerByte/GoForge/encrypt/aws-kms/repository.go:75.51,77.2 1 5
github.com/PointerByte/GoForge/encrypt/aws-kms/repository.go:79.41,81.2 1 4
github.com/PointerByte/GoForge/encrypt/aws-kms/repository.go:83.39,85.2 1 5
github.com/PointerByte/GoForge/encrypt/aws-kms/repository.go:87.53,91.2 1 6
github.com/PointerByte/GoForge/encrypt/aws-kms/repository.go:93.51,97.2 1 6
github.com/PointerByte/GoForge/encrypt/aws-kms/repository.go:99.34,107.2 1 3
github.com/PointerByte/GoForge/encrypt/aws-kms/repository.go:109.149,111.16 2 6
github.com/PointerByte/GoForge/encrypt/aws-kms/repository.go:111.16,113.3 1 1
github.com/PointerByte/GoForge/encrypt/aws-kms/repository.go:115.2,116.16 2 5
github.com/PointerByte/GoForge/encrypt/aws-kms/repository.go:116.16,118.3 1 1
github.com/PointerByte/GoForge/encrypt/aws-kms/repository.go:120.2,126.16 2 4
github.com/PointerByte/GoForge/encrypt/aws-kms/repository.go:126.16,128.3 1 1
github.com/PointerByte/GoForge/encrypt/aws-kms/repository.go:129.2,129.99 1 3
github.com/PointerByte/GoForge/encrypt/aws-kms/repository.go:129.99,131.3 1 1
github.com/PointerByte/GoForge/encrypt/aws-kms/repository.go:133.2,140.8 3 2
github.com/PointerByte/GoForge/encrypt/aws-kms/repository.go:143.121,145.16 2 3
github.com/PointerByte/GoForge/encrypt/aws-kms/repository.go:145.16,147.3 1 1
github.com/PointerByte/GoForge/encrypt/aws-kms/repository.go:149.2,150.16 2 2
github.com/PointerByte/GoForge/encrypt/aws-kms/repository.go:150.16,152.3 1 0
github.com/PointerByte/GoForge/encrypt/aws-kms/repository.go:154.2,155.16 2 2
github.com/PointerByte/GoForge/encrypt/aws-kms/repository.go:155.16,157.3 1 0
github.com/PointerByte/GoForge/encrypt/aws-kms/repository.go:158.2,158.39 1 2
github.com/PointerByte/GoForge/encrypt/aws-kms/repository.go:158.39,160.3 1 0
github.com/PointerByte/GoForge/encrypt/aws-kms/repository.go:161.2,162.71 1 2
github.com/PointerByte/GoForge/encrypt/aws-kms/repository.go:162.71,164.3 1 1
github.com/PointerByte/GoForge/encrypt/aws-kms/repository.go:166.2,166.115 1 1
github.com/PointerByte/GoForge/encrypt/aws-kms/repository.go:166.115,168.3 1 0
github.com/PointerByte/GoForge/encrypt/aws-kms/repository.go:170.2,170.51 1 1
github.com/PointerByte/GoForge/encrypt/aws-kms/repository.go:173.115,175.16 2 2
github.com/PointerByte/GoForge/encrypt/aws-kms/repository.go:175.16,177.3 1 1
github.com/PointerByte/GoForge/encrypt/aws-kms/repository.go:179.2,180.16 2 1
github.com/PointerByte/GoForge/encrypt/aws-kms/repository.go:180.16,182.3 1 0
github.com/PointerByte/GoForge/encrypt/aws-kms/repository.go:184.2,184.51 1 1
github.com/PointerByte/GoForge/encrypt/aws-kms/repository.go:187.110,189.16 2 2
github.com/PointerByte/GoForge/encrypt/aws-kms/repository.go:189.16,191.3 1 1
github.com/PointerByte/GoForge/encrypt/aws-kms/repository.go:193.2,194.16 2 1
github.com/PointerByte/GoForge/encrypt/aws-kms/repository.go:194.16,196.3 1 0
github.com/PointerByte/GoForge/encrypt/aws-kms/repository.go:198.2,198.101 1 1
github.com/PointerByte/GoForge/encrypt/aws-kms/repository.go:198.101,200.3 1 0
github.com/PointerByte/GoForge/encrypt/aws-kms/repository.go:201.2,201.12 1 1
github.com/PointerByte/GoForge/encrypt/aws-kms/repository.go:204.120,205.46 1 3
github.com/PointerByte/GoForge/encrypt/aws-kms/repository.go:205.46,207.3 1 1
github.com/PointerByte/GoForge/encrypt/aws-kms/repository.go:209.2,210.16 2 2
github.com/PointerByte/GoForge/encrypt/aws-kms/repository.go:210.16,212.3 1 0
github.com/PointerByte/GoForge/encrypt/aws-kms/repository.go:214.2,215.16 2 2
github.com/PointerByte/GoForge/encrypt/aws-kms/repository.go:215.16,217.3 1 0
github.com/PointerByte/GoForge/encrypt/aws-kms/repository.go:219.2,223.107 2 2
github.com/PointerByte/GoForge/encrypt/aws-kms/repository.go:223.107,225.3 1 1
github.com/PointerByte/GoForge/encrypt/aws-kms/repository.go:227.2,228.16 2 2
github.com/PointerByte/GoForge/encrypt/aws-kms/repository.go:228.16,230.3 1 1
github.com/PointerByte/GoForge/encrypt/aws-kms/repository.go:231.2,231.70 1 1
github.com/PointerByte/GoForge/encrypt/aws-kms/repository.go:234.120,235.46 1 3
github.com/PointerByte/GoForge/encrypt/aws-kms/repository.go:235.46,237.3 1 0
github.com/PointerByte/GoForge/encrypt/aws-kms/repository.go:239.2,240.16 2 3
github.com/PointerByte/GoForge/encrypt/aws-kms/repository.go:240.16,242.3 1 0
github.com/PointerByte/GoForge/encrypt/aws-kms/repository.go:244.2,245.16 2 3
github.com/PointerByte/GoForge/encrypt/aws-kms/repository.go:245.16,247.3 1 0
github.com/PointerByte/GoForge/encrypt/aws-kms/repository.go:249.2,250.16 2 3
github.com/PointerByte/GoForge/encrypt/aws-kms/repository.go:250.16,252.3 1 1
github.com/PointerByte/GoForge/encrypt/aws-kms/repository.go:254.2,258.107 2 2
github.com/PointerByte/GoForge/encrypt/aws-kms/repository.go:258.107,260.3 1 2
github.com/PointerByte/GoForge/encrypt/aws-kms/repository.go:262.2,263.16 2 2
github.com/PointerByte/GoForge/encrypt/aws-kms/repository.go:263.16,265.3 1 1
github.com/PointerByte/GoForge/encrypt/aws-kms/repository.go:266.2,266.38 1 1
github.com/PointerByte/GoForge/encrypt/aws-kms/repository.go:269.95,270.45 1 2
github.com/PointerByte/GoForge/encrypt/aws-kms/repository.go:270.45,272.3 1 0
github.com/PointerByte/GoForge/encrypt/aws-kms/repository.go:274.2,275.16 2 2
github.com/PointerByte/GoForge/encrypt/aws-kms/repository.go:275.16,277.3 1 0
github.com/PointerByte/GoForge/encrypt/aws-kms/repository.go:279.2,280.16 2 2
github.com/PointerByte/GoForge/encrypt/aws-kms/repository.go:280.16,282.3 1 0
github.com/PointerByte/GoForge/encrypt/aws-kms/repository.go:284.2,289.16 2 2
github.com/PointerByte/GoForge/encrypt/aws-kms/repository.go:289.16,291.3 1 1
github.com/PointerByte/GoForge/encrypt/aws-kms/repository.go:292.2,292.54 1 1
github.com/PointerByte/GoForge/encrypt/aws-kms/repository.go:295.89,297.2 1 1
github.com/PointerByte/GoForge/encrypt/aws-kms/repository.go:299.86,301.2 1 1
github.com/PointerByte/GoForge/encrypt/aws-kms/repository.go:303.151,305.16 2 3
github.com/PointerByte/GoForge/encrypt/aws-kms/repository.go:305.16,307.3 1 1
github.com/PointerByte/GoForge/encrypt/aws-kms/repository.go:309.2,310.16 2 2
github.com/PointerByte/GoForge/encrypt/aws-kms/repository.go:310.16,312.3 1 1
github.com/PointerByte/GoForge/encrypt/aws-kms/repository.go:314.2,320.16 2 1
github.com/PointerByte/GoForge/encrypt/aws-kms/repository.go:320.16,322.3 1 0
github.com/PointerByte/GoForge/encrypt/aws-kms/repository.go:323.2,323.99 1 1
github.com/PointerByte/GoForge/encrypt/aws-kms/repository.go:323.99,325.3 1 0
github.com/PointerByte/GoForge/encrypt/aws-kms/repository.go:327.2,328.16 2 1
github.com/PointerByte/GoForge/encrypt/aws-kms/repository.go:328.16,330.3 1 0
github.com/PointerByte/GoForge/encrypt/aws-kms/repository.go:332.2,337.8 1 1
github.com/PointerByte/GoForge/encrypt/aws-kms/repository.go:340.122,341.83 1 4
github.com/PointerByte/GoForge/encrypt/aws-kms/repository.go:341.83,343.3 1 1
github.com/PointerByte/GoForge/encrypt/aws-kms/repository.go:345.2,346.16 2 3
github.com/PointerByte/GoForge/encrypt/aws-kms/repository.go:346.16,348.3 1 1
github.com/PointerByte/GoForge/encrypt/aws-kms/repository.go:350.2,351.16 2 2
github.com/PointerByte/GoForge/encrypt/aws-kms/repository.go:351.16,353.3 1 0
github.com/PointerByte/GoForge/encrypt/aws-kms/repository.go:355.2,356.16 2 2
github.com/PointerByte/GoForge/encrypt/aws-kms/repository.go:356.16,358.3 1 1
github.com/PointerByte/GoForge/encrypt/aws-kms/repository.go:360.2,364.4 1 1
github.com/PointerByte/GoForge/encrypt/aws-kms/repository.go:367.122,368.85 1 5
github.com/PointerByte/GoForge/encrypt/aws-kms/repository.go:368.85,370.3 1 1
github.com/PointerByte/GoForge/encrypt/aws-kms/repository.go:372.2,373.16 2 4
github.com/PointerByte/GoForge/encrypt/aws-kms/repository.go:373.16,375.3 1 1
github.com/PointerByte/GoForge/encrypt/aws-kms/repository.go:377.2,378.16 2 3
github.com/PointerByte/GoForge/encrypt/aws-kms/repository.go:378.16,380.3 1 0
github.com/PointerByte/GoForge/encrypt/aws-kms/repository.go:382.2,383.16 2 3
github.com/PointerByte/GoForge/encrypt/aws-kms/repository.go:383.16,385.3 1 2
github.com/PointerByte/GoForge/encrypt/aws-kms/repository.go:387.2,388.16 2 1
github.com/PointerByte/GoForge/encrypt/aws-kms/repository.go:388.16,390.3 1 0
github.com/PointerByte/GoForge/encrypt/aws-kms/repository.go:392.2,397.16 2 1
github.com/PointerByte/GoForge/encrypt/aws-kms/repository.go:397.16,399.3 1 0
github.com/PointerByte/GoForge/encrypt/aws-kms/repository.go:401.2,402.16 2 1
github.com/PointerByte/GoForge/encrypt/aws-kms/repository.go:402.16,404.3 1 0
github.com/PointerByte/GoForge/encrypt/aws-kms/repository.go:406.2,411.4 1 1
github.com/PointerByte/GoForge/encrypt/aws-kms/repository.go:414.139,416.16 2 6
github.com/PointerByte/GoForge/encrypt/aws-kms/repository.go:416.16,418.3 1 1
github.com/PointerByte/GoForge/encrypt/aws-kms/repository.go:420.2,421.16 2 5
github.com/PointerByte/GoForge/encrypt/aws-kms/repository.go:421.16,423.3 1 1
github.com/PointerByte/GoForge/encrypt/aws-kms/repository.go:425.2,430.16 2 4
github.com/PointerByte/GoForge/encrypt/aws-kms/repository.go:430.16,432.3 1 1
github.com/PointerByte/GoForge/encrypt/aws-kms/repository.go:433.2,433.99 1 3
github.com/PointerByte/GoForge/encrypt/aws-kms/repository.go:433.99,435.3 1 1
github.com/PointerByte/GoForge/encrypt/aws-kms/repository.go:437.2,440.16 2 2
github.com/PointerByte/GoForge/encrypt/aws-kms/repository.go:440.16,442.3 1 1
github.com/PointerByte/GoForge/encrypt/aws-kms/repository.go:444.2,452.8 4 1
github.com/PointerByte/GoForge/encrypt/aws-kms/repository.go:455.129,456.82 1 6
github.com/PointerByte/GoForge/encrypt/aws-kms/repository.go:456.82,458.3 1 2
github.com/PointerByte/GoForge/encrypt/aws-kms/repository.go:460.2,461.16 2 4
github.com/PointerByte/GoForge/encrypt/aws-kms/repository.go:461.16,463.3 1 1
github.com/PointerByte/GoForge/encrypt/aws-kms/repository.go:465.2,466.16 2 3
github.com/PointerByte/GoForge/encrypt/aws-kms/repository.go:466.16,468.3 1 1
github.com/PointerByte/GoForge/encrypt/aws-kms/repository.go:470.2,475.16 2 2
github.com/PointerByte/GoForge/encrypt/aws-kms/repository.go:475.16,477.3 1 1
github.com/PointerByte/GoForge/encrypt/aws-kms/repository.go:478.2,478.70 1 1
github.com/PointerByte/GoForge/encrypt/aws-kms/repository.go:481.129,482.84 1 5
github.com/PointerByte/GoForge/encrypt/aws-kms/repository.go:482.84,484.3 1 1
github.com/PointerByte/GoForge/encrypt/aws-kms/repository.go:486.2,487.16 2 4
github.com/PointerByte/GoForge/encrypt/aws-kms/repository.go:487.16,489.3 1 1
github.com/PointerByte/GoForge/encrypt/aws-kms/repository.go:491.2,492.16 2 3
github.com/PointerByte/GoForge/encrypt/aws-kms/repository.go:492.16,494.3 1 0
github.com/PointerByte/GoForge/encrypt/aws-kms/repository.go:496.2,497.16 2 3
github.com/PointerByte/GoForge/encrypt/aws-kms/repository.go:497.16,499.3 1 1
github.com/PointerByte/GoForge/encrypt/aws-kms/repository.go:501.2,506.16 2 2
github.com/PointerByte/GoForge/encrypt/aws-kms/repository.go:506.16,508.3 1 1
github.com/PointerByte/GoForge/encrypt/aws-kms/repository.go:509.2,509.38 1 1
github.com/PointerByte/GoForge/encrypt/aws-kms/repository.go:512.104,514.16 2 2
github.com/PointerByte/GoForge/encrypt/aws-kms/repository.go:514.16,516.3 1 0
github.com/PointerByte/GoForge/encrypt/aws-kms/repository.go:518.2,523.16 2 2
github.com/PointerByte/GoForge/encrypt/aws-kms/repository.go:523.16,525.3 1 1
github.com/PointerByte/GoForge/encrypt/aws-kms/repository.go:526.2,526.99 1 1
github.com/PointerByte/GoForge/encrypt/aws-kms/repository.go:526.99,528.3 1 0
github.com/PointerByte/GoForge/encrypt/aws-kms/repository.go:530.2,533.16 2 1
github.com/PointerByte/GoForge/encrypt/aws-kms/repository.go:533.16,535.3 1 0
github.com/PointerByte/GoForge/encrypt/aws-kms/repository.go:537.2,545.8 4 1
github.com/PointerByte/GoForge/encrypt/aws-kms/repository.go:548.114,549.82 1 5
github.com/PointerByte/GoForge/encrypt/aws-kms/repository.go:549.82,551.3 1 1
github.com/PointerByte/GoForge/encrypt/aws-kms/repository.go:553.2,554.16 2 4
github.com/PointerByte/GoForge/encrypt/aws-kms/repository.go:554.16,556.3 1 1
github.com/PointerByte/GoForge/encrypt/aws-kms/repository.go:558.2,559.16 2 3
github.com/PointerByte/GoForge/encrypt/aws-kms/repository.go:559.16,561.3 1 0
github.com/PointerByte/GoForge/encrypt/aws-kms/repository.go:563.2,569.16 2 3
github.com/PointerByte/GoForge/encrypt/aws-kms/repository.go:569.16,571.3 1 2
github.com/PointerByte/GoForge/encrypt/aws-kms/repository.go:572.2,572.65 1 1
github.com/PointerByte/GoForge/encrypt/aws-kms/repository.go:575.116,576.80 1 6
github.com/PointerByte/GoForge/encrypt/aws-kms/repository.go:576.80,578.3 1 1
github.com/PointerByte/GoForge/encrypt/aws-kms/repository.go:580.2,581.16 2 5
github.com/PointerByte/GoForge/encrypt/aws-kms/repository.go:581.16,583.3 1 1
github.com/PointerByte/GoForge/encrypt/aws-kms/repository.go:585.2,586.16 2 4
github.com/PointerByte/GoForge/encrypt/aws-kms/repository.go:586.16,588.3 1 0
github.com/PointerByte/GoForge/encrypt/aws-kms/repository.go:590.2,591.16 2 4
github.com/PointerByte/GoForge/encrypt/aws-kms/repository.go:591.16,593.3 1 2
github.com/PointerByte/GoForge/encrypt/aws-kms/repository.go:595.2,602.16 2 2
github.com/PointerByte/GoForge/encrypt/aws-kms/repository.go:602.16,604.3 1 0
github.com/PointerByte/GoForge/encrypt/aws-kms/repository.go:605.2,605.28 1 2
github.com/PointerByte/GoForge/encrypt/aws-kms/repository.go:605.28,607.3 1 1
github.com/PointerByte/GoForge/encrypt/aws-kms/repository.go:608.2,608.12 1 1
github.com/PointerByte/GoForge/encrypt/aws-kms/repository.go:611.113,612.78 1 4
github.com/PointerByte/GoForge/encrypt/aws-kms/repository.go:612.78,614.3 1 1
github.com/PointerByte/GoForge/encrypt/aws-kms/repository.go:616.2,617.16 2 3
github.com/PointerByte/GoForge/encrypt/aws-kms/repository.go:617.16,619.3 1 1
github.com/PointerByte/GoForge/encrypt/aws-kms/repository.go:621.2,622.16 2 2
github.com/PointerByte/GoForge/encrypt/aws-kms/repository.go:622.16,624.3 1 0
github.com/PointerByte/GoForge/encrypt/aws-kms/repository.go:626.2,632.16 2 2
github.com/PointerByte/GoForge/encrypt/aws-kms/repository.go:632.16,634.3 1 1
github.com/PointerByte/GoForge/encrypt/aws-kms/repository.go:635.2,635.65 1 1
github.com/PointerByte/GoForge/encrypt/aws-kms/repository.go:638.115,639.76 1 5
github.com/PointerByte/GoForge/encrypt/aws-kms/repository.go:639.76,641.3 1 1
github.com/PointerByte/GoForge/encrypt/aws-kms/repository.go:643.2,644.16 2 4
github.com/PointerByte/GoForge/encrypt/aws-kms/repository.go:644.16,646.3 1 1
github.com/PointerByte/GoForge/encrypt/aws-kms/repository.go:648.2,649.16 2 3
github.com/PointerByte/GoForge/encrypt/aws-kms/repository.go:649.16,651.3 1 0
github.com/PointerByte/GoForge/encrypt/aws-kms/repository.go:653.2,654.16 2 3
github.com/PointerByte/GoForge/encrypt/aws-kms/repository.go:654.16,656.3 1 1
github.com/PointerByte/GoForge/encrypt/aws-kms/repository.go:658.2,665.16 2 2
github.com/PointerByte/GoForge/encrypt/aws-kms/repository.go:665.16,667.3 1 0
github.com/PointerByte/GoForge/encrypt/aws-kms/repository.go:668.2,668.28 1 2
github.com/PointerByte/GoForge/encrypt/aws-kms/repository.go:668.28,670.3 1 1
github.com/PointerByte/GoForge/encrypt/aws-kms/repository.go:671.2,671.12 1 1
github.com/PointerByte/GoForge/encrypt/aws-kms/repository.go:674.127,675.66 1 4
github.com/PointerByte/GoForge/encrypt/aws-kms/repository.go:675.66,677.3 1 1
github.com/PointerByte/GoForge/encrypt/aws-kms/repository.go:679.2,680.16 2 3
github.com/PointerByte/GoForge/encrypt/aws-kms/repository.go:680.16,682.3 1 1
github.com/PointerByte/GoForge/encrypt/aws-kms/repository.go:684.2,685.16 2 2
github.com/PointerByte/GoForge/encrypt/aws-kms/repository.go:685.16,687.3 1 0
github.com/PointerByte/GoForge/encrypt/aws-kms/repository.go:689.2,695.16 2 2
github.com/PointerByte/GoForge/encrypt/aws-kms/repository.go:695.16,697.3 1 1
github.com/PointerByte/GoForge/encrypt/aws-kms/repository.go:698.2,698.65 1 1
github.com/PointerByte/GoForge/encrypt/aws-kms/repository.go:701.136,702.64 1 5
github.com/PointerByte/GoForge/encrypt/aws-kms/repository.go:702.64,704.3 1 1
github.com/PointerByte/GoForge/encrypt/aws-kms/repository.go:706.2,707.16 2 4
github.com/PointerByte/GoForge/encrypt/aws-kms/repository.go:707.16,709.3 1 1
github.com/PointerByte/GoForge/encrypt/aws-kms/repository.go:711.2,712.16 2 3
github.com/PointerByte/GoForge/encrypt/aws-kms/repository.go:712.16,714.3 1 0
github.com/PointerByte/GoForge/encrypt/aws-kms/repository.go:716.2,717.16 2 3
github.com/PointerByte/GoForge/encrypt/aws-kms/repository.go:717.16,719.3 1 1
github.com/PointerByte/GoForge/encrypt/aws-kms/repository.go:721.2,728.16 2 2
github.com/PointerByte/GoForge/encrypt/aws-kms/repository.go:728.16,730.3 1 0
github.com/PointerByte/GoForge/encrypt/aws-kms/repository.go:731.2,731.28 1 2
github.com/PointerByte/GoForge/encrypt/aws-kms/repository.go:731.28,733.3 1 1
github.com/PointerByte/GoForge/encrypt/aws-kms/repository.go:734.2,734.12 1 1
github.com/PointerByte/GoForge/encrypt/aws-kms/repository.go:737.62,739.16 2 69
github.com/PointerByte/GoForge/encrypt/aws-kms/repository.go:739.16,741.3 1 17
github.com/PointerByte/GoForge/encrypt/aws-kms/repository.go:742.2,742.33 1 52
github.com/PointerByte/GoForge/encrypt/aws-kms/repository.go:745.64,747.16 2 0
github.com/PointerByte/GoForge/encrypt/aws-kms/repository.go:747.16,749.3 1 0
github.com/PointerByte/GoForge/encrypt/aws-kms/repository.go:750.2,751.17 2 0
github.com/PointerByte/GoForge/encrypt/aws-kms/repository.go:754.53,755.54 1 42
github.com/PointerByte/GoForge/encrypt/aws-kms/repository.go:755.54,757.3 1 20
github.com/PointerByte/GoForge/encrypt/aws-kms/repository.go:758.2,758.90 1 22
github.com/PointerByte/GoForge/encrypt/aws-kms/repository.go:758.90,760.3 1 20
github.com/PointerByte/GoForge/encrypt/aws-kms/repository.go:761.2,761.36 1 2
github.com/PointerByte/GoForge/encrypt/aws-kms/repository.go:764.41,765.34 1 11
github.com/PointerByte/GoForge/encrypt/aws-kms/repository.go:765.34,767.3 1 10
github.com/PointerByte/GoForge/encrypt/aws-kms/repository.go:768.2,771.4 1 1
github.com/PointerByte/GoForge/encrypt/aws-kms/repository.go:774.80,776.34 2 5
github.com/PointerByte/GoForge/encrypt/aws-kms/repository.go:776.34,778.3 1 1
github.com/PointerByte/GoForge/encrypt/aws-kms/repository.go:779.2,779.23 1 5
github.com/PointerByte/GoForge/encrypt/aws-kms/repository.go:779.23,781.3 1 4
github.com/PointerByte/GoForge/encrypt/aws-kms/repository.go:782.2,782.23 1 5
github.com/PointerByte/GoForge/encrypt/aws-kms/repository.go:782.23,784.3 1 1
github.com/PointerByte/GoForge/encrypt/aws-kms/repository.go:785.2,785.16 1 4
github.com/PointerByte/GoForge/encrypt/aws-kms/repository.go:788.107,790.16 2 2
github.com/PointerByte/GoForge/encrypt/aws-kms/repository.go:790.16,792.3 1 0
github.com/PointerByte/GoForge/encrypt/aws-kms/repository.go:793.2,793.64 1 2
github.com/PointerByte/GoForge/encrypt/aws-kms/repository.go:796.122,797.46 1 2
github.com/PointerByte/GoForge/encrypt/aws-kms/repository.go:797.46,799.3 1 0
github.com/PointerByte/GoForge/encrypt/aws-kms/repository.go:801.2,803.18 3 2
github.com/PointerByte/GoForge/encrypt/aws-kms/repository.go:803.18,805.3 1 0
github.com/PointerByte/GoForge/encrypt/aws-kms/repository.go:807.2,812.47 2 2
github.com/PointerByte/GoForge/encrypt/aws-kms/repository.go:812.47,814.3 1 1
github.com/PointerByte/GoForge/encrypt/aws-kms/repository.go:816.2,817.16 2 1
github.com/PointerByte/GoForge/encrypt/aws-kms/repository.go:817.16,819.3 1 0
github.com/PointerByte/GoForge/encrypt/aws-kms/repository.go:820.2,821.21 2 1
github.com/PointerByte/GoForge/encrypt/aws-kms/repository.go:824.57,825.17 1 2
github.com/PointerByte/GoForge/encrypt/aws-kms/repository.go:832.36,833.14 1 1
github.com/PointerByte/GoForge/encrypt/aws-kms/repository.go:834.10,835.15 1 1
github.com/PointerByte/GoForge/encrypt/aws-kms/repository.go:839.75,840.14 1 8
github.com/PointerByte/GoForge/encrypt/aws-kms/repository.go:841.26,842.35 1 4
github.com/PointerByte/GoForge/encrypt/aws-kms/repository.go:843.26,844.35 1 1
github.com/PointerByte/GoForge/encrypt/aws-kms/repository.go:845.26,846.35 1 1
github.com/PointerByte/GoForge/encrypt/aws-kms/repository.go:847.10,848.71 1 2
github.com/PointerByte/GoForge/encrypt/aws-kms/repository.go:852.78,853.15 1 2
github.com/PointerByte/GoForge/encrypt/aws-kms/repository.go:854.24,855.39 1 1
github.com/PointerByte/GoForge/encrypt/aws-kms/repository.go:856.24,857.39 1 0
github.com/PointerByte/GoForge/encrypt/aws-kms/repository.go:858.24,859.39 1 0
github.com/PointerByte/GoForge/encrypt/aws-kms/repository.go:860.10,861.69 1 1
github.com/PointerByte/GoForge/encrypt/aws-kms/repository.go:865.80,866.14 1 8
github.com/PointerByte/GoForge/encrypt/aws-kms/repository.go:867.25,868.44 1 6
github.com/PointerByte/GoForge/encrypt/aws-kms/repository.go:869.10,870.77 1 2
github.com/PointerByte/GoForge/encrypt/aws-kms/repository.go:874.51,876.19 2 4
github.com/PointerByte/GoForge/encrypt/aws-kms/repository.go:876.19,878.3 1 0
github.com/PointerByte/GoForge/encrypt/aws-kms/repository.go:879.2,882.35 1 4
github.com/PointerByte/GoForge/encrypt/local/pkcs7.go:9.47,10.20 1 2
github.com/PointerByte/GoForge/encrypt/local/pkcs7.go:10.20,11.33 1 1
github.com/PointerByte/GoForge/encrypt/local/pkcs7.go:13.2,14.17 2 1
github.com/PointerByte/GoForge/encrypt/local/pkcs7.go:14.17,16.3 1 0
github.com/PointerByte/GoForge/encrypt/local/pkcs7.go:17.2,18.26 2 1
github.com/PointerByte/GoForge/encrypt/local/pkcs7.go:23.58,24.42 1 5
github.com/PointerByte/GoForge/encrypt/local/pkcs7.go:24.42,26.3 1 2
github.com/PointerByte/GoForge/encrypt/local/pkcs7.go:27.2,28.58 2 3
github.com/PointerByte/GoForge/encrypt/local/pkcs7.go:28.58,30.3 1 1
github.com/PointerByte/GoForge/encrypt/local/pkcs7.go:32.2,32.24 1 2
github.com/PointerByte/GoForge/encrypt/local/pkcs7.go:32.24,33.36 1 3
github.com/PointerByte/GoForge/encrypt/local/pkcs7.go:33.36,35.4 1 1
github.com/PointerByte/GoForge/encrypt/local/pkcs7.go:37.2,37.31 1 1
github.com/PointerByte/GoForge/encrypt/local/pkcs7.go:41.44,43.21 2 2
github.com/PointerByte/GoForge/encrypt/local/pkcs7.go:43.21,45.3 1 4
github.com/PointerByte/GoForge/encrypt/local/pkcs7.go:46.2,46.12 1 2
github.com/PointerByte/GoForge/encrypt/local/repository.go:34.44,35.16 1 60
github.com/PointerByte/GoForge/encrypt/local/repository.go:35.16,37.3 1 0
github.com/PointerByte/GoForge/encrypt/local/repository.go:38.2,38.18 1 60
github.com/PointerByte/GoForge/encrypt/local/repository.go:41.82,43.40 2 58
github.com/PointerByte/GoForge/encrypt/local/repository.go:43.40,45.3 1 8
github.com/PointerByte/GoForge/encrypt/local/repository.go:47.2,48.12 2 50
github.com/PointerByte/GoForge/encrypt/local/repository.go:48.12,51.3 2 50
github.com/PointerByte/GoForge/encrypt/local/repository.go:53.2,53.9 1 50
github.com/PointerByte/GoForge/encrypt/local/repository.go:54.20,55.25 1 0
github.com/PointerByte/GoForge/encrypt/local/repository.go:56.24,57.34 1 50
github.com/PointerByte/GoForge/encrypt/local/repository.go:66.51,68.2 1 4
github.com/PointerByte/GoForge/encrypt/local/repository.go:71.39,73.2 1 3
github.com/PointerByte/GoForge/encrypt/local/repository.go:75.105,76.61 1 2
github.com/PointerByte/GoForge/encrypt/local/repository.go:76.61,78.3 1 1
github.com/PointerByte/GoForge/encrypt/local/repository.go:81.99,82.61 1 2
github.com/PointerByte/GoForge/encrypt/local/repository.go:82.61,84.3 1 1
github.com/PointerByte/GoForge/encrypt/local/repository.go:87.94,88.40 1 2
github.com/PointerByte/GoForge/encrypt/local/repository.go:88.40,90.3 1 1
github.com/PointerByte/GoForge/encrypt/local/repository.go:91.2,91.63 1 1
github.com/PointerByte/GoForge/encrypt/local/repository.go:96.137,97.61 1 2
github.com/PointerByte/GoForge/encrypt/local/repository.go:97.61,98.62 1 1
github.com/PointerByte/GoForge/encrypt/local/repository.go:98.62,100.4 1 0
github.com/PointerByte/GoForge/encrypt/local/repository.go:102.3,103.56 2 1
github.com/PointerByte/GoForge/encrypt/local/repository.go:103.56,105.4 1 0
github.com/PointerByte/GoForge/encrypt/local/repository.go:106.3,109.9 1 1
github.com/PointerByte/GoForge/encrypt/local/repository.go:115.108,116.52 1 5
github.com/PointerByte/GoForge/encrypt/local/repository.go:116.52,118.3 1 4
github.com/PointerByte/GoForge/encrypt/local/repository.go:121.78,123.16 2 6
github.com/PointerByte/GoForge/encrypt/local/repository.go:123.16,125.3 1 1
github.com/PointerByte/GoForge/encrypt/local/repository.go:127.2,128.16 2 5
github.com/PointerByte/GoForge/encrypt/local/repository.go:128.16,130.3 1 1
github.com/PointerByte/GoForge/encrypt/local/repository.go:132.2,133.16 2 4
github.com/PointerByte/GoForge/encrypt/local/repository.go:133.16,135.3 1 0
github.com/PointerByte/GoForge/encrypt/local/repository.go:137.2,138.44 2 4
github.com/PointerByte/GoForge/encrypt/local/repository.go:138.44,140.3 1 0
github.com/PointerByte/GoForge/encrypt/local/repository.go:142.2,144.56 3 4
github.com/PointerByte/GoForge/encrypt/local/repository.go:148.108,149.52 1 6
github.com/PointerByte/GoForge/encrypt/local/repository.go:149.52,151.3 1 5
github.com/PointerByte/GoForge/encrypt/local/repository.go:154.84,156.16 2 6
github.com/PointerByte/GoForge/encrypt/local/repository.go:156.16,158.3 1 1
github.com/PointerByte/GoForge/encrypt/local/repository.go:160.2,161.16 2 5
github.com/PointerByte/GoForge/encrypt/local/repository.go:161.16,163.3 1 0
github.com/PointerByte/GoForge/encrypt/local/repository.go:165.2,166.16 2 5
github.com/PointerByte/GoForge/encrypt/local/repository.go:166.16,168.3 1 0
github.com/PointerByte/GoForge/encrypt/local/repository.go:170.2,171.16 2 5
github.com/PointerByte/GoForge/encrypt/local/repository.go:171.16,173.3 1 1
github.com/PointerByte/GoForge/encrypt/local/repository.go:175.2,175.37 1 4
github.com/PointerByte/GoForge/encrypt/local/repository.go:175.37,177.3 1 1
github.com/PointerByte/GoForge/encrypt/local/repository.go:179.2,182.16 4 3
github.com/PointerByte/GoForge/encrypt/local/repository.go:182.16,184.3 1 1
github.com/PointerByte/GoForge/encrypt/local/repository.go:185.2,185.31 1 2
github.com/PointerByte/GoForge/encrypt/local/repository.go:191.41,193.2 1 3
github.com/PointerByte/GoForge/encrypt/local/repository.go:196.83,197.59 1 2
github.com/PointerByte/GoForge/encrypt/local/repository.go:197.59,201.3 3 1
github.com/PointerByte/GoForge/encrypt/local/repository.go:202.2,202.16 1 2
github.com/PointerByte/GoForge/encrypt/local/repository.go:202.16,204.3 1 1
github.com/PointerByte/GoForge/encrypt/local/repository.go:205.2,205.14 1 1
github.com/PointerByte/GoForge/encrypt/local/repository.go:209.77,210.59 1 1
github.com/PointerByte/GoForge/encrypt/local/repository.go:210.59,213.3 2 1
github.com/PointerByte/GoForge/encrypt/local/repository.go:214.2,214.16 1 1
github.com/PointerByte/GoForge/encrypt/local/repository.go:214.16,216.3 1 0
github.com/PointerByte/GoForge/encrypt/local/repository.go:217.2,217.14 1 1
github.com/PointerByte/GoForge/encrypt/local/repository.go:221.74,222.59 1 1
github.com/PointerByte/GoForge/encrypt/local/repository.go:222.59,225.3 2 1
github.com/PointerByte/GoForge/encrypt/local/repository.go:226.2,226.16 1 1
github.com/PointerByte/GoForge/encrypt/local/repository.go:226.16,228.3 1 0
github.com/PointerByte/GoForge/encrypt/local/repository.go:229.2,229.14 1 1
github.com/PointerByte/GoForge/encrypt/local/repository.go:235.53,237.2 1 4
github.com/PointerByte/GoForge/encrypt/local/repository.go:240.127,241.61 1 3
github.com/PointerByte/GoForge/encrypt/local/repository.go:241.61,242.63 1 2
github.com/PointerByte/GoForge/encrypt/local/repository.go:242.63,244.4 1 1
github.com/PointerByte/GoForge/encrypt/local/repository.go:246.3,247.17 2 1
github.com/PointerByte/GoForge/encrypt/local/repository.go:247.17,249.4 1 0
github.com/PointerByte/GoForge/encrypt/local/repository.go:250.3,259.9 6 1
github.com/PointerByte/GoForge/encrypt/local/repository.go:265.139,266.61 1 2
github.com/PointerByte/GoForge/encrypt/local/repository.go:266.61,268.17 2 2
github.com/PointerByte/GoForge/encrypt/local/repository.go:268.17,270.4 1 1
github.com/PointerByte/GoForge/encrypt/local/repository.go:272.3,273.17 2 1
github.com/PointerByte/GoForge/encrypt/local/repository.go:273.17,275.4 1 0
github.com/PointerByte/GoForge/encrypt/local/repository.go:277.3,278.17 2 1
github.com/PointerByte/GoForge/encrypt/local/repository.go:278.17,280.4 1 0
github.com/PointerByte/GoForge/encrypt/local/repository.go:282.3,283.17 2 1
github.com/PointerByte/GoForge/encrypt/local/repository.go:283.17,285.4 1 0
github.com/PointerByte/GoForge/encrypt/local/repository.go:287.3,291.9 1 1
github.com/PointerByte/GoForge/encrypt/local/repository.go:297.117,298.52 1 2
github.com/PointerByte/GoForge/encrypt/local/repository.go:298.52,300.17 2 2
github.com/PointerByte/GoForge/encrypt/local/repository.go:300.17,302.4 1 1
github.com/PointerByte/GoForge/encrypt/local/repository.go:304.3,306.17 3 1
github.com/PointerByte/GoForge/encrypt/local/repository.go:306.17,308.4 1 0
github.com/PointerByte/GoForge/encrypt/local/repository.go:309.3,309.61 1 1
github.com/PointerByte/GoForge/encrypt/local/repository.go:315.117,316.52 1 3
github.com/PointerByte/GoForge/encrypt/local/repository.go:316.52,318.17 2 3
github.com/PointerByte/GoForge/encrypt/local/repository.go:318.17,320.4 1 1
github.com/PointerByte/GoForge/encrypt/local/repository.go:322.3,323.17 2 2
github.com/PointerByte/GoForge/encrypt/local/repository.go:323.17,325.4 1 1
github.com/PointerByte/GoForge/encrypt/local/repository.go:327.3,329.17 3 1
github.com/PointerByte/GoForge/encrypt/local/repository.go:329.17,331.4 1 0
github.com/PointerByte/GoForge/encrypt/local/repository.go:332.3,332.33 1 1
github.com/PointerByte/GoForge/encrypt/local/repository.go:338.121,339.52 1 3
github.com/PointerByte/GoForge/encrypt/local/repository.go:339.52,341.17 2 3
github.com/PointerByte/GoForge/encrypt/local/repository.go:341.17,343.4 1 1
github.com/PointerByte/GoForge/encrypt/local/repository.go:345.3,346.17 2 2
github.com/PointerByte/GoForge/encrypt/local/repository.go:346.17,348.4 1 0
github.com/PointerByte/GoForge/encrypt/local/repository.go:350.3,351.17 2 2
github.com/PointerByte/GoForge/encrypt/local/repository.go:351.17,353.4 1 0
github.com/PointerByte/GoForge/encrypt/local/repository.go:355.3,356.17 2 2
github.com/PointerByte/GoForge/encrypt/local/repository.go:356.17,358.4 1 0
github.com/PointerByte/GoForge/encrypt/local/repository.go:360.3,361.17 2 2
github.com/PointerByte/GoForge/encrypt/local/repository.go:361.17,363.4 1 0
github.com/PointerByte/GoForge/encrypt/local/repository.go:365.3,367.17 3 2
github.com/PointerByte/GoForge/encrypt/local/repository.go:367.17,369.4 1 0
github.com/PointerByte/GoForge/encrypt/local/repository.go:371.3,372.17 2 2
github.com/PointerByte/GoForge/encrypt/local/repository.go:372.17,374.4 1 0
github.com/PointerByte/GoForge/encrypt/local/repository.go:376.3,381.17 2 2
github.com/PointerByte/GoForge/encrypt/local/repository.go:381.17,383.4 1 0
github.com/PointerByte/GoForge/encrypt/local/repository.go:384.3,384.22 1 2
github.com/PointerByte/GoForge/encrypt/local/repository.go:390.121,391.52 1 4
github.com/PointerByte/GoForge/encrypt/local/repository.go:391.52,393.17 2 4
github.com/PointerByte/GoForge/encrypt/local/repository.go:393.17,395.4 1 1
github.com/PointerByte/GoForge/encrypt/local/repository.go:397.3,398.17 2 3
github.com/PointerByte/GoForge/encrypt/local/repository.go:398.17,400.4 1 1
github.com/PointerByte/GoForge/encrypt/local/repository.go:402.3,403.17 2 2
github.com/PointerByte/GoForge/encrypt/local/repository.go:403.17,405.4 1 0
github.com/PointerByte/GoForge/encrypt/local/repository.go:407.3,408.17 2 2
github.com/PointerByte/GoForge/encrypt/local/repository.go:408.17,410.4 1 0
github.com/PointerByte/GoForge/encrypt/local/repository.go:411.3,411.33 1 2
github.com/PointerByte/GoForge/encrypt/local/repository.go:411.33,413.4 1 1
github.com/PointerByte/GoForge/encrypt/local/repository.go:415.3,416.17 2 1
github.com/PointerByte/GoForge/encrypt/local/repository.go:416.17,418.4 1 0
github.com/PointerByte/GoForge/encrypt/local/repository.go:420.3,421.17 2 1
github.com/PointerByte/GoForge/encrypt/local/repository.go:421.17,423.4 1 0
github.com/PointerByte/GoForge/encrypt/local/repository.go:425.3,425.103 1 1
github.com/PointerByte/GoForge/encrypt/local/repository.go:432.51,434.2 1 4
github.com/PointerByte/GoForge/encrypt/local/repository.go:437.92,438.61 1 2
github.com/PointerByte/GoForge/encrypt/local/repository.go:438.61,440.17 2 1
github.com/PointerByte/GoForge/encrypt/local/repository.go:440.17,442.4 1 0
github.com/PointerByte/GoForge/encrypt/local/repository.go:444.3,445.17 2 1
github.com/PointerByte/GoForge/encrypt/local/repository.go:445.17,447.4 1 0
github.com/PointerByte/GoForge/encrypt/local/repository.go:448.3,451.17 3 1
github.com/PointerByte/GoForge/encrypt/local/repository.go:451.17,453.4 1 0
github.com/PointerByte/GoForge/encrypt/local/repository.go:454.3,459.9 2 1
github.com/PointerByte/GoForge/encrypt/local/repository.go:463.66,464.14 1 1
github.com/PointerByte/GoForge/encrypt/local/repository.go:465.44,466.13 1 1
github.com/PointerByte/GoForge/encrypt/local/repository.go:467.10,468.64 1 0
github.com/PointerByte/GoForge/encrypt/local/repository.go:472.68,473.14 1 2
github.com/PointerByte/GoForge/encrypt/local/repository.go:474.66,475.13 1 1
github.com/PointerByte/GoForge/encrypt/local/repository.go:476.10,477.65 1 1
github.com/PointerByte/GoForge/encrypt/local/repository.go:482.105,483.52 1 2
github.com/PointerByte/GoForge/encrypt/local/repository.go:483.52,485.17 2 2
github.com/PointerByte/GoForge/encrypt/local/repository.go:485.17,487.4 1 1
github.com/PointerByte/GoForge/encrypt/local/repository.go:489.3,490.59 2 1
github.com/PointerByte/GoForge/encrypt/local/repository.go:495.107,496.57 1 4
github.com/PointerByte/GoForge/encrypt/local/repository.go:496.57,498.17 2 4
github.com/PointerByte/GoForge/encrypt/local/repository.go:498.17,500.4 1 1
github.com/PointerByte/GoForge/encrypt/local/repository.go:502.3,503.17 2 3
github.com/PointerByte/GoForge/encrypt/local/repository.go:503.17,505.4 1 1
github.com/PointerByte/GoForge/encrypt/local/repository.go:507.3,507.70 1 2
github.com/PointerByte/GoForge/encrypt/local/repository.go:507.70,509.4 1 1
github.com/PointerByte/GoForge/encrypt/local/repository.go:510.3,510.25 1 1
github.com/PointerByte/GoForge/encrypt/local/repository.go:512.2,512.12 1 4
github.com/PointerByte/GoForge/encrypt/local/repository.go:516.101,517.52 1 2
github.com/PointerByte/GoForge/encrypt/local/repository.go:517.52,519.17 2 2
github.com/PointerByte/GoForge/encrypt/local/repository.go:519.17,521.4 1 1
github.com/PointerByte/GoForge/encrypt/local/repository.go:523.3,525.17 3 1
github.com/PointerByte/GoForge/encrypt/local/repository.go:525.17,527.4 1 0
github.com/PointerByte/GoForge/encrypt/local/repository.go:528.3,528.59 1 1
github.com/PointerByte/GoForge/encrypt/local/repository.go:533.103,534.57 1 4
github.com/PointerByte/GoForge/encrypt/local/repository.go:534.57,536.17 2 4
github.com/PointerByte/GoForge/encrypt/local/repository.go:536.17,538.4 1 1
github.com/PointerByte/GoForge/encrypt/local/repository.go:540.3,541.17 2 3
github.com/PointerByte/GoForge/encrypt/local/repository.go:541.17,543.4 1 1
github.com/PointerByte/GoForge/encrypt/local/repository.go:545.3,546.91 2 2
github.com/PointerByte/GoForge/encrypt/local/repository.go:546.91,548.4 1 1
github.com/PointerByte/GoForge/encrypt/local/repository.go:549.3,549.25 1 1
github.com/PointerByte/GoForge/encrypt/local/repository.go:551.2,551.12 1 4
github.com/PointerByte/GoForge/encrypt/local/repository.go:556.115,557.52 1 2
github.com/PointerByte/GoForge/encrypt/local/repository.go:557.52,559.17 2 2
github.com/PointerByte/GoForge/encrypt/local/repository.go:559.17,561.4 1 1
github.com/PointerByte/GoForge/encrypt/local/repository.go:563.3,565.17 3 1
github.com/PointerByte/GoForge/encrypt/local/repository.go:565.17,567.4 1 0
github.com/PointerByte/GoForge/encrypt/local/repository.go:568.3,568.59 1 1
github.com/PointerByte/GoForge/encrypt/local/repository.go:573.124,574.57 1 4
github.com/PointerByte/GoForge/encrypt/local/repository.go:574.57,576.17 2 4
github.com/PointerByte/GoForge/encrypt/local/repository.go:576.17,578.4 1 1
github.com/PointerByte/GoForge/encrypt/local/repository.go:580.3,582.17 3 3
github.com/PointerByte/GoForge/encrypt/local/repository.go:582.17,584.4 1 1
github.com/PointerByte/GoForge/encrypt/local/repository.go:585.3,585.95 1 2
github.com/PointerByte/GoForge/encrypt/local/repository.go:585.95,587.4 1 1
github.com/PointerByte/GoForge/encrypt/local/repository.go:588.3,588.25 1 1
github.com/PointerByte/GoForge/encrypt/local/repository.go:590.2,590.12 1 4
github.com/PointerByte/GoForge/encrypt/local/repository.go:603.34,611.2 1 1
github.com/PointerByte/GoForge/encrypt/utilities/utilities.go:35.70,37.16 2 4
github.com/PointerByte/GoForge/encrypt/utilities/utilities.go:37.16,39.3 1 1
github.com/PointerByte/GoForge/encrypt/utilities/utilities.go:41.2,42.16 2 3
github.com/PointerByte/GoForge/encrypt/utilities/utilities.go:42.16,44.3 1 1
github.com/PointerByte/GoForge/encrypt/utilities/utilities.go:46.2,47.9 2 2
github.com/PointerByte/GoForge/encrypt/utilities/utilities.go:47.9,49.3 1 1
github.com/PointerByte/GoForge/encrypt/utilities/utilities.go:50.2,50.17 1 1
github.com/PointerByte/GoForge/encrypt/utilities/utilities.go:54.72,56.16 2 3
github.com/PointerByte/GoForge/encrypt/utilities/utilities.go:56.16,58.3 1 2
github.com/PointerByte/GoForge/encrypt/utilities/utilities.go:60.2,61.16 2 1
github.com/PointerByte/GoForge/encrypt/utilities/utilities.go:61.16,63.3 1 0
github.com/PointerByte/GoForge/encrypt/utilities/utilities.go:65.2,66.9 2 1
github.com/PointerByte/GoForge/encrypt/utilities/utilities.go:66.9,68.3 1 0
github.com/PointerByte/GoForge/encrypt/utilities/utilities.go:69.2,69.17 1 1
github.com/PointerByte/GoForge/encrypt/utilities/utilities.go:73.72,75.16 2 4
github.com/PointerByte/GoForge/encrypt/utilities/utilities.go:75.16,77.3 1 1
github.com/PointerByte/GoForge/encrypt/utilities/utilities.go:79.2,80.16 2 3
github.com/PointerByte/GoForge/encrypt/utilities/utilities.go:80.16,82.3 1 1
github.com/PointerByte/GoForge/encrypt/utilities/utilities.go:84.2,85.9 2 2
github.com/PointerByte/GoForge/encrypt/utilities/utilities.go:85.9,87.3 1 1
github.com/PointerByte/GoForge/encrypt/utilities/utilities.go:88.2,88.18 1 1
github.com/PointerByte/GoForge/encrypt/utilities/utilities.go:92.74,94.16 2 1
github.com/PointerByte/GoForge/encrypt/utilities/utilities.go:94.16,96.3 1 0
github.com/PointerByte/GoForge/encrypt/utilities/utilities.go:98.2,99.16 2 1
github.com/PointerByte/GoForge/encrypt/utilities/utilities.go:99.16,101.3 1 0
github.com/PointerByte/GoForge/encrypt/utilities/utilities.go:103.2,104.9 2 1
github.com/PointerByte/GoForge/encrypt/utilities/utilities.go:104.9,106.3 1 0
github.com/PointerByte/GoForge/encrypt/utilities/utilities.go:107.2,107.18 1 1
github.com/PointerByte/GoForge/encrypt/utilities/utilities.go:111.77,113.16 2 4
github.com/PointerByte/GoForge/encrypt/utilities/utilities.go:113.16,115.3 1 1
github.com/PointerByte/GoForge/encrypt/utilities/utilities.go:117.2,118.16 2 3
github.com/PointerByte/GoForge/encrypt/utilities/utilities.go:118.16,120.3 1 1
github.com/PointerByte/GoForge/encrypt/utilities/utilities.go:122.2,123.9 2 2
github.com/PointerByte/GoForge/encrypt/utilities/utilities.go:123.9,125.3 1 1
github.com/PointerByte/GoForge/encrypt/utilities/utilities.go:126.2,126.23 1 1
github.com/PointerByte/GoForge/encrypt/utilities/utilities.go:131.79,133.16 2 1
github.com/PointerByte/GoForge/encrypt/utilities/utilities.go:133.16,135.3 1 0
github.com/PointerByte/GoForge/encrypt/utilities/utilities.go:137.2,138.16 2 1
github.com/PointerByte/GoForge/encrypt/utilities/utilities.go:138.16,140.3 1 0
github.com/PointerByte/GoForge/encrypt/utilities/utilities.go:142.2,143.9 2 1
github.com/PointerByte/GoForge/encrypt/utilities/utilities.go:143.9,145.3 1 0
github.com/PointerByte/GoForge/encrypt/utilities/utilities.go:146.2,146.23 1 1
github.com/PointerByte/GoForge/encrypt/utilities/utilities.go:150.79,152.16 2 4
github.com/PointerByte/GoForge/encrypt/utilities/utilities.go:152.16,154.3 1 1
github.com/PointerByte/GoForge/encrypt/utilities/utilities.go:156.2,157.16 2 3
github.com/PointerByte/GoForge/encrypt/utilities/utilities.go:157.16,159.3 1 1
github.com/PointerByte/GoForge/encrypt/utilities/utilities.go:161.2,162.9 2 2
github.com/PointerByte/GoForge/encrypt/utilities/utilities.go:162.9,164.3 1 1
github.com/PointerByte/GoForge/encrypt/utilities/utilities.go:165.2,165.24 1 1
github.com/PointerByte/GoForge/encrypt/utilities/utilities.go:170.81,172.16 2 2
github.com/PointerByte/GoForge/encrypt/utilities/utilities.go:172.16,174.3 1 0
github.com/PointerByte/GoForge/encrypt/utilities/utilities.go:176.2,177.16 2 2
github.com/PointerByte/GoForge/encrypt/utilities/utilities.go:177.16,179.3 1 1
github.com/PointerByte/GoForge/encrypt/utilities/utilities.go:181.2,182.9 2 1
github.com/PointerByte/GoForge/encrypt/utilities/utilities.go:182.9,184.3 1 0
github.com/PointerByte/GoForge/encrypt/utilities/utilities.go:185.2,185.24 1 1
github.com/PointerByte/GoForge/encrypt/utilities/utilities.go:189.72,191.16 2 5
github.com/PointerByte/GoForge/encrypt/utilities/utilities.go:191.16,193.3 1 1
github.com/PointerByte/GoForge/encrypt/utilities/utilities.go:195.2,196.16 2 4
github.com/PointerByte/GoForge/encrypt/utilities/utilities.go:196.16,198.3 1 1
github.com/PointerByte/GoForge/encrypt/utilities/utilities.go:200.2,200.42 1 3
github.com/PointerByte/GoForge/encrypt/utilities/utilities.go:201.23,202.24 1 0
github.com/PointerByte/GoForge/encrypt/utilities/utilities.go:203.24,205.17 2 2
github.com/PointerByte/GoForge/encrypt/utilities/utilities.go:205.17,207.4 1 0
github.com/PointerByte/GoForge/encrypt/utilities/utilities.go:208.3,208.28 1 2
github.com/PointerByte/GoForge/encrypt/utilities/utilities.go:209.10,210.57 1 1
github.com/PointerByte/GoForge/encrypt/utilities/utilities.go:215.74,217.16 2 2
github.com/PointerByte/GoForge/encrypt/utilities/utilities.go:217.16,219.3 1 0
github.com/PointerByte/GoForge/encrypt/utilities/utilities.go:221.2,222.16 2 2
github.com/PointerByte/GoForge/encrypt/utilities/utilities.go:222.16,224.3 1 0
github.com/PointerByte/GoForge/encrypt/utilities/utilities.go:226.2,226.42 1 2
github.com/PointerByte/GoForge/encrypt/utilities/utilities.go:227.23,228.24 1 0
github.com/PointerByte/GoForge/encrypt/utilities/utilities.go:229.24,231.17 2 1
github.com/PointerByte/GoForge/encrypt/utilities/utilities.go:231.17,233.4 1 0
github.com/PointerByte/GoForge/encrypt/utilities/utilities.go:234.3,234.28 1 1
github.com/PointerByte/GoForge/encrypt/utilities/utilities.go:235.10,236.57 1 1
github.com/PointerByte/GoForge/encrypt/utilities/utilities.go:241.74,243.16 2 5
github.com/PointerByte/GoForge/encrypt/utilities/utilities.go:243.16,245.3 1 1
github.com/PointerByte/GoForge/encrypt/utilities/utilities.go:247.2,248.16 2 4
github.com/PointerByte/GoForge/encrypt/utilities/utilities.go:248.16,250.3 1 1
github.com/PointerByte/GoForge/encrypt/utilities/utilities.go:252.2,252.44 1 3
github.com/PointerByte/GoForge/encrypt/utilities/utilities.go:253.24,254.25 1 0
github.com/PointerByte/GoForge/encrypt/utilities/utilities.go:255.25,257.17 2 2
github.com/PointerByte/GoForge/encrypt/utilities/utilities.go:257.17,259.4 1 0
github.com/PointerByte/GoForge/encrypt/utilities/utilities.go:260.3,260.29 1 2
github.com/PointerByte/GoForge/encrypt/utilities/utilities.go:261.10,262.58 1 1
github.com/PointerByte/GoForge/encrypt/utilities/utilities.go:267.76,269.16 2 1
github.com/PointerByte/GoForge/encrypt/utilities/utilities.go:269.16,271.3 1 0
github.com/PointerByte/GoForge/encrypt/utilities/utilities.go:273.2,274.16 2 1
github.com/PointerByte/GoForge/encrypt/utilities/utilities.go:274.16,276.3 1 0
github.com/PointerByte/GoForge/encrypt/utilities/utilities.go:278.2,278.44 1 1
github.com/PointerByte/GoForge/encrypt/utilities/utilities.go:279.24,280.25 1 0
github.com/PointerByte/GoForge/encrypt/utilities/utilities.go:281.25,283.17 2 1
github.com/PointerByte/GoForge/encrypt/utilities/utilities.go:283.17,285.4 1 0
github.com/PointerByte/GoForge/encrypt/utilities/utilities.go:286.3,286.29 1 1
github.com/PointerByte/GoForge/encrypt/utilities/utilities.go:287.10,288.58 1 0
github.com/PointerByte/GoForge/encrypt/utilities/utilities.go:293.37,295.16 2 2
github.com/PointerByte/GoForge/encrypt/utilities/utilities.go:295.16,297.3 1 1
github.com/PointerByte/GoForge/encrypt/utilities/utilities.go:298.2,299.19 2 1
github.com/PointerByte/GoForge/encrypt/utilities/utilities.go:303.52,304.18 1 2
github.com/PointerByte/GoForge/encrypt/utilities/utilities.go:304.18,306.3 1 1
github.com/PointerByte/GoForge/encrypt/utilities/utilities.go:307.2,307.23 1 1
github.com/PointerByte/GoForge/encrypt/utilities/utilities.go:311.76,312.15 1 2
github.com/PointerByte/GoForge/encrypt/utilities/utilities.go:313.24,314.26 1 1
github.com/PointerByte/GoForge/encrypt/utilities/utilities.go:315.24,316.26 1 0
github.com/PointerByte/GoForge/encrypt/utilities/utilities.go:317.24,318.26 1 0
github.com/PointerByte/GoForge/encrypt/utilities/utilities.go:319.10,320.61 1 1
github.com/PointerByte/GoForge/encrypt/utilities/utilities.go:325.58,326.15 1 1
github.com/PointerByte/GoForge/encrypt/utilities/utilities.go:327.19,328.39 1 0
github.com/PointerByte/GoForge/encrypt/utilities/utilities.go:329.19,330.39 1 0
github.com/PointerByte/GoForge/encrypt/utilities/utilities.go:331.19,332.39 1 1
github.com/PointerByte/GoForge/encrypt/utilities/utilities.go:333.10,334.49 1 0
github.com/PointerByte/GoForge/encrypt/utilities/utilities.go:339.77,341.16 2 1
github.com/PointerByte/GoForge/encrypt/utilities/utilities.go:341.16,343.3 1 0
github.com/PointerByte/GoForge/encrypt/utilities/utilities.go:344.2,344.17 1 1
github.com/PointerByte/GoForge/encrypt/utilities/utilities.go:348.71,350.16 2 1
github.com/PointerByte/GoForge/encrypt/utilities/utilities.go:350.16,352.3 1 0
github.com/PointerByte/GoForge/encrypt/utilities/utilities.go:353.2,353.61 1 1
github.com/PointerByte/GoForge/encrypt/utilities/utilities.go:357.75,359.16 2 2
github.com/PointerByte/GoForge/encrypt/utilities/utilities.go:359.16,361.3 1 0
github.com/PointerByte/GoForge/encrypt/utilities/utilities.go:363.2,364.63 2 2
github.com/PointerByte/GoForge/encrypt/utilities/utilities.go:364.63,366.3 1 0
github.com/PointerByte/GoForge/encrypt/utilities/utilities.go:367.2,367.89 1 2
github.com/PointerByte/GoForge/encrypt/utilities/utilities.go:367.89,369.3 1 1
github.com/PointerByte/GoForge/encrypt/utilities/utilities.go:370.2,370.22 1 1
github.com/PointerByte/GoForge/encrypt/utilities/utilities.go:373.47,375.16 2 10
github.com/PointerByte/GoForge/encrypt/utilities/utilities.go:375.16,377.3 1 1
github.com/PointerByte/GoForge/encrypt/utilities/utilities.go:379.2,380.18 2 9
github.com/PointerByte/GoForge/encrypt/utilities/utilities.go:380.18,382.3 1 1
github.com/PointerByte/GoForge/encrypt/utilities/utilities.go:383.2,383.25 1 8
github.com/PointerByte/GoForge/encrypt/gcp-kms/repository.go:47.77,49.17 2 0
github.com/PointerByte/GoForge/encrypt/gcp-kms/repository.go:49.17,51.4 1 0
github.com/PointerByte/GoForge/encrypt/gcp-kms/repository.go:52.3,52.61 1 0
github.com/PointerByte/GoForge/encrypt/gcp-kms/repository.go:75.132,77.2 1 1
github.com/PointerByte/GoForge/encrypt/gcp-kms/repository.go:78.153,80.2 1 1
github.com/PointerByte/GoForge/encrypt/gcp-kms/repository.go:81.126,83.2 1 1
github.com/PointerByte/GoForge/encrypt/gcp-kms/repository.go:84.126,86.2 1 1
github.com/PointerByte/GoForge/encrypt/gcp-kms/repository.go:87.153,89.2 1 1
github.com/PointerByte/GoForge/encrypt/gcp-kms/repository.go:90.160,92.2 1 1
github.com/PointerByte/GoForge/encrypt/gcp-kms/repository.go:93.122,95.2 1 1
github.com/PointerByte/GoForge/encrypt/gcp-kms/repository.go:96.122,98.2 1 1
github.com/PointerByte/GoForge/encrypt/gcp-kms/repository.go:99.143,101.2 1 1
github.com/PointerByte/GoForge/encrypt/gcp-kms/repository.go:102.152,104.2 1 1
github.com/PointerByte/GoForge/encrypt/gcp-kms/repository.go:105.134,107.2 1 1
github.com/PointerByte/GoForge/encrypt/gcp-kms/repository.go:108.122,110.2 1 1
github.com/PointerByte/GoForge/encrypt/gcp-kms/repository.go:111.128,113.2 1 1
github.com/PointerByte/GoForge/encrypt/gcp-kms/repository.go:129.51,131.2 1 3
github.com/PointerByte/GoForge/encrypt/gcp-kms/repository.go:133.41,135.2 1 2
github.com/PointerByte/GoForge/encrypt/gcp-kms/repository.go:137.39,139.2 1 3
github.com/PointerByte/GoForge/encrypt/gcp-kms/repository.go:141.53,143.2 1 3
github.com/PointerByte/GoForge/encrypt/gcp-kms/repository.go:145.51,147.2 1 2
github.com/PointerByte/GoForge/encrypt/gcp-kms/repository.go:149.34,157.2 1 1
github.com/PointerByte/GoForge/encrypt/gcp-kms/repository.go:159.149,160.37 1 3
github.com/PointerByte/GoForge/encrypt/gcp-kms/repository.go:160.37,162.3 1 1
github.com/PointerByte/GoForge/encrypt/gcp-kms/repository.go:164.2,165.16 2 2
github.com/PointerByte/GoForge/encrypt/gcp-kms/repository.go:165.16,167.3 1 0
github.com/PointerByte/GoForge/encrypt/gcp-kms/repository.go:168.2,171.16 3 2
github.com/PointerByte/GoForge/encrypt/gcp-kms/repository.go:171.16,173.3 1 0
github.com/PointerByte/GoForge/encrypt/gcp-kms/repository.go:175.2,187.16 3 2
github.com/PointerByte/GoForge/encrypt/gcp-kms/repository.go:187.16,189.3 1 1
github.com/PointerByte/GoForge/encrypt/gcp-kms/repository.go:190.2,190.99 1 1
github.com/PointerByte/GoForge/encrypt/gcp-kms/repository.go:193.121,195.16 2 2
github.com/PointerByte/GoForge/encrypt/gcp-kms/repository.go:195.16,197.3 1 0
github.com/PointerByte/GoForge/encrypt/gcp-kms/repository.go:198.2,201.16 3 2
github.com/PointerByte/GoForge/encrypt/gcp-kms/repository.go:201.16,203.3 1 0
github.com/PointerByte/GoForge/encrypt/gcp-kms/repository.go:204.2,205.16 2 2
github.com/PointerByte/GoForge/encrypt/gcp-kms/repository.go:205.16,207.3 1 1
github.com/PointerByte/GoForge/encrypt/gcp-kms/repository.go:209.2,210.16 2 1
github.com/PointerByte/GoForge/encrypt/gcp-kms/repository.go:210.16,212.3 1 0
github.com/PointerByte/GoForge/encrypt/gcp-kms/repository.go:213.2,219.16 2 1
github.com/PointerByte/GoForge/encrypt/gcp-kms/repository.go:219.16,221.3 1 0
github.com/PointerByte/GoForge/encrypt/gcp-kms/repository.go:222.2,223.23 2 1
github.com/PointerByte/GoForge/encrypt/gcp-kms/repository.go:223.23,225.3 1 0
github.com/PointerByte/GoForge/encrypt/gcp-kms/repository.go:227.2,227.63 1 1
github.com/PointerByte/GoForge/encrypt/gcp-kms/repository.go:227.63,229.17 2 1
github.com/PointerByte/GoForge/encrypt/gcp-kms/repository.go:229.17,231.4 1 0
github.com/PointerByte/GoForge/encrypt/gcp-kms/repository.go:232.3,236.17 2 1
github.com/PointerByte/GoForge/encrypt/gcp-kms/repository.go:236.17,238.4 1 0
github.com/PointerByte/GoForge/encrypt/gcp-kms/repository.go:241.2,241.78 1 1
github.com/PointerByte/GoForge/encrypt/gcp-kms/repository.go:244.115,246.16 2 2
github.com/PointerByte/GoForge/encrypt/gcp-kms/repository.go:246.16,248.3 1 0
github.com/PointerByte/GoForge/encrypt/gcp-kms/repository.go:249.2,252.16 3 2
github.com/PointerByte/GoForge/encrypt/gcp-kms/repository.go:252.16,254.3 1 0
github.com/PointerByte/GoForge/encrypt/gcp-kms/repository.go:255.2,256.16 2 2
github.com/PointerByte/GoForge/encrypt/gcp-kms/repository.go:256.16,258.3 1 1
github.com/PointerByte/GoForge/encrypt/gcp-kms/repository.go:259.2,259.78 1 1
github.com/PointerByte/GoForge/encrypt/gcp-kms/repository.go:262.110,264.16 2 2
github.com/PointerByte/GoForge/encrypt/gcp-kms/repository.go:264.16,266.3 1 0
github.com/PointerByte/GoForge/encrypt/gcp-kms/repository.go:267.2,270.16 3 2
github.com/PointerByte/GoForge/encrypt/gcp-kms/repository.go:270.16,272.3 1 0
github.com/PointerByte/GoForge/encrypt/gcp-kms/repository.go:273.2,274.16 2 2
github.com/PointerByte/GoForge/encrypt/gcp-kms/repository.go:274.16,276.3 1 1
github.com/PointerByte/GoForge/encrypt/gcp-kms/repository.go:278.2,285.17 2 1
github.com/PointerByte/GoForge/encrypt/gcp-kms/repository.go:285.17,287.3 1 0
github.com/PointerByte/GoForge/encrypt/gcp-kms/repository.go:288.2,288.12 1 1
github.com/PointerByte/GoForge/encrypt/gcp-kms/repository.go:291.120,292.46 1 3
github.com/PointerByte/GoForge/encrypt/gcp-kms/repository.go:292.46,294.3 1 0
github.com/PointerByte/GoForge/encrypt/gcp-kms/repository.go:296.2,297.16 2 3
github.com/PointerByte/GoForge/encrypt/gcp-kms/repository.go:297.16,299.3 1 0
github.com/PointerByte/GoForge/encrypt/gcp-kms/repository.go:300.2,303.16 3 3
github.com/PointerByte/GoForge/encrypt/gcp-kms/repository.go:303.16,305.3 1 0
github.com/PointerByte/GoForge/encrypt/gcp-kms/repository.go:306.2,311.16 2 3
github.com/PointerByte/GoForge/encrypt/gcp-kms/repository.go:311.16,313.3 1 2
github.com/PointerByte/GoForge/encrypt/gcp-kms/repository.go:314.2,314.68 1 1
github.com/PointerByte/GoForge/encrypt/gcp-kms/repository.go:317.120,318.46 1 4
github.com/PointerByte/GoForge/encrypt/gcp-kms/repository.go:318.46,320.3 1 1
github.com/PointerByte/GoForge/encrypt/gcp-kms/repository.go:322.2,323.16 2 3
github.com/PointerByte/GoForge/encrypt/gcp-kms/repository.go:323.16,325.3 1 0
github.com/PointerByte/GoForge/encrypt/gcp-kms/repository.go:326.2,329.16 3 3
github.com/PointerByte/GoForge/encrypt/gcp-kms/repository.go:329.16,331.3 1 0
github.com/PointerByte/GoForge/encrypt/gcp-kms/repository.go:332.2,333.16 2 3
github.com/PointerByte/GoForge/encrypt/gcp-kms/repository.go:333.16,335.3 1 1
github.com/PointerByte/GoForge/encrypt/gcp-kms/repository.go:336.2,341.16 2 2
github.com/PointerByte/GoForge/encrypt/gcp-kms/repository.go:341.16,343.3 1 1
github.com/PointerByte/GoForge/encrypt/gcp-kms/repository.go:344.2,344.40 1 1
github.com/PointerByte/GoForge/encrypt/gcp-kms/repository.go:347.95,348.45 1 2
github.com/PointerByte/GoForge/encrypt/gcp-kms/repository.go:348.45,350.3 1 0
github.com/PointerByte/GoForge/encrypt/gcp-kms/repository.go:352.2,353.16 2 2
github.com/PointerByte/GoForge/encrypt/gcp-kms/repository.go:353.16,355.3 1 0
github.com/PointerByte/GoForge/encrypt/gcp-kms/repository.go:356.2,359.16 3 2
github.com/PointerByte/GoForge/encrypt/gcp-kms/repository.go:359.16,361.3 1 0
github.com/PointerByte/GoForge/encrypt/gcp-kms/repository.go:362.2,363.16 2 2
github.com/PointerByte/GoForge/encrypt/gcp-kms/repository.go:363.16,365.3 1 1
github.com/PointerByte/GoForge/encrypt/gcp-kms/repository.go:366.2,366.56 1 1
github.com/PointerByte/GoForge/encrypt/gcp-kms/repository.go:369.89,371.2 1 1
github.com/PointerByte/GoForge/encrypt/gcp-kms/repository.go:373.86,375.2 1 1
github.com/PointerByte/GoForge/encrypt/gcp-kms/repository.go:377.151,379.16 2 2
github.com/PointerByte/GoForge/encrypt/gcp-kms/repository.go:379.16,381.3 1 0
github.com/PointerByte/GoForge/encrypt/gcp-kms/repository.go:383.2,384.16 2 2
github.com/PointerByte/GoForge/encrypt/gcp-kms/repository.go:384.16,386.3 1 0
github.com/PointerByte/GoForge/encrypt/gcp-kms/repository.go:387.2,390.16 3 2
github.com/PointerByte/GoForge/encrypt/gcp-kms/repository.go:390.16,392.3 1 0
github.com/PointerByte/GoForge/encrypt/gcp-kms/repository.go:393.2,405.16 3 2
github.com/PointerByte/GoForge/encrypt/gcp-kms/repository.go:405.16,407.3 1 1
github.com/PointerByte/GoForge/encrypt/gcp-kms/repository.go:409.2,410.16 2 1
github.com/PointerByte/GoForge/encrypt/gcp-kms/repository.go:410.16,412.3 1 0
github.com/PointerByte/GoForge/encrypt/gcp-kms/repository.go:413.2,414.16 2 1
github.com/PointerByte/GoForge/encrypt/gcp-kms/repository.go:414.16,416.3 1 0
github.com/PointerByte/GoForge/encrypt/gcp-kms/repository.go:417.2,422.8 1 1
github.com/PointerByte/GoForge/encrypt/gcp-kms/repository.go:425.122,426.83 1 3
github.com/PointerByte/GoForge/encrypt/gcp-kms/repository.go:426.83,428.3 1 1
github.com/PointerByte/GoForge/encrypt/gcp-kms/repository.go:429.2,429.98 1 2
github.com/PointerByte/GoForge/encrypt/gcp-kms/repository.go:429.98,431.3 1 0
github.com/PointerByte/GoForge/encrypt/gcp-kms/repository.go:433.2,434.16 2 2
github.com/PointerByte/GoForge/encrypt/gcp-kms/repository.go:434.16,436.3 1 0
github.com/PointerByte/GoForge/encrypt/gcp-kms/repository.go:437.2,440.16 3 2
github.com/PointerByte/GoForge/encrypt/gcp-kms/repository.go:440.16,442.3 1 0
github.com/PointerByte/GoForge/encrypt/gcp-kms/repository.go:443.2,444.16 2 2
github.com/PointerByte/GoForge/encrypt/gcp-kms/repository.go:444.16,446.3 1 1
github.com/PointerByte/GoForge/encrypt/gcp-kms/repository.go:447.2,447.105 1 1
github.com/PointerByte/GoForge/encrypt/gcp-kms/repository.go:450.122,451.85 1 3
github.com/PointerByte/GoForge/encrypt/gcp-kms/repository.go:451.85,453.3 1 1
github.com/PointerByte/GoForge/encrypt/gcp-kms/repository.go:454.2,455.16 2 2
github.com/PointerByte/GoForge/encrypt/gcp-kms/repository.go:455.16,457.3 1 1
github.com/PointerByte/GoForge/encrypt/gcp-kms/repository.go:458.2,459.16 2 1
github.com/PointerByte/GoForge/encrypt/gcp-kms/repository.go:459.16,461.3 1 0
github.com/PointerByte/GoForge/encrypt/gcp-kms/repository.go:463.2,464.16 2 1
github.com/PointerByte/GoForge/encrypt/gcp-kms/repository.go:464.16,466.3 1 0
github.com/PointerByte/GoForge/encrypt/gcp-kms/repository.go:467.2,470.16 3 1
github.com/PointerByte/GoForge/encrypt/gcp-kms/repository.go:470.16,472.3 1 0
github.com/PointerByte/GoForge/encrypt/gcp-kms/repository.go:473.2,477.16 2 1
github.com/PointerByte/GoForge/encrypt/gcp-kms/repository.go:477.16,479.3 1 0
github.com/PointerByte/GoForge/encrypt/gcp-kms/repository.go:480.2,481.16 2 1
github.com/PointerByte/GoForge/encrypt/gcp-kms/repository.go:481.16,483.3 1 0
github.com/PointerByte/GoForge/encrypt/gcp-kms/repository.go:484.2,489.4 1 1
github.com/PointerByte/GoForge/encrypt/gcp-kms/repository.go:492.139,494.16 2 3
github.com/PointerByte/GoForge/encrypt/gcp-kms/repository.go:494.16,496.3 1 1
github.com/PointerByte/GoForge/encrypt/gcp-kms/repository.go:498.2,499.16 2 2
github.com/PointerByte/GoForge/encrypt/gcp-kms/repository.go:499.16,501.3 1 0
github.com/PointerByte/GoForge/encrypt/gcp-kms/repository.go:502.2,505.16 3 2
github.com/PointerByte/GoForge/encrypt/gcp-kms/repository.go:505.16,507.3 1 0
github.com/PointerByte/GoForge/encrypt/gcp-kms/repository.go:508.2,520.16 3 2
github.com/PointerByte/GoForge/encrypt/gcp-kms/repository.go:520.16,522.3 1 1
github.com/PointerByte/GoForge/encrypt/gcp-kms/repository.go:524.2,525.16 2 1
github.com/PointerByte/GoForge/encrypt/gcp-kms/repository.go:525.16,527.3 1 0
github.com/PointerByte/GoForge/encrypt/gcp-kms/repository.go:528.2,529.16 2 1
github.com/PointerByte/GoForge/encrypt/gcp-kms/repository.go:529.16,531.3 1 0
github.com/PointerByte/GoForge/encrypt/gcp-kms/repository.go:533.2,538.8 1 1
github.com/PointerByte/GoForge/encrypt/gcp-kms/repository.go:541.129,542.82 1 4
github.com/PointerByte/GoForge/encrypt/gcp-kms/repository.go:542.82,544.3 1 1
github.com/PointerByte/GoForge/encrypt/gcp-kms/repository.go:546.2,547.16 2 3
github.com/PointerByte/GoForge/encrypt/gcp-kms/repository.go:547.16,549.3 1 0
github.com/PointerByte/GoForge/encrypt/gcp-kms/repository.go:550.2,553.16 3 3
github.com/PointerByte/GoForge/encrypt/gcp-kms/repository.go:553.16,555.3 1 0
github.com/PointerByte/GoForge/encrypt/gcp-kms/repository.go:556.2,557.16 2 3
github.com/PointerByte/GoForge/encrypt/gcp-kms/repository.go:557.16,559.3 1 2
github.com/PointerByte/GoForge/encrypt/gcp-kms/repository.go:560.2,564.4 1 1
github.com/PointerByte/GoForge/encrypt/gcp-kms/repository.go:567.129,568.84 1 4
github.com/PointerByte/GoForge/encrypt/gcp-kms/repository.go:568.84,570.3 1 1
github.com/PointerByte/GoForge/encrypt/gcp-kms/repository.go:572.2,573.16 2 3
github.com/PointerByte/GoForge/encrypt/gcp-kms/repository.go:573.16,575.3 1 0
github.com/PointerByte/GoForge/encrypt/gcp-kms/repository.go:576.2,579.16 3 3
github.com/PointerByte/GoForge/encrypt/gcp-kms/repository.go:579.16,581.3 1 0
github.com/PointerByte/GoForge/encrypt/gcp-kms/repository.go:582.2,583.16 2 3
github.com/PointerByte/GoForge/encrypt/gcp-kms/repository.go:583.16,585.3 1 1
github.com/PointerByte/GoForge/encrypt/gcp-kms/repository.go:586.2,587.16 2 2
github.com/PointerByte/GoForge/encrypt/gcp-kms/repository.go:587.16,589.3 1 1
github.com/PointerByte/GoForge/encrypt/gcp-kms/repository.go:590.2,590.40 1 1
github.com/PointerByte/GoForge/encrypt/gcp-kms/repository.go:593.104,596.16 2 2
github.com/PointerByte/GoForge/encrypt/gcp-kms/repository.go:596.16,598.3 1 0
github.com/PointerByte/GoForge/encrypt/gcp-kms/repository.go:599.2,602.16 3 2
github.com/PointerByte/GoForge/encrypt/gcp-kms/repository.go:602.16,604.3 1 0
github.com/PointerByte/GoForge/encrypt/gcp-kms/repository.go:605.2,616.16 3 2
github.com/PointerByte/GoForge/encrypt/gcp-kms/repository.go:616.16,618.3 1 1
github.com/PointerByte/GoForge/encrypt/gcp-kms/repository.go:620.2,621.16 2 1
github.com/PointerByte/GoForge/encrypt/gcp-kms/repository.go:621.16,623.3 1 0
github.com/PointerByte/GoForge/encrypt/gcp-kms/repository.go:624.2,625.16 2 1
github.com/PointerByte/GoForge/encrypt/gcp-kms/repository.go:625.16,627.3 1 0
github.com/PointerByte/GoForge/encrypt/gcp-kms/repository.go:629.2,634.8 1 1
github.com/PointerByte/GoForge/encrypt/gcp-kms/repository.go:637.114,638.82 1 4
github.com/PointerByte/GoForge/encrypt/gcp-kms/repository.go:638.82,640.3 1 1
github.com/PointerByte/GoForge/encrypt/gcp-kms/repository.go:642.2,643.16 2 3
github.com/PointerByte/GoForge/encrypt/gcp-kms/repository.go:643.16,645.3 1 0
github.com/PointerByte/GoForge/encrypt/gcp-kms/repository.go:646.2,649.16 3 3
github.com/PointerByte/GoForge/encrypt/gcp-kms/repository.go:649.16,651.3 1 0
github.com/PointerByte/GoForge/encrypt/gcp-kms/repository.go:652.2,653.16 2 3
github.com/PointerByte/GoForge/encrypt/gcp-kms/repository.go:653.16,655.3 1 2
github.com/PointerByte/GoForge/encrypt/gcp-kms/repository.go:656.2,656.67 1 1
github.com/PointerByte/GoForge/encrypt/gcp-kms/repository.go:659.116,660.80 1 4
github.com/PointerByte/GoForge/encrypt/gcp-kms/repository.go:660.80,662.3 1 1
github.com/PointerByte/GoForge/encrypt/gcp-kms/repository.go:664.2,665.16 2 3
github.com/PointerByte/GoForge/encrypt/gcp-kms/repository.go:665.16,667.3 1 0
github.com/PointerByte/GoForge/encrypt/gcp-kms/repository.go:668.2,671.16 3 3
github.com/PointerByte/GoForge/encrypt/gcp-kms/repository.go:671.16,673.3 1 0
github.com/PointerByte/GoForge/encrypt/gcp-kms/repository.go:674.2,675.16 2 3
github.com/PointerByte/GoForge/encrypt/gcp-kms/repository.go:675.16,677.3 1 2
github.com/PointerByte/GoForge/encrypt/gcp-kms/repository.go:678.2,679.16 2 1
github.com/PointerByte/GoForge/encrypt/gcp-kms/repository.go:679.16,681.3 1 0
github.com/PointerByte/GoForge/encrypt/gcp-kms/repository.go:682.2,683.9 2 1
github.com/PointerByte/GoForge/encrypt/gcp-kms/repository.go:683.9,685.3 1 0
github.com/PointerByte/GoForge/encrypt/gcp-kms/repository.go:686.2,687.16 2 1
github.com/PointerByte/GoForge/encrypt/gcp-kms/repository.go:687.16,689.3 1 0
github.com/PointerByte/GoForge/encrypt/gcp-kms/repository.go:690.2,690.64 1 1
github.com/PointerByte/GoForge/encrypt/gcp-kms/repository.go:690.64,692.3 1 0
github.com/PointerByte/GoForge/encrypt/gcp-kms/repository.go:693.2,693.12 1 1
github.com/PointerByte/GoForge/encrypt/gcp-kms/repository.go:696.113,697.78 1 4
github.com/PointerByte/GoForge/encrypt/gcp-kms/repository.go:697.78,699.3 1 1
github.com/PointerByte/GoForge/encrypt/gcp-kms/repository.go:701.2,702.16 2 3
github.com/PointerByte/GoForge/encrypt/gcp-kms/repository.go:702.16,704.3 1 0
github.com/PointerByte/GoForge/encrypt/gcp-kms/repository.go:705.2,708.16 3 3
github.com/PointerByte/GoForge/encrypt/gcp-kms/repository.go:708.16,710.3 1 0
github.com/PointerByte/GoForge/encrypt/gcp-kms/repository.go:711.2,716.16 3 3
github.com/PointerByte/GoForge/encrypt/gcp-kms/repository.go:716.16,718.3 1 2
github.com/PointerByte/GoForge/encrypt/gcp-kms/repository.go:719.2,719.67 1 1
github.com/PointerByte/GoForge/encrypt/gcp-kms/repository.go:722.115,723.76 1 4
github.com/PointerByte/GoForge/encrypt/gcp-kms/repository.go:723.76,725.3 1 1
github.com/PointerByte/GoForge/encrypt/gcp-kms/repository.go:727.2,728.16 2 3
github.com/PointerByte/GoForge/encrypt/gcp-kms/repository.go:728.16,730.3 1 0
github.com/PointerByte/GoForge/encrypt/gcp-kms/repository.go:731.2,734.16 3 3
github.com/PointerByte/GoForge/encrypt/gcp-kms/repository.go:734.16,736.3 1 0
github.com/PointerByte/GoForge/encrypt/gcp-kms/repository.go:737.2,738.16 2 3
github.com/PointerByte/GoForge/encrypt/gcp-kms/repository.go:738.16,740.3 1 2
github.com/PointerByte/GoForge/encrypt/gcp-kms/repository.go:741.2,742.16 2 1
github.com/PointerByte/GoForge/encrypt/gcp-kms/repository.go:742.16,744.3 1 0
github.com/PointerByte/GoForge/encrypt/gcp-kms/repository.go:745.2,746.9 2 1
github.com/PointerByte/GoForge/encrypt/gcp-kms/repository.go:746.9,748.3 1 0
github.com/PointerByte/GoForge/encrypt/gcp-kms/repository.go:749.2,750.16 2 1
github.com/PointerByte/GoForge/encrypt/gcp-kms/repository.go:750.16,752.3 1 0
github.com/PointerByte/GoForge/encrypt/gcp-kms/repository.go:753.2,754.99 2 1
github.com/PointerByte/GoForge/encrypt/gcp-kms/repository.go:754.99,756.3 1 0
github.com/PointerByte/GoForge/encrypt/gcp-kms/repository.go:757.2,757.12 1 1
github.com/PointerByte/GoForge/encrypt/gcp-kms/repository.go:760.127,761.66 1 3
github.com/PointerByte/GoForge/encrypt/gcp-kms/repository.go:761.66,763.3 1 1
github.com/PointerByte/GoForge/encrypt/gcp-kms/repository.go:765.2,766.16 2 2
github.com/PointerByte/GoForge/encrypt/gcp-kms/repository.go:766.16,768.3 1 0
github.com/PointerByte/GoForge/encrypt/gcp-kms/repository.go:769.2,772.16 3 2
github.com/PointerByte/GoForge/encrypt/gcp-kms/repository.go:772.16,774.3 1 0
github.com/PointerByte/GoForge/encrypt/gcp-kms/repository.go:775.2,780.16 3 2
github.com/PointerByte/GoForge/encrypt/gcp-kms/repository.go:780.16,782.3 1 1
github.com/PointerByte/GoForge/encrypt/gcp-kms/repository.go:783.2,783.67 1 1
github.com/PointerByte/GoForge/encrypt/gcp-kms/repository.go:786.136,787.64 1 4
github.com/PointerByte/GoForge/encrypt/gcp-kms/repository.go:787.64,789.3 1 1
github.com/PointerByte/GoForge/encrypt/gcp-kms/repository.go:791.2,792.16 2 3
github.com/PointerByte/GoForge/encrypt/gcp-kms/repository.go:792.16,794.3 1 0
github.com/PointerByte/GoForge/encrypt/gcp-kms/repository.go:795.2,798.16 3 3
github.com/PointerByte/GoForge/encrypt/gcp-kms/repository.go:798.16,800.3 1 0
github.com/PointerByte/GoForge/encrypt/gcp-kms/repository.go:801.2,802.16 2 3
github.com/PointerByte/GoForge/encrypt/gcp-kms/repository.go:802.16,804.3 1 2
github.com/PointerByte/GoForge/encrypt/gcp-kms/repository.go:805.2,806.16 2 1
github.com/PointerByte/GoForge/encrypt/gcp-kms/repository.go:806.16,808.3 1 0
github.com/PointerByte/GoForge/encrypt/gcp-kms/repository.go:809.2,810.9 2 1
github.com/PointerByte/GoForge/encrypt/gcp-kms/repository.go:810.9,812.3 1 0
github.com/PointerByte/GoForge/encrypt/gcp-kms/repository.go:813.2,814.16 2 1
github.com/PointerByte/GoForge/encrypt/gcp-kms/repository.go:814.16,816.3 1 0
github.com/PointerByte/GoForge/encrypt/gcp-kms/repository.go:817.2,818.99 2 1
github.com/PointerByte/GoForge/encrypt/gcp-kms/repository.go:818.99,820.3 1 0
github.com/PointerByte/GoForge/encrypt/gcp-kms/repository.go:821.2,821.12 1 1
github.com/PointerByte/GoForge/encrypt/gcp-kms/repository.go:824.62,826.2 1 49
github.com/PointerByte/GoForge/encrypt/gcp-kms/repository.go:828.34,829.92 1 30
github.com/PointerByte/GoForge/encrypt/gcp-kms/repository.go:829.92,831.3 1 27
github.com/PointerByte/GoForge/encrypt/gcp-kms/repository.go:832.2,832.62 1 3
github.com/PointerByte/GoForge/encrypt/gcp-kms/repository.go:835.56,837.18 2 14
github.com/PointerByte/GoForge/encrypt/gcp-kms/repository.go:837.18,839.3 1 13
github.com/PointerByte/GoForge/encrypt/gcp-kms/repository.go:840.2,840.18 1 14
github.com/PointerByte/GoForge/encrypt/gcp-kms/repository.go:840.18,842.3 1 1
github.com/PointerByte/GoForge/encrypt/gcp-kms/repository.go:844.2,845.26 2 13
github.com/PointerByte/GoForge/encrypt/gcp-kms/repository.go:845.26,846.44 1 91
github.com/PointerByte/GoForge/encrypt/gcp-kms/repository.go:846.44,848.4 1 13
github.com/PointerByte/GoForge/encrypt/gcp-kms/repository.go:850.2,850.37 1 0
github.com/PointerByte/GoForge/encrypt/gcp-kms/repository.go:853.58,855.18 2 9
github.com/PointerByte/GoForge/encrypt/gcp-kms/repository.go:855.18,857.3 1 2
github.com/PointerByte/GoForge/encrypt/gcp-kms/repository.go:858.2,858.18 1 9
github.com/PointerByte/GoForge/encrypt/gcp-kms/repository.go:858.18,860.3 1 1
github.com/PointerByte/GoForge/encrypt/gcp-kms/repository.go:861.2,861.71 1 8
github.com/PointerByte/GoForge/encrypt/gcp-kms/repository.go:861.71,863.3 1 3
github.com/PointerByte/GoForge/encrypt/gcp-kms/repository.go:864.2,864.46 1 5
github.com/PointerByte/GoForge/encrypt/gcp-kms/repository.go:864.46,866.3 1 5
github.com/PointerByte/GoForge/encrypt/gcp-kms/repository.go:867.2,867.35 1 0
github.com/PointerByte/GoForge/encrypt/gcp-kms/repository.go:870.65,872.18 2 29
github.com/PointerByte/GoForge/encrypt/gcp-kms/repository.go:872.18,874.3 1 11
github.com/PointerByte/GoForge/encrypt/gcp-kms/repository.go:875.2,875.18 1 29
github.com/PointerByte/GoForge/encrypt/gcp-kms/repository.go:875.18,877.3 1 0
github.com/PointerByte/GoForge/encrypt/gcp-kms/repository.go:878.2,878.53 1 29
github.com/PointerByte/GoForge/encrypt/gcp-kms/repository.go:878.53,880.3 1 28
github.com/PointerByte/GoForge/encrypt/gcp-kms/repository.go:881.2,881.37 1 1
github.com/PointerByte/GoForge/encrypt/gcp-kms/repository.go:884.67,886.18 2 10
github.com/PointerByte/GoForge/encrypt/gcp-kms/repository.go:886.18,888.3 1 2
github.com/PointerByte/GoForge/encrypt/gcp-kms/repository.go:889.2,889.18 1 10
github.com/PointerByte/GoForge/encrypt/gcp-kms/repository.go:889.18,891.3 1 1
github.com/PointerByte/GoForge/encrypt/gcp-kms/repository.go:892.2,892.53 1 9
github.com/PointerByte/GoForge/encrypt/gcp-kms/repository.go:892.53,894.17 2 1
github.com/PointerByte/GoForge/encrypt/gcp-kms/repository.go:894.17,896.4 1 0
github.com/PointerByte/GoForge/encrypt/gcp-kms/repository.go:897.3,897.30 1 1
github.com/PointerByte/GoForge/encrypt/gcp-kms/repository.go:899.2,899.46 1 8
github.com/PointerByte/GoForge/encrypt/gcp-kms/repository.go:899.46,901.3 1 4
github.com/PointerByte/GoForge/encrypt/gcp-kms/repository.go:903.2,904.16 2 4
github.com/PointerByte/GoForge/encrypt/gcp-kms/repository.go:904.16,906.3 1 0
github.com/PointerByte/GoForge/encrypt/gcp-kms/repository.go:907.2,907.79 1 4
github.com/PointerByte/GoForge/encrypt/gcp-kms/repository.go:910.196,911.47 1 4
github.com/PointerByte/GoForge/encrypt/gcp-kms/repository.go:911.47,913.3 1 1
github.com/PointerByte/GoForge/encrypt/gcp-kms/repository.go:914.2,920.16 2 3
github.com/PointerByte/GoForge/encrypt/gcp-kms/repository.go:920.16,922.3 1 0
github.com/PointerByte/GoForge/encrypt/gcp-kms/repository.go:923.2,923.29 1 3
github.com/PointerByte/GoForge/encrypt/gcp-kms/repository.go:923.29,925.3 1 1
github.com/PointerByte/GoForge/encrypt/gcp-kms/repository.go:926.2,926.31 1 2
github.com/PointerByte/GoForge/encrypt/gcp-kms/repository.go:929.162,931.19 2 6
github.com/PointerByte/GoForge/encrypt/gcp-kms/repository.go:931.19,933.3 1 2
github.com/PointerByte/GoForge/encrypt/gcp-kms/repository.go:934.2,934.19 1 6
github.com/PointerByte/GoForge/encrypt/gcp-kms/repository.go:934.19,936.3 1 1
github.com/PointerByte/GoForge/encrypt/gcp-kms/repository.go:938.2,944.32 2 5
github.com/PointerByte/GoForge/encrypt/gcp-kms/repository.go:945.75,948.17 3 2
github.com/PointerByte/GoForge/encrypt/gcp-kms/repository.go:948.17,950.4 1 0
github.com/PointerByte/GoForge/encrypt/gcp-kms/repository.go:951.3,952.37 2 2
github.com/PointerByte/GoForge/encrypt/gcp-kms/repository.go:953.41,956.17 3 1
github.com/PointerByte/GoForge/encrypt/gcp-kms/repository.go:956.17,958.4 1 0
github.com/PointerByte/GoForge/encrypt/gcp-kms/repository.go:959.3,960.37 2 1
github.com/PointerByte/GoForge/encrypt/gcp-kms/repository.go:961.10,962.27 1 2
github.com/PointerByte/GoForge/encrypt/gcp-kms/repository.go:964.2,964.21 1 5
github.com/PointerByte/GoForge/encrypt/gcp-kms/repository.go:967.113,968.80 1 4
github.com/PointerByte/GoForge/encrypt/gcp-kms/repository.go:968.80,970.3 1 2
github.com/PointerByte/GoForge/encrypt/gcp-kms/repository.go:971.2,971.63 1 2
github.com/PointerByte/GoForge/encrypt/gcp-kms/repository.go:971.63,973.3 1 1
github.com/PointerByte/GoForge/encrypt/gcp-kms/repository.go:974.2,974.80 1 1
github.com/PointerByte/GoForge/encrypt/gcp-kms/repository.go:977.98,978.42 1 7
github.com/PointerByte/GoForge/encrypt/gcp-kms/repository.go:978.42,980.3 1 2
github.com/PointerByte/GoForge/encrypt/gcp-kms/repository.go:981.2,981.82 1 5
github.com/PointerByte/GoForge/encrypt/gcp-kms/repository.go:981.82,983.3 1 1
github.com/PointerByte/GoForge/encrypt/gcp-kms/repository.go:984.2,984.65 1 4
github.com/PointerByte/GoForge/encrypt/gcp-kms/repository.go:987.46,989.26 2 5
github.com/PointerByte/GoForge/encrypt/gcp-kms/repository.go:989.26,990.57 1 35
github.com/PointerByte/GoForge/encrypt/gcp-kms/repository.go:990.57,992.4 1 5
github.com/PointerByte/GoForge/encrypt/gcp-kms/repository.go:994.2,994.16 1 0
github.com/PointerByte/GoForge/encrypt/gcp-kms/repository.go:997.64,999.26 2 1
github.com/PointerByte/GoForge/encrypt/gcp-kms/repository.go:999.26,1000.64 1 9
github.com/PointerByte/GoForge/encrypt/gcp-kms/repository.go:1000.64,1002.4 1 1
github.com/PointerByte/GoForge/encrypt/gcp-kms/repository.go:1004.2,1004.37 1 0
github.com/PointerByte/GoForge/encrypt/gcp-kms/repository.go:1007.102,1009.16 2 17
github.com/PointerByte/GoForge/encrypt/gcp-kms/repository.go:1009.16,1011.3 1 0
github.com/PointerByte/GoForge/encrypt/gcp-kms/repository.go:1012.2,1013.18 2 17
github.com/PointerByte/GoForge/encrypt/gcp-kms/repository.go:1013.18,1015.3 1 9
github.com/PointerByte/GoForge/encrypt/gcp-kms/repository.go:1016.2,1016.25 1 8
github.com/PointerByte/GoForge/encrypt/gcp-kms/repository.go:1019.155,1024.16 2 6
github.com/PointerByte/GoForge/encrypt/gcp-kms/repository.go:1024.16,1026.3 1 0
github.com/PointerByte/GoForge/encrypt/gcp-kms/repository.go:1027.2,1028.58 2 6
github.com/PointerByte/GoForge/encrypt/gcp-kms/repository.go:1028.58,1030.3 1 2
github.com/PointerByte/GoForge/encrypt/gcp-kms/repository.go:1031.2,1032.25 2 4
github.com/PointerByte/GoForge/encrypt/gcp-kms/repository.go:1032.25,1034.3 1 1
github.com/PointerByte/GoForge/encrypt/gcp-kms/repository.go:1035.2,1035.34 1 3
github.com/PointerByte/GoForge/encrypt/gcp-kms/repository.go:1038.49,1040.17 2 8
github.com/PointerByte/GoForge/encrypt/gcp-kms/repository.go:1040.17,1042.3 1 7
github.com/PointerByte/GoForge/encrypt/gcp-kms/repository.go:1043.2,1043.40 1 1
github.com/PointerByte/GoForge/encrypt/gcp-kms/repository.go:1046.41,1049.28 3 10
github.com/PointerByte/GoForge/encrypt/gcp-kms/repository.go:1049.28,1050.10 1 85
github.com/PointerByte/GoForge/encrypt/gcp-kms/repository.go:1051.29,1052.24 1 77
github.com/PointerByte/GoForge/encrypt/gcp-kms/repository.go:1053.29,1054.24 1 3
github.com/PointerByte/GoForge/encrypt/gcp-kms/repository.go:1055.29,1056.24 1 3
github.com/PointerByte/GoForge/encrypt/gcp-kms/repository.go:1057.11,1058.26 1 2
github.com/PointerByte/GoForge/encrypt/gcp-kms/repository.go:1061.2,1062.21 2 10
github.com/PointerByte/GoForge/encrypt/gcp-kms/repository.go:1062.21,1064.3 1 1
github.com/PointerByte/GoForge/encrypt/gcp-kms/repository.go:1065.2,1065.14 1 10
github.com/PointerByte/GoForge/encrypt/gcp-kms/repository.go:1068.66,1069.34 1 7
github.com/PointerByte/GoForge/encrypt/gcp-kms/repository.go:1069.34,1071.3 1 6
github.com/PointerByte/GoForge/encrypt/gcp-kms/repository.go:1072.2,1072.23 1 1
github.com/PointerByte/GoForge/encrypt/gcp-kms/repository.go:1072.23,1074.3 1 0
github.com/PointerByte/GoForge/encrypt/gcp-kms/repository.go:1075.2,1075.43 1 1
github.com/PointerByte/GoForge/encrypt/gcp-kms/repository.go:1078.117,1079.14 1 6
github.com/PointerByte/GoForge/encrypt/gcp-kms/repository.go:1080.26,1081.66 1 2
github.com/PointerByte/GoForge/encrypt/gcp-kms/repository.go:1082.26,1083.66 1 1
github.com/PointerByte/GoForge/encrypt/gcp-kms/repository.go:1084.26,1085.66 1 1
github.com/PointerByte/GoForge/encrypt/gcp-kms/repository.go:1086.10,1087.70 1 2
github.com/PointerByte/GoForge/encrypt/gcp-kms/repository.go:1091.113,1092.15 1 5
github.com/PointerByte/GoForge/encrypt/gcp-kms/repository.go:1093.24,1094.48 1 2
github.com/PointerByte/GoForge/encrypt/gcp-kms/repository.go:1095.42,1096.49 1 2
github.com/PointerByte/GoForge/encrypt/gcp-kms/repository.go:1097.10,1098.76 1 1
github.com/PointerByte/GoForge/encrypt/gcp-kms/repository.go:1102.102,1103.19 1 9
github.com/PointerByte/GoForge/encrypt/gcp-kms/repository.go:1104.41,1105.27 1 5
github.com/PointerByte/GoForge/encrypt/gcp-kms/repository.go:1106.42,1107.28 1 1
github.com/PointerByte/GoForge/encrypt/gcp-kms/repository.go:1108.10,1109.98 1 3
github.com/PointerByte/GoForge/encrypt/gcp-kms/repository.go:1113.111,1114.24 1 4
github.com/PointerByte/GoForge/encrypt/gcp-kms/repository.go:1115.37,1116.48 1 2
github.com/PointerByte/GoForge/encrypt/gcp-kms/repository.go:1117.38,1118.49 1 1
github.com/PointerByte/GoForge/encrypt/gcp-kms/repository.go:1119.10,1120.87 1 1
github.com/PointerByte/GoForge/encrypt/gcp-kms/repository.go:1124.92,1126.16 2 3
github.com/PointerByte/GoForge/encrypt/gcp-kms/repository.go:1126.16,1128.3 1 2
github.com/PointerByte/GoForge/encrypt/gcp-kms/repository.go:1129.2,1130.16 2 1
github.com/PointerByte/GoForge/encrypt/gcp-kms/repository.go:1130.16,1132.3 1 0
github.com/PointerByte/GoForge/encrypt/gcp-kms/repository.go:1133.2,1134.16 2 1
github.com/PointerByte/GoForge/encrypt/gcp-kms/repository.go:1134.16,1136.3 1 0
github.com/PointerByte/GoForge/encrypt/gcp-kms/repository.go:1137.2,1138.16 2 1
github.com/PointerByte/GoForge/encrypt/gcp-kms/repository.go:1138.16,1140.3 1 0
github.com/PointerByte/GoForge/encrypt/gcp-kms/repository.go:1141.2,1142.16 2 1
github.com/PointerByte/GoForge/encrypt/gcp-kms/repository.go:1142.16,1144.3 1 0
github.com/PointerByte/GoForge/encrypt/gcp-kms/repository.go:1145.2,1151.16 2 1
github.com/PointerByte/GoForge/encrypt/gcp-kms/repository.go:1151.16,1153.3 1 0
github.com/PointerByte/GoForge/encrypt/gcp-kms/repository.go:1154.2,1158.4 1 1
github.com/PointerByte/GoForge/encrypt/gcp-kms/repository.go:1161.126,1162.19 1 4
github.com/PointerByte/GoForge/encrypt/gcp-kms/repository.go:1163.41,1165.17 2 2
github.com/PointerByte/GoForge/encrypt/gcp-kms/repository.go:1165.17,1167.4 1 1
github.com/PointerByte/GoForge/encrypt/gcp-kms/repository.go:1168.3,1169.39 2 1
github.com/PointerByte/GoForge/encrypt/gcp-kms/repository.go:1170.42,1172.17 2 1
github.com/PointerByte/GoForge/encrypt/gcp-kms/repository.go:1172.17,1174.4 1 0
github.com/PointerByte/GoForge/encrypt/gcp-kms/repository.go:1175.3,1176.39 2 1
github.com/PointerByte/GoForge/encrypt/gcp-kms/repository.go:1177.10,1178.104 1 1
github.com/PointerByte/GoForge/encrypt/gcp-kms/repository.go:1182.51,1184.19 2 7
github.com/PointerByte/GoForge/encrypt/gcp-kms/repository.go:1184.19,1186.3 1 1
github.com/PointerByte/GoForge/encrypt/gcp-kms/repository.go:1187.2,1187.48 1 6
github.com/PointerByte/GoForge/encrypt/azure-key-vault/repository.go:52.119,54.3 1 0
github.com/PointerByte/GoForge/encrypt/azure-key-vault/repository.go:55.103,57.3 1 0
github.com/PointerByte/GoForge/encrypt/azure-key-vault/repository.go:58.95,60.17 2 0
github.com/PointerByte/GoForge/encrypt/azure-key-vault/repository.go:60.17,62.4 1 0
github.com/PointerByte/GoForge/encrypt/azure-key-vault/repository.go:63.3,66.9 1 0
github.com/PointerByte/GoForge/encrypt/azure-key-vault/repository.go:133.51,135.2 1 5
github.com/PointerByte/GoForge/encrypt/azure-key-vault/repository.go:137.41,139.2 1 2
github.com/PointerByte/GoForge/encrypt/azure-key-vault/repository.go:141.39,143.2 1 3
github.com/PointerByte/GoForge/encrypt/azure-key-vault/repository.go:145.53,147.2 1 4
github.com/PointerByte/GoForge/encrypt/azure-key-vault/repository.go:149.51,151.2 1 3
github.com/PointerByte/GoForge/encrypt/azure-key-vault/repository.go:153.34,161.2 1 1
github.com/PointerByte/GoForge/encrypt/azure-key-vault/repository.go:163.149,164.37 1 4
[...]
github.com/PointerByte/GoForge/encrypt/azure-key-vault/repository.go:577.16,579.3 1 2
github.com/PointerByte/GoForge/encrypt/azure-key-vault/repository.go:580.2,580.64 1 1
github.com/PointerByte/GoForge/encrypt/azure-key-vault/repository.go:583.129,584.84 1 4
github.com/PointerByte/GoForge/encrypt/azure-key-vault/repository.go:584.84,586.3 1 1
github.com/PointerByte/GoForge/encrypt/azure-key-vault/repository.go:588.2,589.16 2 3
github.com/PointerByte/GoForge/encrypt/azure-key-vault/repository.go:589.16,591.3 1 0
github.com/PointerByte/GoForge/encrypt/azure-key-vault/repository.go:592.2,593.16 2 3
github.com/PointerByte/GoForge/encrypt/azure-key-vault/repository.go:593.16,595.3 1 0
github.com/PointerByte/GoForge/encrypt/azure-key-vault/repository.go:597.2,598.16 2 3
github.com/PointerByte/GoForge/encrypt/azure-key-vault/repository.go:598.16,600.3 1 1
github.com/PointerByte/GoForge/encrypt/azure-key-vault/repository.go:601.2,605.16 2 2
github.com/PointerByte/GoForge/encrypt/azure-key-vault/repository.go:605.16,607.3 1 1
github.com/PointerByte/GoForge/encrypt/azure-key-vault/repository.go:608.2,608.37 1 1
github.com/PointerByte/GoForge/encrypt/azure-key-vault/repository.go:611.104,612.16 1 1
github.com/PointerByte/GoForge/encrypt/azure-key-vault/repository.go:612.16,614.3 1 0
github.com/PointerByte/GoForge/encrypt/azure-key-vault/repository.go:615.2,615.34 1 1
github.com/PointerByte/GoForge/encrypt/azure-key-vault/repository.go:615.34,617.3 1 0
github.com/PointerByte/GoForge/encrypt/azure-key-vault/repository.go:618.2,618.40 1 1
github.com/PointerByte/GoForge/encrypt/azure-key-vault/repository.go:621.114,622.82 1 2
github.com/PointerByte/GoForge/encrypt/azure-key-vault/repository.go:622.82,624.3 1 1
github.com/PointerByte/GoForge/encrypt/azure-key-vault/repository.go:625.2,625.39 1 1
github.com/PointerByte/GoForge/encrypt/azure-key-vault/repository.go:628.116,629.80 1 2
github.com/PointerByte/GoForge/encrypt/azure-key-vault/repository.go:629.80,631.3 1 1
github.com/PointerByte/GoForge/encrypt/azure-key-vault/repository.go:632.2,632.35 1 1
github.com/PointerByte/GoForge/encrypt/azure-key-vault/repository.go:635.113,636.78 1 4
github.com/PointerByte/GoForge/encrypt/azure-key-vault/repository.go:636.78,638.3 1 1
github.com/PointerByte/GoForge/encrypt/azure-key-vault/repository.go:640.2,641.16 2 3
github.com/PointerByte/GoForge/encrypt/azure-key-vault/repository.go:641.16,643.3 1 0
github.com/PointerByte/GoForge/encrypt/azure-key-vault/repository.go:644.2,645.16 2 3
github.com/PointerByte/GoForge/encrypt/azure-key-vault/repository.go:645.16,647.3 1 0
github.com/PointerByte/GoForge/encrypt/azure-key-vault/repository.go:649.2,654.16 3 3
github.com/PointerByte/GoForge/encrypt/azure-key-vault/repository.go:654.16,656.3 1 2
github.com/PointerByte/GoForge/encrypt/azure-key-vault/repository.go:657.2,657.64 1 1
github.com/PointerByte/GoForge/encrypt/azure-key-vault/repository.go:660.115,661.76 1 5
github.com/PointerByte/GoForge/encrypt/azure-key-vault/repository.go:661.76,663.3 1 1
github.com/PointerByte/GoForge/encrypt/azure-key-vault/repository.go:665.2,666.16 2 4
github.com/PointerByte/GoForge/encrypt/azure-key-vault/repository.go:666.16,668.3 1 0
github.com/PointerByte/GoForge/encrypt/azure-key-vault/repository.go:669.2,670.16 2 4
github.com/PointerByte/GoForge/encrypt/azure-key-vault/repository.go:670.16,672.3 1 0
github.com/PointerByte/GoForge/encrypt/azure-key-vault/repository.go:674.2,675.16 2 4
github.com/PointerByte/GoForge/encrypt/azure-key-vault/repository.go:675.16,677.3 1 1
github.com/PointerByte/GoForge/encrypt/azure-key-vault/repository.go:678.2,684.16 3 3
github.com/PointerByte/GoForge/encrypt/azure-key-vault/repository.go:684.16,686.3 1 1
github.com/PointerByte/GoForge/encrypt/azure-key-vault/repository.go:687.2,687.32 1 2
github.com/PointerByte/GoForge/encrypt/azure-key-vault/repository.go:687.32,689.3 1 1
github.com/PointerByte/GoForge/encrypt/azure-key-vault/repository.go:690.2,690.12 1 1
github.com/PointerByte/GoForge/encrypt/azure-key-vault/repository.go:693.127,694.65 1 3
github.com/PointerByte/GoForge/encrypt/azure-key-vault/repository.go:694.65,696.3 1 1
github.com/PointerByte/GoForge/encrypt/azure-key-vault/repository.go:698.2,699.16 2 2
github.com/PointerByte/GoForge/encrypt/azure-key-vault/repository.go:699.16,701.3 1 0
github.com/PointerByte/GoForge/encrypt/azure-key-vault/repository.go:702.2,703.16 2 2
github.com/PointerByte/GoForge/encrypt/azure-key-vault/repository.go:703.16,705.3 1 0
github.com/PointerByte/GoForge/encrypt/azure-key-vault/repository.go:707.2,712.16 3 2
github.com/PointerByte/GoForge/encrypt/azure-key-vault/repository.go:712.16,714.3 1 1
github.com/PointerByte/GoForge/encrypt/azure-key-vault/repository.go:715.2,715.64 1 1
github.com/PointerByte/GoForge/encrypt/azure-key-vault/repository.go:718.136,719.63 1 4
github.com/PointerByte/GoForge/encrypt/azure-key-vault/repository.go:719.63,721.3 1 1
github.com/PointerByte/GoForge/encrypt/azure-key-vault/repository.go:723.2,724.16 2 3
github.com/PointerByte/GoForge/encrypt/azure-key-vault/repository.go:724.16,726.3 1 0
github.com/PointerByte/GoForge/encrypt/azure-key-vault/repository.go:727.2,728.16 2 3
github.com/PointerByte/GoForge/encrypt/azure-key-vault/repository.go:728.16,730.3 1 0
github.com/PointerByte/GoForge/encrypt/azure-key-vault/repository.go:732.2,733.16 2 3
github.com/PointerByte/GoForge/encrypt/azure-key-vault/repository.go:733.16,735.3 1 1
github.com/PointerByte/GoForge/encrypt/azure-key-vault/repository.go:736.2,742.16 3 2
github.com/PointerByte/GoForge/encrypt/azure-key-vault/repository.go:742.16,744.3 1 0
github.com/PointerByte/GoForge/encrypt/azure-key-vault/repository.go:745.2,745.32 1 2
github.com/PointerByte/GoForge/encrypt/azure-key-vault/repository.go:745.32,747.3 1 1
github.com/PointerByte/GoForge/encrypt/azure-key-vault/repository.go:748.2,748.12 1 1
github.com/PointerByte/GoForge/encrypt/azure-key-vault/repository.go:751.94,753.28 2 47
github.com/PointerByte/GoForge/encrypt/azure-key-vault/repository.go:753.28,756.17 3 7
github.com/PointerByte/GoForge/encrypt/azure-key-vault/repository.go:756.17,758.4 1 0
github.com/PointerByte/GoForge/encrypt/azure-key-vault/repository.go:761.2,762.16 2 47
github.com/PointerByte/GoForge/encrypt/azure-key-vault/repository.go:762.16,764.3 1 1
github.com/PointerByte/GoForge/encrypt/azure-key-vault/repository.go:765.2,766.16 2 46
github.com/PointerByte/GoForge/encrypt/azure-key-vault/repository.go:766.16,768.3 1 1
github.com/PointerByte/GoForge/encrypt/azure-key-vault/repository.go:769.2,769.38 1 45
github.com/PointerByte/GoForge/encrypt/azure-key-vault/repository.go:772.71,774.18 2 43
github.com/PointerByte/GoForge/encrypt/azure-key-vault/repository.go:774.18,776.3 1 9
github.com/PointerByte/GoForge/encrypt/azure-key-vault/repository.go:777.2,777.18 1 43
github.com/PointerByte/GoForge/encrypt/azure-key-vault/repository.go:777.18,779.3 1 1
github.com/PointerByte/GoForge/encrypt/azure-key-vault/repository.go:781.2,782.16 2 42
github.com/PointerByte/GoForge/encrypt/azure-key-vault/repository.go:782.16,784.3 1 0
github.com/PointerByte/GoForge/encrypt/azure-key-vault/repository.go:785.2,785.46 1 42
github.com/PointerByte/GoForge/encrypt/azure-key-vault/repository.go:785.46,787.3 1 1
github.com/PointerByte/GoForge/encrypt/azure-key-vault/repository.go:789.2,790.48 2 41
github.com/PointerByte/GoForge/encrypt/azure-key-vault/repository.go:790.48,792.3 1 0
github.com/PointerByte/GoForge/encrypt/azure-key-vault/repository.go:794.2,799.23 2 41
github.com/PointerByte/GoForge/encrypt/azure-key-vault/repository.go:799.23,801.3 1 41
github.com/PointerByte/GoForge/encrypt/azure-key-vault/repository.go:802.2,802.23 1 41
github.com/PointerByte/GoForge/encrypt/azure-key-vault/repository.go:805.77,807.59 2 6
github.com/PointerByte/GoForge/encrypt/azure-key-vault/repository.go:807.59,809.3 1 3
github.com/PointerByte/GoForge/encrypt/azure-key-vault/repository.go:811.2,812.16 2 3
github.com/PointerByte/GoForge/encrypt/azure-key-vault/repository.go:812.16,814.3 1 0
github.com/PointerByte/GoForge/encrypt/azure-key-vault/repository.go:815.2,820.8 2 3
github.com/PointerByte/GoForge/encrypt/azure-key-vault/repository.go:823.45,824.97 1 13
github.com/PointerByte/GoForge/encrypt/azure-key-vault/repository.go:824.97,826.3 1 11
github.com/PointerByte/GoForge/encrypt/azure-key-vault/repository.go:827.2,827.96 1 2
github.com/PointerByte/GoForge/encrypt/azure-key-vault/repository.go:827.96,829.3 1 1
github.com/PointerByte/GoForge/encrypt/azure-key-vault/repository.go:831.2,832.21 2 1
github.com/PointerByte/GoForge/encrypt/azure-key-vault/repository.go:832.21,834.3 1 0
github.com/PointerByte/GoForge/encrypt/azure-key-vault/repository.go:835.2,836.16 2 1
github.com/PointerByte/GoForge/encrypt/azure-key-vault/repository.go:836.16,838.3 1 0
github.com/PointerByte/GoForge/encrypt/azure-key-vault/repository.go:839.2,839.29 1 1
github.com/PointerByte/GoForge/encrypt/azure-key-vault/repository.go:842.36,843.94 1 13
github.com/PointerByte/GoForge/encrypt/azure-key-vault/repository.go:843.94,845.3 1 10
github.com/PointerByte/GoForge/encrypt/azure-key-vault/repository.go:846.2,846.64 1 3
github.com/PointerByte/GoForge/encrypt/azure-key-vault/repository.go:849.65,850.14 1 5
github.com/PointerByte/GoForge/encrypt/azure-key-vault/repository.go:851.66,852.24 1 4
github.com/PointerByte/GoForge/encrypt/azure-key-vault/repository.go:853.10,854.78 1 1
github.com/PointerByte/GoForge/encrypt/azure-key-vault/repository.go:858.84,859.15 1 6
github.com/PointerByte/GoForge/encrypt/azure-key-vault/repository.go:860.24,861.35 1 2
github.com/PointerByte/GoForge/encrypt/azure-key-vault/repository.go:862.24,863.35 1 1
github.com/PointerByte/GoForge/encrypt/azure-key-vault/repository.go:864.24,865.35 1 1
github.com/PointerByte/GoForge/encrypt/azure-key-vault/repository.go:866.10,867.78 1 2
github.com/PointerByte/GoForge/encrypt/azure-key-vault/repository.go:871.105,872.48 1 13
github.com/PointerByte/GoForge/encrypt/azure-key-vault/repository.go:872.48,875.3 2 8
github.com/PointerByte/GoForge/encrypt/azure-key-vault/repository.go:876.2,876.39 1 5
github.com/PointerByte/GoForge/encrypt/azure-key-vault/repository.go:876.39,878.3 1 1
github.com/PointerByte/GoForge/encrypt/azure-key-vault/repository.go:879.2,880.29 2 4
github.com/PointerByte/GoForge/encrypt/azure-key-vault/repository.go:883.105,885.16 2 5
github.com/PointerByte/GoForge/encrypt/azure-key-vault/repository.go:885.16,887.3 1 0
github.com/PointerByte/GoForge/encrypt/azure-key-vault/repository.go:889.2,894.23 2 5
github.com/PointerByte/GoForge/encrypt/azure-key-vault/repository.go:894.23,896.3 1 0
github.com/PointerByte/GoForge/encrypt/azure-key-vault/repository.go:898.2,898.9 1 5
github.com/PointerByte/GoForge/encrypt/azure-key-vault/repository.go:899.36,901.17 2 1
github.com/PointerByte/GoForge/encrypt/azure-key-vault/repository.go:901.17,903.4 1 0
github.com/PointerByte/GoForge/encrypt/azure-key-vault/repository.go:904.3,905.17 2 1
github.com/PointerByte/GoForge/encrypt/azure-key-vault/repository.go:905.17,907.4 1 0
github.com/PointerByte/GoForge/encrypt/azure-key-vault/repository.go:908.3,908.67 1 1
github.com/PointerByte/GoForge/encrypt/azure-key-vault/repository.go:909.35,911.17 2 1
github.com/PointerByte/GoForge/encrypt/azure-key-vault/repository.go:911.17,913.4 1 0
github.com/PointerByte/GoForge/encrypt/azure-key-vault/repository.go:914.3,915.17 2 1
github.com/PointerByte/GoForge/encrypt/azure-key-vault/repository.go:915.17,917.4 1 0
github.com/PointerByte/GoForge/encrypt/azure-key-vault/repository.go:918.3,918.67 1 1
github.com/PointerByte/GoForge/encrypt/azure-key-vault/repository.go:920.2,920.21 1 5
github.com/PointerByte/GoForge/encrypt/azure-key-vault/repository.go:923.57,924.23 1 7
github.com/PointerByte/GoForge/encrypt/azure-key-vault/repository.go:924.23,926.3 1 1
github.com/PointerByte/GoForge/encrypt/azure-key-vault/repository.go:927.2,927.112 1 6
github.com/PointerByte/GoForge/encrypt/azure-key-vault/repository.go:927.112,929.3 1 2
github.com/PointerByte/GoForge/encrypt/azure-key-vault/repository.go:930.2,930.55 1 4
github.com/PointerByte/GoForge/encrypt/azure-key-vault/repository.go:933.56,934.23 1 6
github.com/PointerByte/GoForge/encrypt/azure-key-vault/repository.go:934.23,936.3 1 1
github.com/PointerByte/GoForge/encrypt/azure-key-vault/repository.go:937.2,937.110 1 5
github.com/PointerByte/GoForge/encrypt/azure-key-vault/repository.go:937.110,939.3 1 2
github.com/PointerByte/GoForge/encrypt/azure-key-vault/repository.go:940.2,940.80 1 3
github.com/PointerByte/GoForge/encrypt/azure-key-vault/repository.go:943.85,944.100 1 4
github.com/PointerByte/GoForge/encrypt/azure-key-vault/repository.go:944.100,946.3 1 1
github.com/PointerByte/GoForge/encrypt/azure-key-vault/repository.go:948.2,949.16 2 3
github.com/PointerByte/GoForge/encrypt/azure-key-vault/repository.go:949.16,951.3 1 0
github.com/PointerByte/GoForge/encrypt/azure-key-vault/repository.go:953.2,954.16 2 3
github.com/PointerByte/GoForge/encrypt/azure-key-vault/repository.go:954.16,956.3 1 0
github.com/PointerByte/GoForge/encrypt/azure-key-vault/repository.go:957.2,958.16 2 3
github.com/PointerByte/GoForge/encrypt/azure-key-vault/repository.go:958.16,960.3 1 0
github.com/PointerByte/GoForge/encrypt/azure-key-vault/repository.go:962.2,968.16 6 3
github.com/PointerByte/GoForge/encrypt/azure-key-vault/repository.go:968.16,970.3 1 0
github.com/PointerByte/GoForge/encrypt/azure-key-vault/repository.go:971.2,971.23 1 3
github.com/PointerByte/GoForge/encrypt/azure-key-vault/repository.go:974.81,976.16 2 9
github.com/PointerByte/GoForge/encrypt/azure-key-vault/repository.go:976.16,978.3 1 1
github.com/PointerByte/GoForge/encrypt/azure-key-vault/repository.go:980.2,980.42 1 8
github.com/PointerByte/GoForge/encrypt/azure-key-vault/repository.go:981.23,983.17 2 0
github.com/PointerByte/GoForge/encrypt/azure-key-vault/repository.go:983.17,985.4 1 0
github.com/PointerByte/GoForge/encrypt/azure-key-vault/repository.go:986.3,987.77 2 0
github.com/PointerByte/GoForge/encrypt/azure-key-vault/repository.go:987.77,989.4 1 0
github.com/PointerByte/GoForge/encrypt/azure-key-vault/repository.go:991.3,996.9 1 0
github.com/PointerByte/GoForge/encrypt/azure-key-vault/repository.go:997.24,999.17 2 7
github.com/PointerByte/GoForge/encrypt/azure-key-vault/repository.go:999.17,1001.4 1 0
github.com/PointerByte/GoForge/encrypt/azure-key-vault/repository.go:1002.3,1003.17 2 7
github.com/PointerByte/GoForge/encrypt/azure-key-vault/repository.go:1003.17,1005.4 1 0
github.com/PointerByte/GoForge/encrypt/azure-key-vault/repository.go:1006.3,1007.17 2 7
github.com/PointerByte/GoForge/encrypt/azure-key-vault/repository.go:1007.17,1009.4 1 0
github.com/PointerByte/GoForge/encrypt/azure-key-vault/repository.go:1010.3,1015.9 1 7
github.com/PointerByte/GoForge/encrypt/azure-key-vault/repository.go:1016.10,1017.58 1 1
github.com/PointerByte/GoForge/encrypt/azure-key-vault/repository.go:1021.78,1022.15 1 6
github.com/PointerByte/GoForge/encrypt/azure-key-vault/repository.go:1023.28,1024.30 1 3
github.com/PointerByte/GoForge/encrypt/azure-key-vault/repository.go:1025.28,1026.30 1 1
github.com/PointerByte/GoForge/encrypt/azure-key-vault/repository.go:1027.28,1028.30 1 1
github.com/PointerByte/GoForge/encrypt/azure-key-vault/repository.go:1029.10,1030.82 1 1
github.com/PointerByte/GoForge/encrypt/azure-key-vault/repository.go:1034.78,1035.15 1 4
github.com/PointerByte/GoForge/encrypt/azure-key-vault/repository.go:1036.19,1037.39 1 1
github.com/PointerByte/GoForge/encrypt/azure-key-vault/repository.go:1038.19,1039.39 1 1
github.com/PointerByte/GoForge/encrypt/azure-key-vault/repository.go:1040.19,1041.39 1 1
github.com/PointerByte/GoForge/encrypt/azure-key-vault/repository.go:1042.10,1043.53 1 1
github.com/PointerByte/GoForge/encrypt/azure-key-vault/repository.go:1047.83,1048.15 1 7
github.com/PointerByte/GoForge/encrypt/azure-key-vault/repository.go:1049.23,1050.39 1 7
github.com/PointerByte/GoForge/encrypt/azure-key-vault/repository.go:1051.23,1052.39 1 0
github.com/PointerByte/GoForge/encrypt/azure-key-vault/repository.go:1053.23,1054.39 1 0
github.com/PointerByte/GoForge/encrypt/azure-key-vault/repository.go:1055.10,1056.53 1 0
github.com/PointerByte/GoForge/encrypt/azure-key-vault/repository.go:1060.69,1061.28 1 20
github.com/PointerByte/GoForge/encrypt/azure-key-vault/repository.go:1061.28,1063.3 1 0
github.com/PointerByte/GoForge/encrypt/azure-key-vault/repository.go:1064.2,1066.20 3 20
github.com/PointerByte/GoForge/encrypt/azure-key-vault/repository.go:1069.144,1071.16 2 6
github.com/PointerByte/GoForge/encrypt/azure-key-vault/repository.go:1071.16,1073.3 1 0
github.com/PointerByte/GoForge/encrypt/azure-key-vault/repository.go:1074.2,1078.16 2 6
github.com/PointerByte/GoForge/encrypt/azure-key-vault/repository.go:1078.16,1080.3 1 0
github.com/PointerByte/GoForge/encrypt/azure-key-vault/repository.go:1082.2,1084.16 3 6
github.com/PointerByte/GoForge/encrypt/azure-key-vault/repository.go:1084.16,1086.3 1 0
github.com/PointerByte/GoForge/encrypt/azure-key-vault/repository.go:1087.2,1093.16 4 6
github.com/PointerByte/GoForge/encrypt/azure-key-vault/repository.go:1093.16,1095.3 1 1
github.com/PointerByte/GoForge/encrypt/azure-key-vault/repository.go:1096.2,1099.16 3 5
github.com/PointerByte/GoForge/encrypt/azure-key-vault/repository.go:1099.16,1101.3 1 0
github.com/PointerByte/GoForge/encrypt/azure-key-vault/repository.go:1102.2,1105.16 3 5
github.com/PointerByte/GoForge/encrypt/azure-key-vault/repository.go:1105.16,1107.3 1 0
github.com/PointerByte/GoForge/encrypt/azure-key-vault/repository.go:1108.2,1108.94 1 5
github.com/PointerByte/GoForge/encrypt/azure-key-vault/repository.go:1108.94,1110.3 1 1
github.com/PointerByte/GoForge/encrypt/azure-key-vault/repository.go:1112.2,1113.54 2 4
github.com/PointerByte/GoForge/encrypt/azure-key-vault/repository.go:1113.54,1115.3 1 1
github.com/PointerByte/GoForge/encrypt/azure-key-vault/repository.go:1116.2,1116.43 1 3
github.com/PointerByte/GoForge/encrypt/azure-key-vault/repository.go:1116.43,1118.3 1 1
github.com/PointerByte/GoForge/encrypt/azure-key-vault/repository.go:1119.2,1120.16 2 2
github.com/PointerByte/GoForge/encrypt/azure-key-vault/repository.go:1120.16,1122.3 1 1
github.com/PointerByte/GoForge/encrypt/azure-key-vault/repository.go:1123.2,1123.26 1 1
github.com/PointerByte/GoForge/encrypt/azure-key-vault/repository.go:1126.57,1127.75 1 5
github.com/PointerByte/GoForge/encrypt/azure-key-vault/repository.go:1127.75,1129.3 1 3
github.com/PointerByte/GoForge/encrypt/azure-key-vault/repository.go:1130.2,1130.47 1 2
github.com/PointerByte/GoForge/encrypt/azure-key-vault/repository.go:1133.83,1134.75 1 4
github.com/PointerByte/GoForge/encrypt/azure-key-vault/repository.go:1134.75,1136.3 1 1
github.com/PointerByte/GoForge/encrypt/azure-key-vault/repository.go:1137.2,1140.8 1 3
github.com/PointerByte/GoForge/encrypt/azure-key-vault/repository.go:1143.50,1145.19 2 8
github.com/PointerByte/GoForge/encrypt/azure-key-vault/repository.go:1145.19,1147.3 1 1
github.com/PointerByte/GoForge/encrypt/azure-key-vault/repository.go:1148.2,1148.86 1 7
github.com/PointerByte/GoForge/encrypt/azure-key-vault/repository.go:1151.50,1152.34 1 9
github.com/PointerByte/GoForge/encrypt/azure-key-vault/repository.go:1152.34,1154.3 1 8
github.com/PointerByte/GoForge/encrypt/azure-key-vault/repository.go:1155.2,1155.44 1 1
github.com/PointerByte/GoForge/encrypt/azure-key-vault/repository.go:1158.68,1159.34 1 7
github.com/PointerByte/GoForge/encrypt/azure-key-vault/repository.go:1159.34,1161.3 1 6
github.com/PointerByte/GoForge/encrypt/azure-key-vault/repository.go:1162.2,1162.23 1 1
github.com/PointerByte/GoForge/encrypt/azure-key-vault/repository.go:1162.23,1164.3 1 0
github.com/PointerByte/GoForge/encrypt/azure-key-vault/repository.go:1165.2,1165.43 1 1
github.com/PointerByte/GoForge/encrypt/azure-key-vault/repository.go:1168.34,1170.2 1 6
github.com/PointerByte/GoForge/encrypt/azure-key-vault/repository.go:1172.29,1174.2 1 62
