mode: atomic
github.com/PointerByte/GoForge/encrypt/internal/trace/trace.go:42.61,44.9 2 4
github.com/PointerByte/GoForge/encrypt/internal/trace/trace.go:44.9,45.22 1 2
github.com/PointerByte/GoForge/encrypt/internal/trace/trace.go:45.23,45.24 0 3
github.com/PointerByte/GoForge/encrypt/internal/trace/trace.go:48.2,55.25 3 2
github.com/PointerByte/GoForge/encrypt/internal/trace/trace.go:55.25,56.17 1 2
github.com/PointerByte/GoForge/encrypt/internal/trace/trace.go:56.17,58.4 1 1
github.com/PointerByte/GoForge/encrypt/internal/trace/trace.go:59.3,59.20 1 2
github.com/PointerByte/GoForge/encrypt/repository.go:16.51,24.2 1 1
github.com/PointerByte/GoForge/encrypt/common/enums.go:41.45,42.11 1 0
github.com/PointerByte/GoForge/encrypt/common/enums.go:43.17,44.17 1 0
github.com/PointerByte/GoForge/encrypt/common/enums.go:45.17,46.17 1 0
github.com/PointerByte/GoForge/encrypt/common/enums.go:47.17,48.17 1 0
github.com/PointerByte/GoForge/encrypt/common/enums.go:49.10,50.19 1 0
github.com/PointerByte/GoForge/encrypt/aws-kms/repository.go:36.62,38.3 1 0
github.com/PointerByte/GoForge/encrypt/aws-kms/repository.go:76.51,78.2 1 5
github.com/PointerByte/GoForge/encrypt/aws-kms/repository.go:80.41,82.2 1 4
github.com/PointerByte/GoForge/encrypt/aws-kms/repository.go:84.39,86.2 1 5
github.com/PointerByte/GoForge/encrypt/aws-kms/repository.go:88.53,92.2 1 6
github.com/PointerByte/GoForge/encrypt/aws-kms/repository.go:94.51,98.2 1 6
github.com/PointerByte/GoForge/encrypt/aws-kms/repository.go:100.34,108.2 1 3
github.com/PointerByte/GoForge/encrypt/aws-kms/repository.go:110.158,114.16 4 6
github.com/PointerByte/GoForge/encrypt/aws-kms/repository.go:114.16,116.3 1 1
github.com/PointerByte/GoForge/encrypt/aws-kms/repository.go:118.2,119.16 2 5
github.com/PointerByte/GoForge/encrypt/aws-kms/repository.go:119.16,121.3 1 1
github.com/PointerByte/GoForge/encrypt/aws-kms/repository.go:123.2,129.16 2 4
github.com/PointerByte/GoForge/encrypt/aws-kms/repository.go:129.16,131.3 1 1
github.com/PointerByte/GoForge/encrypt/aws-kms/repository.go:132.2,132.99 1 3
github.com/PointerByte/GoForge/encrypt/aws-kms/repository.go:132.99,134.3 1 1
github.com/PointerByte/GoForge/encrypt/aws-kms/repository.go:136.2,143.8 3 2
github.com/PointerByte/GoForge/encrypt/aws-kms/repository.go:146.130,150.16 4 3
github.com/PointerByte/GoForge/encrypt/aws-kms/repository.go:150.16,152.3 1 1
github.com/PointerByte/GoForge/encrypt/aws-kms/repository.go:154.2,155.16 2 2
github.com/PointerByte/GoForge/encrypt/aws-kms/repository.go:155.16,157.3 1 0
github.com/PointerByte/GoForge/encrypt/aws-kms/repository.go:159.2,160.16 2 2
github.com/PointerByte/GoForge/encrypt/aws-kms/repository.go:160.16,162.3 1 0
github.com/PointerByte/GoForge/encrypt/aws-kms/repository.go:163.2,163.39 1 2
github.com/PointerByte/GoForge/encrypt/aws-kms/repository.go:163.39,165.3 1 0
github.com/PointerByte/GoForge/encrypt/aws-kms/repository.go:166.2,167.71 1 2
github.com/PointerByte/GoForge/encrypt/aws-kms/repository.go:167.71,169.3 1 1
github.com/PointerByte/GoForge/encrypt/aws-kms/repository.go:171.2,171.115 1 1
github.com/PointerByte/GoForge/encrypt/aws-kms/repository.go:171.115,173.3 1 0
github.com/PointerByte/GoForge/encrypt/aws-kms/repository.go:175.2,175.51 1 1
github.com/PointerByte/GoForge/encrypt/aws-kms/repository.go:178.124,182.16 4 2
github.com/PointerByte/GoForge/encrypt/aws-kms/repository.go:182.16,184.3 1 1
github.com/PointerByte/GoForge/encrypt/aws-kms/repository.go:186.2,187.16 2 1
github.com/PointerByte/GoForge/encrypt/aws-kms/repository.go:187.16,189.3 1 0
github.com/PointerByte/GoForge/encrypt/aws-kms/repository.go:191.2,191.51 1 1
github.com/PointerByte/GoForge/encrypt/aws-kms/repository.go:194.116,198.16 4 2
github.com/PointerByte/GoForge/encrypt/aws-kms/repository.go:198.16,200.3 1 1
github.com/PointerByte/GoForge/encrypt/aws-kms/repository.go:202.2,203.16 2 1
github.com/PointerByte/GoForge/encrypt/aws-kms/repository.go:203.16,205.3 1 0
github.com/PointerByte/GoForge/encrypt/aws-kms/repository.go:207.2,207.101 1 1
github.com/PointerByte/GoForge/encrypt/aws-kms/repository.go:207.101,209.3 1 0
github.com/PointerByte/GoForge/encrypt/aws-kms/repository.go:210.2,210.12 1 1
github.com/PointerByte/GoForge/encrypt/aws-kms/repository.go:213.128,216.46 3 3
github.com/PointerByte/GoForge/encrypt/aws-kms/repository.go:216.46,218.3 1 1
github.com/PointerByte/GoForge/encrypt/aws-kms/repository.go:220.2,221.16 2 2
github.com/PointerByte/GoForge/encrypt/aws-kms/repository.go:221.16,223.3 1 0
github.com/PointerByte/GoForge/encrypt/aws-kms/repository.go:225.2,226.16 2 2
github.com/PointerByte/GoForge/encrypt/aws-kms/repository.go:226.16,228.3 1 0
github.com/PointerByte/GoForge/encrypt/aws-kms/repository.go:230.2,234.107 2 2
github.com/PointerByte/GoForge/encrypt/aws-kms/repository.go:234.107,236.3 1 1
github.com/PointerByte/GoForge/encrypt/aws-kms/repository.go:238.2,239.16 2 2
github.com/PointerByte/GoForge/encrypt/aws-kms/repository.go:239.16,241.3 1 1
github.com/PointerByte/GoForge/encrypt/aws-kms/repository.go:242.2,242.70 1 1
github.com/PointerByte/GoForge/encrypt/aws-kms/repository.go:245.128,248.46 3 3
github.com/PointerByte/GoForge/encrypt/aws-kms/repository.go:248.46,250.3 1 0
github.com/PointerByte/GoForge/encrypt/aws-kms/repository.go:252.2,253.16 2 3
github.com/PointerByte/GoForge/encrypt/aws-kms/repository.go:253.16,255.3 1 0
github.com/PointerByte/GoForge/encrypt/aws-kms/repository.go:257.2,258.16 2 3
github.com/PointerByte/GoForge/encrypt/aws-kms/repository.go:258.16,260.3 1 0
github.com/PointerByte/GoForge/encrypt/aws-kms/repository.go:262.2,263.16 2 3
github.com/PointerByte/GoForge/encrypt/aws-kms/repository.go:263.16,265.3 1 1
github.com/PointerByte/GoForge/encrypt/aws-kms/repository.go:267.2,271.107 2 2
github.com/PointerByte/GoForge/encrypt/aws-kms/repository.go:271.107,273.3 1 2
github.com/PointerByte/GoForge/encrypt/aws-kms/repository.go:275.2,276.16 2 2
github.com/PointerByte/GoForge/encrypt/aws-kms/repository.go:276.16,278.3 1 1
github.com/PointerByte/GoForge/encrypt/aws-kms/repository.go:279.2,279.38 1 1
github.com/PointerByte/GoForge/encrypt/aws-kms/repository.go:282.95,284.45 2 2
github.com/PointerByte/GoForge/encrypt/aws-kms/repository.go:284.45,286.3 1 0
github.com/PointerByte/GoForge/encrypt/aws-kms/repository.go:288.2,289.16 2 2
github.com/PointerByte/GoForge/encrypt/aws-kms/repository.go:289.16,291.3 1 0
github.com/PointerByte/GoForge/encrypt/aws-kms/repository.go:293.2,294.16 2 2
github.com/PointerByte/GoForge/encrypt/aws-kms/repository.go:294.16,296.3 1 0
github.com/PointerByte/GoForge/encrypt/aws-kms/repository.go:298.2,303.16 2 2
github.com/PointerByte/GoForge/encrypt/aws-kms/repository.go:303.16,305.3 1 1
github.com/PointerByte/GoForge/encrypt/aws-kms/repository.go:306.2,306.54 1 1
github.com/PointerByte/GoForge/encrypt/aws-kms/repository.go:309.89,312.2 2 1
github.com/PointerByte/GoForge/encrypt/aws-kms/repository.go:314.86,317.2 2 1
github.com/PointerByte/GoForge/encrypt/aws-kms/repository.go:319.160,323.16 4 3
github.com/PointerByte/GoForge/encrypt/aws-kms/repository.go:323.16,325.3 1 1
github.com/PointerByte/GoForge/encrypt/aws-kms/repository.go:327.2,328.16 2 2
github.com/PointerByte/GoForge/encrypt/aws-kms/repository.go:328.16,330.3 1 1
github.com/PointerByte/GoForge/encrypt/aws-kms/repository.go:332.2,338.16 2 1
github.com/PointerByte/GoForge/encrypt/aws-kms/repository.go:338.16,340.3 1 0
github.com/PointerByte/GoForge/encrypt/aws-kms/repository.go:341.2,341.99 1 1
github.com/PointerByte/GoForge/encrypt/aws-kms/repository.go:341.99,343.3 1 0
github.com/PointerByte/GoForge/encrypt/aws-kms/repository.go:345.2,346.16 2 1
github.com/PointerByte/GoForge/encrypt/aws-kms/repository.go:346.16,348.3 1 0
github.com/PointerByte/GoForge/encrypt/aws-kms/repository.go:350.2,355.8 1 1
github.com/PointerByte/GoForge/encrypt/aws-kms/repository.go:358.130,361.83 3 4
github.com/PointerByte/GoForge/encrypt/aws-kms/repository.go:361.83,363.3 1 1
github.com/PointerByte/GoForge/encrypt/aws-kms/repository.go:365.2,366.16 2 3
github.com/PointerByte/GoForge/encrypt/aws-kms/repository.go:366.16,368.3 1 1
github.com/PointerByte/GoForge/encrypt/aws-kms/repository.go:370.2,371.16 2 2
github.com/PointerByte/GoForge/encrypt/aws-kms/repository.go:371.16,373.3 1 0
github.com/PointerByte/GoForge/encrypt/aws-kms/repository.go:375.2,376.16 2 2
github.com/PointerByte/GoForge/encrypt/aws-kms/repository.go:376.16,378.3 1 1
github.com/PointerByte/GoForge/encrypt/aws-kms/repository.go:380.2,384.4 1 1
github.com/PointerByte/GoForge/encrypt/aws-kms/repository.go:387.130,390.85 3 5
github.com/PointerByte/GoForge/encrypt/aws-kms/repository.go:390.85,392.3 1 1
github.com/PointerByte/GoForge/encrypt/aws-kms/repository.go:394.2,395.16 2 4
github.com/PointerByte/GoForge/encrypt/aws-kms/repository.go:395.16,397.3 1 1
github.com/PointerByte/GoForge/encrypt/aws-kms/repository.go:399.2,400.16 2 3
github.com/PointerByte/GoForge/encrypt/aws-kms/repository.go:400.16,402.3 1 0
github.com/PointerByte/GoForge/encrypt/aws-kms/repository.go:404.2,405.16 2 3
github.com/PointerByte/GoForge/encrypt/aws-kms/repository.go:405.16,407.3 1 2
github.com/PointerByte/GoForge/encrypt/aws-kms/repository.go:409.2,410.16 2 1
github.com/PointerByte/GoForge/encrypt/aws-kms/repository.go:410.16,412.3 1 0
github.com/PointerByte/GoForge/encrypt/aws-kms/repository.go:414.2,419.16 2 1
github.com/PointerByte/GoForge/encrypt/aws-kms/repository.go:419.16,421.3 1 0
github.com/PointerByte/GoForge/encrypt/aws-kms/repository.go:423.2,424.16 2 1
github.com/PointerByte/GoForge/encrypt/aws-kms/repository.go:424.16,426.3 1 0
github.com/PointerByte/GoForge/encrypt/aws-kms/repository.go:428.2,433.4 1 1
github.com/PointerByte/GoForge/encrypt/aws-kms/repository.go:436.148,440.16 4 6
github.com/PointerByte/GoForge/encrypt/aws-kms/repository.go:440.16,442.3 1 1
github.com/PointerByte/GoForge/encrypt/aws-kms/repository.go:444.2,445.16 2 5
github.com/PointerByte/GoForge/encrypt/aws-kms/repository.go:445.16,447.3 1 1
github.com/PointerByte/GoForge/encrypt/aws-kms/repository.go:449.2,454.16 2 4
github.com/PointerByte/GoForge/encrypt/aws-kms/repository.go:454.16,456.3 1 1
github.com/PointerByte/GoForge/encrypt/aws-kms/repository.go:457.2,457.99 1 3
github.com/PointerByte/GoForge/encrypt/aws-kms/repository.go:457.99,459.3 1 1
github.com/PointerByte/GoForge/encrypt/aws-kms/repository.go:461.2,464.16 2 2
github.com/PointerByte/GoForge/encrypt/aws-kms/repository.go:464.16,466.3 1 1
github.com/PointerByte/GoForge/encrypt/aws-kms/repository.go:468.2,476.8 4 1
github.com/PointerByte/GoForge/encrypt/aws-kms/repository.go:479.137,482.82 3 6
github.com/PointerByte/GoForge/encrypt/aws-kms/repository.go:482.82,484.3 1 2
github.com/PointerByte/GoForge/encrypt/aws-kms/repository.go:486.2,487.16 2 4
github.com/PointerByte/GoForge/encrypt/aws-kms/repository.go:487.16,489.3 1 1
github.com/PointerByte/GoForge/encrypt/aws-kms/repository.go:491.2,492.16 2 3
github.com/PointerByte/GoForge/encrypt/aws-kms/repository.go:492.16,494.3 1 1
github.com/PointerByte/GoForge/encrypt/aws-kms/repository.go:496.2,501.16 2 2
github.com/PointerByte/GoForge/encrypt/aws-kms/repository.go:501.16,503.3 1 1
github.com/PointerByte/GoForge/encrypt/aws-kms/repository.go:504.2,504.70 1 1
github.com/PointerByte/GoForge/encrypt/aws-kms/repository.go:507.137,510.84 3 5
github.com/PointerByte/GoForge/encrypt/aws-kms/repository.go:510.84,512.3 1 1
github.com/PointerByte/GoForge/encrypt/aws-kms/repository.go:514.2,515.16 2 4
github.com/PointerByte/GoForge/encrypt/aws-kms/repository.go:515.16,517.3 1 1
github.com/PointerByte/GoForge/encrypt/aws-kms/repository.go:519.2,520.16 2 3
github.com/PointerByte/GoForge/encrypt/aws-kms/repository.go:520.16,522.3 1 0
github.com/PointerByte/GoForge/encrypt/aws-kms/repository.go:524.2,525.16 2 3
github.com/PointerByte/GoForge/encrypt/aws-kms/repository.go:525.16,527.3 1 1
github.com/PointerByte/GoForge/encrypt/aws-kms/repository.go:529.2,534.16 2 2
github.com/PointerByte/GoForge/encrypt/aws-kms/repository.go:534.16,536.3 1 1
github.com/PointerByte/GoForge/encrypt/aws-kms/repository.go:537.2,537.38 1 1
github.com/PointerByte/GoForge/encrypt/aws-kms/repository.go:540.113,544.16 4 2
github.com/PointerByte/GoForge/encrypt/aws-kms/repository.go:544.16,546.3 1 0
github.com/PointerByte/GoForge/encrypt/aws-kms/repository.go:548.2,553.16 2 2
github.com/PointerByte/GoForge/encrypt/aws-kms/repository.go:553.16,555.3 1 1
github.com/PointerByte/GoForge/encrypt/aws-kms/repository.go:556.2,556.99 1 1
github.com/PointerByte/GoForge/encrypt/aws-kms/repository.go:556.99,558.3 1 0
github.com/PointerByte/GoForge/encrypt/aws-kms/repository.go:560.2,563.16 2 1
github.com/PointerByte/GoForge/encrypt/aws-kms/repository.go:563.16,565.3 1 0
github.com/PointerByte/GoForge/encrypt/aws-kms/repository.go:567.2,575.8 4 1
github.com/PointerByte/GoForge/encrypt/aws-kms/repository.go:578.122,581.82 3 5
github.com/PointerByte/GoForge/encrypt/aws-kms/repository.go:581.82,583.3 1 1
github.com/PointerByte/GoForge/encrypt/aws-kms/repository.go:585.2,586.16 2 4
github.com/PointerByte/GoForge/encrypt/aws-kms/repository.go:586.16,588.3 1 1
github.com/PointerByte/GoForge/encrypt/aws-kms/repository.go:590.2,591.16 2 3
github.com/PointerByte/GoForge/encrypt/aws-kms/repository.go:591.16,593.3 1 0
github.com/PointerByte/GoForge/encrypt/aws-kms/repository.go:595.2,601.16 2 3
github.com/PointerByte/GoForge/encrypt/aws-kms/repository.go:601.16,603.3 1 2
github.com/PointerByte/GoForge/encrypt/aws-kms/repository.go:604.2,604.65 1 1
github.com/PointerByte/GoForge/encrypt/aws-kms/repository.go:607.122,610.80 3 6
github.com/PointerByte/GoForge/encrypt/aws-kms/repository.go:610.80,612.3 1 1
github.com/PointerByte/GoForge/encrypt/aws-kms/repository.go:614.2,615.16 2 5
github.com/PointerByte/GoForge/encrypt/aws-kms/repository.go:615.16,617.3 1 1
github.com/PointerByte/GoForge/encrypt/aws-kms/repository.go:619.2,620.16 2 4
github.com/PointerByte/GoForge/encrypt/aws-kms/repository.go:620.16,622.3 1 0
github.com/PointerByte/GoForge/encrypt/aws-kms/repository.go:624.2,625.16 2 4
github.com/PointerByte/GoForge/encrypt/aws-kms/repository.go:625.16,627.3 1 2
github.com/PointerByte/GoForge/encrypt/aws-kms/repository.go:629.2,636.16 2 2
github.com/PointerByte/GoForge/encrypt/aws-kms/repository.go:636.16,638.3 1 0
github.com/PointerByte/GoForge/encrypt/aws-kms/repository.go:639.2,639.28 1 2
github.com/PointerByte/GoForge/encrypt/aws-kms/repository.go:639.28,641.3 1 1
github.com/PointerByte/GoForge/encrypt/aws-kms/repository.go:642.2,642.12 1 1
github.com/PointerByte/GoForge/encrypt/aws-kms/repository.go:645.121,648.78 3 4
github.com/PointerByte/GoForge/encrypt/aws-kms/repository.go:648.78,650.3 1 1
github.com/PointerByte/GoForge/encrypt/aws-kms/repository.go:652.2,653.16 2 3
github.com/PointerByte/GoForge/encrypt/aws-kms/repository.go:653.16,655.3 1 1
github.com/PointerByte/GoForge/encrypt/aws-kms/repository.go:657.2,658.16 2 2
github.com/PointerByte/GoForge/encrypt/aws-kms/repository.go:658.16,660.3 1 0
github.com/PointerByte/GoForge/encrypt/aws-kms/repository.go:662.2,668.16 2 2
github.com/PointerByte/GoForge/encrypt/aws-kms/repository.go:668.16,670.3 1 1
github.com/PointerByte/GoForge/encrypt/aws-kms/repository.go:671.2,671.65 1 1
github.com/PointerByte/GoForge/encrypt/aws-kms/repository.go:674.121,677.76 3 5
github.com/PointerByte/GoForge/encrypt/aws-kms/repository.go:677.76,679.3 1 1
github.com/PointerByte/GoForge/encrypt/aws-kms/repository.go:681.2,682.16 2 4
github.com/PointerByte/GoForge/encrypt/aws-kms/repository.go:682.16,684.3 1 1
github.com/PointerByte/GoForge/encrypt/aws-kms/repository.go:686.2,687.16 2 3
github.com/PointerByte/GoForge/encrypt/aws-kms/repository.go:687.16,689.3 1 0
github.com/PointerByte/GoForge/encrypt/aws-kms/repository.go:691.2,692.16 2 3
github.com/PointerByte/GoForge/encrypt/aws-kms/repository.go:692.16,694.3 1 1
github.com/PointerByte/GoForge/encrypt/aws-kms/repository.go:696.2,703.16 2 2
github.com/PointerByte/GoForge/encrypt/aws-kms/repository.go:703.16,705.3 1 0
github.com/PointerByte/GoForge/encrypt/aws-kms/repository.go:706.2,706.28 1 2
github.com/PointerByte/GoForge/encrypt/aws-kms/repository.go:706.28,708.3 1 1
github.com/PointerByte/GoForge/encrypt/aws-kms/repository.go:709.2,709.12 1 1
github.com/PointerByte/GoForge/encrypt/aws-kms/repository.go:712.135,715.66 3 4
github.com/PointerByte/GoForge/encrypt/aws-kms/repository.go:715.66,717.3 1 1
github.com/PointerByte/GoForge/encrypt/aws-kms/repository.go:719.2,720.16 2 3
github.com/PointerByte/GoForge/encrypt/aws-kms/repository.go:720.16,722.3 1 1
github.com/PointerByte/GoForge/encrypt/aws-kms/repository.go:724.2,725.16 2 2
github.com/PointerByte/GoForge/encrypt/aws-kms/repository.go:725.16,727.3 1 0
github.com/PointerByte/GoForge/encrypt/aws-kms/repository.go:729.2,735.16 2 2
github.com/PointerByte/GoForge/encrypt/aws-kms/repository.go:735.16,737.3 1 1
github.com/PointerByte/GoForge/encrypt/aws-kms/repository.go:738.2,738.65 1 1
github.com/PointerByte/GoForge/encrypt/aws-kms/repository.go:741.142,744.64 3 5
github.com/PointerByte/GoForge/encrypt/aws-kms/repository.go:744.64,746.3 1 1
github.com/PointerByte/GoForge/encrypt/aws-kms/repository.go:748.2,749.16 2 4
github.com/PointerByte/GoForge/encrypt/aws-kms/repository.go:749.16,751.3 1 1
github.com/PointerByte/GoForge/encrypt/aws-kms/repository.go:753.2,754.16 2 3
github.com/PointerByte/GoForge/encrypt/aws-kms/repository.go:754.16,756.3 1 0
github.com/PointerByte/GoForge/encrypt/aws-kms/repository.go:758.2,759.16 2 3
github.com/PointerByte/GoForge/encrypt/aws-kms/repository.go:759.16,761.3 1 1
github.com/PointerByte/GoForge/encrypt/aws-kms/repository.go:763.2,770.16 2 2
github.com/PointerByte/GoForge/encrypt/aws-kms/repository.go:770.16,772.3 1 0
github.com/PointerByte/GoForge/encrypt/aws-kms/repository.go:773.2,773.28 1 2
github.com/PointerByte/GoForge/encrypt/aws-kms/repository.go:773.28,775.3 1 1
github.com/PointerByte/GoForge/encrypt/aws-kms/repository.go:776.2,776.12 1 1
github.com/PointerByte/GoForge/encrypt/aws-kms/repository.go:779.62,781.16 2 69
github.com/PointerByte/GoForge/encrypt/aws-kms/repository.go:781.16,783.3 1 17
github.com/PointerByte/GoForge/encrypt/aws-kms/repository.go:784.2,784.33 1 52
github.com/PointerByte/GoForge/encrypt/aws-kms/repository.go:787.64,789.16 2 2
github.com/PointerByte/GoForge/encrypt/aws-kms/repository.go:789.16,791.3 1 1
github.com/PointerByte/GoForge/encrypt/aws-kms/repository.go:792.2,793.17 2 1
github.com/PointerByte/GoForge/encrypt/aws-kms/repository.go:796.53,797.54 1 42
github.com/PointerByte/GoForge/encrypt/aws-kms/repository.go:797.54,799.3 1 20
github.com/PointerByte/GoForge/encrypt/aws-kms/repository.go:800.2,800.90 1 22
github.com/PointerByte/GoForge/encrypt/aws-kms/repository.go:800.90,802.3 1 20
github.com/PointerByte/GoForge/encrypt/aws-kms/repository.go:803.2,803.36 1 2
github.com/PointerByte/GoForge/encrypt/aws-kms/repository.go:806.41,807.34 1 11
github.com/PointerByte/GoForge/encrypt/aws-kms/repository.go:807.34,809.3 1 10
github.com/PointerByte/GoForge/encrypt/aws-kms/repository.go:810.2,813.4 1 1
github.com/PointerByte/GoForge/encrypt/aws-kms/repository.go:816.80,818.34 2 5
github.com/PointerByte/GoForge/encrypt/aws-kms/repository.go:818.34,820.3 1 1
github.com/PointerByte/GoForge/encrypt/aws-kms/repository.go:821.2,821.23 1 5
github.com/PointerByte/GoForge/encrypt/aws-kms/repository.go:821.23,823.3 1 4
github.com/PointerByte/GoForge/encrypt/aws-kms/repository.go:824.2,824.23 1 5
github.com/PointerByte/GoForge/encrypt/aws-kms/repository.go:824.23,826.3 1 1
github.com/PointerByte/GoForge/encrypt/aws-kms/repository.go:827.2,827.16 1 4
github.com/PointerByte/GoForge/encrypt/aws-kms/repository.go:830.107,832.16 2 2
github.com/PointerByte/GoForge/encrypt/aws-kms/repository.go:832.16,834.3 1 0
github.com/PointerByte/GoForge/encrypt/aws-kms/repository.go:835.2,835.64 1 2
github.com/PointerByte/GoForge/encrypt/aws-kms/repository.go:838.122,839.46 1 2
github.com/PointerByte/GoForge/encrypt/aws-kms/repository.go:839.46,841.3 1 0
github.com/PointerByte/GoForge/encrypt/aws-kms/repository.go:843.2,845.18 3 2
github.com/PointerByte/GoForge/encrypt/aws-kms/repository.go:845.18,847.3 1 0
github.com/PointerByte/GoForge/encrypt/aws-kms/repository.go:849.2,854.47 2 2
github.com/PointerByte/GoForge/encrypt/aws-kms/repository.go:854.47,856.3 1 1
github.com/PointerByte/GoForge/encrypt/aws-kms/repository.go:858.2,859.16 2 1
github.com/PointerByte/GoForge/encrypt/aws-kms/repository.go:859.16,861.3 1 0
github.com/PointerByte/GoForge/encrypt/aws-kms/repository.go:862.2,863.21 2 1
github.com/PointerByte/GoForge/encrypt/aws-kms/repository.go:866.57,867.17 1 2
github.com/PointerByte/GoForge/encrypt/aws-kms/repository.go:874.36,875.14 1 1
github.com/PointerByte/GoForge/encrypt/aws-kms/repository.go:876.10,877.15 1 1
github.com/PointerByte/GoForge/encrypt/aws-kms/repository.go:881.75,882.14 1 8
github.com/PointerByte/GoForge/encrypt/aws-kms/repository.go:883.26,884.35 1 4
github.com/PointerByte/GoForge/encrypt/aws-kms/repository.go:885.26,886.35 1 1
github.com/PointerByte/GoForge/encrypt/aws-kms/repository.go:887.26,888.35 1 1
github.com/PointerByte/GoForge/encrypt/aws-kms/repository.go:889.10,890.71 1 2
github.com/PointerByte/GoForge/encrypt/aws-kms/repository.go:894.78,895.15 1 6
github.com/PointerByte/GoForge/encrypt/aws-kms/repository.go:896.24,897.39 1 2
github.com/PointerByte/GoForge/encrypt/aws-kms/repository.go:898.24,899.39 1 1
github.com/PointerByte/GoForge/encrypt/aws-kms/repository.go:900.24,901.39 1 1
github.com/PointerByte/GoForge/encrypt/aws-kms/repository.go:902.10,903.69 1 2
github.com/PointerByte/GoForge/encrypt/aws-kms/repository.go:907.80,908.14 1 8
github.com/PointerByte/GoForge/encrypt/aws-kms/repository.go:909.25,910.44 1 6
github.com/PointerByte/GoForge/encrypt/aws-kms/repository.go:911.10,912.77 1 2
github.com/PointerByte/GoForge/encrypt/aws-kms/repository.go:916.51,918.19 2 11
github.com/PointerByte/GoForge/encrypt/aws-kms/repository.go:918.19,920.3 1 2
github.com/PointerByte/GoForge/encrypt/aws-kms/repository.go:921.2,924.35 1 9
github.com/PointerByte/GoForge/encrypt/gcp-kms/repository.go:48.77,50.17 2 0
github.com/PointerByte/GoForge/encrypt/gcp-kms/repository.go:50.17,52.4 1 0
github.com/PointerByte/GoForge/encrypt/gcp-kms/repository.go:53.3,53.61 1 0
github.com/PointerByte/GoForge/encrypt/gcp-kms/repository.go:76.132,78.2 1 1
github.com/PointerByte/GoForge/encrypt/gcp-kms/repository.go:79.153,81.2 1 1
github.com/PointerByte/GoForge/encrypt/gcp-kms/repository.go:82.126,84.2 1 1
github.com/PointerByte/GoForge/encrypt/gcp-kms/repository.go:85.126,87.2 1 1
github.com/PointerByte/GoForge/encrypt/gcp-kms/repository.go:88.153,90.2 1 1
github.com/PointerByte/GoForge/encrypt/gcp-kms/repository.go:91.160,93.2 1 1
github.com/PointerByte/GoForge/encrypt/gcp-kms/repository.go:94.122,96.2 1 1
github.com/PointerByte/GoForge/encrypt/gcp-kms/repository.go:97.122,99.2 1 1
github.com/PointerByte/GoForge/encrypt/gcp-kms/repository.go:100.143,102.2 1 1
github.com/PointerByte/GoForge/encrypt/gcp-kms/repository.go:103.152,105.2 1 1
github.com/PointerByte/GoForge/encrypt/gcp-kms/repository.go:106.134,108.2 1 1
github.com/PointerByte/GoForge/encrypt/gcp-kms/repository.go:109.122,111.2 1 1
github.com/PointerByte/GoForge/encrypt/gcp-kms/repository.go:112.128,114.2 1 1
github.com/PointerByte/GoForge/encrypt/gcp-kms/repository.go:130.51,132.2 1 7
github.com/PointerByte/GoForge/encrypt/gcp-kms/repository.go:134.41,136.2 1 6
github.com/PointerByte/GoForge/encrypt/gcp-kms/repository.go:138.39,140.2 1 7
github.com/PointerByte/GoForge/encrypt/gcp-kms/repository.go:142.53,144.2 1 7
github.com/PointerByte/GoForge/encrypt/gcp-kms/repository.go:146.51,148.2 1 6
github.com/PointerByte/GoForge/encrypt/gcp-kms/repository.go:150.34,158.2 1 5
github.com/PointerByte/GoForge/encrypt/gcp-kms/repository.go:160.158,163.37 3 4
github.com/PointerByte/GoForge/encrypt/gcp-kms/repository.go:163.37,165.3 1 1
github.com/PointerByte/GoForge/encrypt/gcp-kms/repository.go:167.2,168.16 2 3
github.com/PointerByte/GoForge/encrypt/gcp-kms/repository.go:168.16,170.3 1 1
github.com/PointerByte/GoForge/encrypt/gcp-kms/repository.go:171.2,174.16 3 2
github.com/PointerByte/GoForge/encrypt/gcp-kms/repository.go:174.16,176.3 1 0
github.com/PointerByte/GoForge/encrypt/gcp-kms/repository.go:178.2,190.16 3 2
github.com/PointerByte/GoForge/encrypt/gcp-kms/repository.go:190.16,192.3 1 1
github.com/PointerByte/GoForge/encrypt/gcp-kms/repository.go:193.2,193.99 1 1
github.com/PointerByte/GoForge/encrypt/gcp-kms/repository.go:196.130,200.16 4 4
github.com/PointerByte/GoForge/encrypt/gcp-kms/repository.go:200.16,202.3 1 1
github.com/PointerByte/GoForge/encrypt/gcp-kms/repository.go:203.2,206.16 3 3
github.com/PointerByte/GoForge/encrypt/gcp-kms/repository.go:206.16,208.3 1 0
github.com/PointerByte/GoForge/encrypt/gcp-kms/repository.go:209.2,210.16 2 3
github.com/PointerByte/GoForge/encrypt/gcp-kms/repository.go:210.16,212.3 1 2
github.com/PointerByte/GoForge/encrypt/gcp-kms/repository.go:214.2,215.16 2 1
github.com/PointerByte/GoForge/encrypt/gcp-kms/repository.go:215.16,217.3 1 0
github.com/PointerByte/GoForge/encrypt/gcp-kms/repository.go:218.2,224.16 2 1
github.com/PointerByte/GoForge/encrypt/gcp-kms/repository.go:224.16,226.3 1 0
github.com/PointerByte/GoForge/encrypt/gcp-kms/repository.go:227.2,228.23 2 1
github.com/PointerByte/GoForge/encrypt/gcp-kms/repository.go:228.23,230.3 1 0
github.com/PointerByte/GoForge/encrypt/gcp-kms/repository.go:232.2,232.63 1 1
github.com/PointerByte/GoForge/encrypt/gcp-kms/repository.go:232.63,234.17 2 1
github.com/PointerByte/GoForge/encrypt/gcp-kms/repository.go:234.17,236.4 1 0
github.com/PointerByte/GoForge/encrypt/gcp-kms/repository.go:237.3,241.17 2 1
github.com/PointerByte/GoForge/encrypt/gcp-kms/repository.go:241.17,243.4 1 0
github.com/PointerByte/GoForge/encrypt/gcp-kms/repository.go:246.2,246.78 1 1
github.com/PointerByte/GoForge/encrypt/gcp-kms/repository.go:249.124,253.16 4 4
github.com/PointerByte/GoForge/encrypt/gcp-kms/repository.go:253.16,255.3 1 1
github.com/PointerByte/GoForge/encrypt/gcp-kms/repository.go:256.2,259.16 3 3
github.com/PointerByte/GoForge/encrypt/gcp-kms/repository.go:259.16,261.3 1 0
github.com/PointerByte/GoForge/encrypt/gcp-kms/repository.go:262.2,263.16 2 3
github.com/PointerByte/GoForge/encrypt/gcp-kms/repository.go:263.16,265.3 1 2
github.com/PointerByte/GoForge/encrypt/gcp-kms/repository.go:266.2,266.78 1 1
github.com/PointerByte/GoForge/encrypt/gcp-kms/repository.go:269.116,273.16 4 4
github.com/PointerByte/GoForge/encrypt/gcp-kms/repository.go:273.16,275.3 1 1
github.com/PointerByte/GoForge/encrypt/gcp-kms/repository.go:276.2,279.16 3 3
github.com/PointerByte/GoForge/encrypt/gcp-kms/repository.go:279.16,281.3 1 0
github.com/PointerByte/GoForge/encrypt/gcp-kms/repository.go:282.2,283.16 2 3
github.com/PointerByte/GoForge/encrypt/gcp-kms/repository.go:283.16,285.3 1 2
github.com/PointerByte/GoForge/encrypt/gcp-kms/repository.go:287.2,294.17 2 1
github.com/PointerByte/GoForge/encrypt/gcp-kms/repository.go:294.17,296.3 1 0
github.com/PointerByte/GoForge/encrypt/gcp-kms/repository.go:297.2,297.12 1 1
github.com/PointerByte/GoForge/encrypt/gcp-kms/repository.go:300.128,303.46 3 5
github.com/PointerByte/GoForge/encrypt/gcp-kms/repository.go:303.46,305.3 1 0
github.com/PointerByte/GoForge/encrypt/gcp-kms/repository.go:307.2,308.16 2 5
github.com/PointerByte/GoForge/encrypt/gcp-kms/repository.go:308.16,310.3 1 1
github.com/PointerByte/GoForge/encrypt/gcp-kms/repository.go:311.2,314.16 3 4
github.com/PointerByte/GoForge/encrypt/gcp-kms/repository.go:314.16,316.3 1 0
github.com/PointerByte/GoForge/encrypt/gcp-kms/repository.go:317.2,322.16 2 4
github.com/PointerByte/GoForge/encrypt/gcp-kms/repository.go:322.16,324.3 1 3
github.com/PointerByte/GoForge/encrypt/gcp-kms/repository.go:325.2,325.68 1 1
github.com/PointerByte/GoForge/encrypt/gcp-kms/repository.go:328.128,331.46 3 4
github.com/PointerByte/GoForge/encrypt/gcp-kms/repository.go:331.46,333.3 1 1
github.com/PointerByte/GoForge/encrypt/gcp-kms/repository.go:335.2,336.16 2 3
github.com/PointerByte/GoForge/encrypt/gcp-kms/repository.go:336.16,338.3 1 0
github.com/PointerByte/GoForge/encrypt/gcp-kms/repository.go:339.2,342.16 3 3
github.com/PointerByte/GoForge/encrypt/gcp-kms/repository.go:342.16,344.3 1 0
github.com/PointerByte/GoForge/encrypt/gcp-kms/repository.go:345.2,346.16 2 3
github.com/PointerByte/GoForge/encrypt/gcp-kms/repository.go:346.16,348.3 1 1
github.com/PointerByte/GoForge/encrypt/gcp-kms/repository.go:349.2,354.16 2 2
github.com/PointerByte/GoForge/encrypt/gcp-kms/repository.go:354.16,356.3 1 1
github.com/PointerByte/GoForge/encrypt/gcp-kms/repository.go:357.2,357.40 1 1
github.com/PointerByte/GoForge/encrypt/gcp-kms/repository.go:360.95,362.45 2 5
github.com/PointerByte/GoForge/encrypt/gcp-kms/repository.go:362.45,364.3 1 0
github.com/PointerByte/GoForge/encrypt/gcp-kms/repository.go:366.2,367.16 2 5
github.com/PointerByte/GoForge/encrypt/gcp-kms/repository.go:367.16,369.3 1 1
github.com/PointerByte/GoForge/encrypt/gcp-kms/repository.go:370.2,373.16 3 4
github.com/PointerByte/GoForge/encrypt/gcp-kms/repository.go:373.16,375.3 1 1
github.com/PointerByte/GoForge/encrypt/gcp-kms/repository.go:376.2,377.16 2 3
github.com/PointerByte/GoForge/encrypt/gcp-kms/repository.go:377.16,379.3 1 2
github.com/PointerByte/GoForge/encrypt/gcp-kms/repository.go:380.2,380.56 1 1
github.com/PointerByte/GoForge/encrypt/gcp-kms/repository.go:383.89,386.2 2 1
github.com/PointerByte/GoForge/encrypt/gcp-kms/repository.go:388.86,391.2 2 1
github.com/PointerByte/GoForge/encrypt/gcp-kms/repository.go:393.160,397.16 4 4
github.com/PointerByte/GoForge/encrypt/gcp-kms/repository.go:397.16,399.3 1 0
github.com/PointerByte/GoForge/encrypt/gcp-kms/repository.go:401.2,402.16 2 4
github.com/PointerByte/GoForge/encrypt/gcp-kms/repository.go:402.16,404.3 1 1
github.com/PointerByte/GoForge/encrypt/gcp-kms/repository.go:405.2,408.16 3 3
github.com/PointerByte/GoForge/encrypt/gcp-kms/repository.go:408.16,410.3 1 0
github.com/PointerByte/GoForge/encrypt/gcp-kms/repository.go:411.2,423.16 3 3
github.com/PointerByte/GoForge/encrypt/gcp-kms/repository.go:423.16,425.3 1 2
github.com/PointerByte/GoForge/encrypt/gcp-kms/repository.go:427.2,428.16 2 1
github.com/PointerByte/GoForge/encrypt/gcp-kms/repository.go:428.16,430.3 1 0
github.com/PointerByte/GoForge/encrypt/gcp-kms/repository.go:431.2,432.16 2 1
github.com/PointerByte/GoForge/encrypt/gcp-kms/repository.go:432.16,434.3 1 0
github.com/PointerByte/GoForge/encrypt/gcp-kms/repository.go:435.2,440.8 1 1
github.com/PointerByte/GoForge/encrypt/gcp-kms/repository.go:443.130,446.83 3 4
github.com/PointerByte/GoForge/encrypt/gcp-kms/repository.go:446.83,448.3 1 1
github.com/PointerByte/GoForge/encrypt/gcp-kms/repository.go:449.2,449.98 1 3
github.com/PointerByte/GoForge/encrypt/gcp-kms/repository.go:449.98,451.3 1 0
github.com/PointerByte/GoForge/encrypt/gcp-kms/repository.go:453.2,454.16 2 3
github.com/PointerByte/GoForge/encrypt/gcp-kms/repository.go:454.16,456.3 1 1
github.com/PointerByte/GoForge/encrypt/gcp-kms/repository.go:457.2,460.16 3 2
github.com/PointerByte/GoForge/encrypt/gcp-kms/repository.go:460.16,462.3 1 0
github.com/PointerByte/GoForge/encrypt/gcp-kms/repository.go:463.2,464.16 2 2
github.com/PointerByte/GoForge/encrypt/gcp-kms/repository.go:464.16,466.3 1 1
github.com/PointerByte/GoForge/encrypt/gcp-kms/repository.go:467.2,467.105 1 1
github.com/PointerByte/GoForge/encrypt/gcp-kms/repository.go:470.130,473.85 3 3
github.com/PointerByte/GoForge/encrypt/gcp-kms/repository.go:473.85,475.3 1 1
github.com/PointerByte/GoForge/encrypt/gcp-kms/repository.go:476.2,477.16 2 2
github.com/PointerByte/GoForge/encrypt/gcp-kms/repository.go:477.16,479.3 1 1
github.com/PointerByte/GoForge/encrypt/gcp-kms/repository.go:480.2,481.16 2 1
github.com/PointerByte/GoForge/encrypt/gcp-kms/repository.go:481.16,483.3 1 0
github.com/PointerByte/GoForge/encrypt/gcp-kms/repository.go:485.2,486.16 2 1
github.com/PointerByte/GoForge/encrypt/gcp-kms/repository.go:486.16,488.3 1 0
github.com/PointerByte/GoForge/encrypt/gcp-kms/repository.go:489.2,492.16 3 1
github.com/PointerByte/GoForge/encrypt/gcp-kms/repository.go:492.16,494.3 1 0
github.com/PointerByte/GoForge/encrypt/gcp-kms/repository.go:495.2,499.16 2 1
github.com/PointerByte/GoForge/encrypt/gcp-kms/repository.go:499.16,501.3 1 0
github.com/PointerByte/GoForge/encrypt/gcp-kms/repository.go:502.2,503.16 2 1
github.com/PointerByte/GoForge/encrypt/gcp-kms/repository.go:503.16,505.3 1 0
github.com/PointerByte/GoForge/encrypt/gcp-kms/repository.go:506.2,511.4 1 1
github.com/PointerByte/GoForge/encrypt/gcp-kms/repository.go:514.148,518.16 4 5
github.com/PointerByte/GoForge/encrypt/gcp-kms/repository.go:518.16,520.3 1 1
github.com/PointerByte/GoForge/encrypt/gcp-kms/repository.go:522.2,523.16 2 4
github.com/PointerByte/GoForge/encrypt/gcp-kms/repository.go:523.16,525.3 1 1
github.com/PointerByte/GoForge/encrypt/gcp-kms/repository.go:526.2,529.16 3 3
github.com/PointerByte/GoForge/encrypt/gcp-kms/repository.go:529.16,531.3 1 0
github.com/PointerByte/GoForge/encrypt/gcp-kms/repository.go:532.2,544.16 3 3
github.com/PointerByte/GoForge/encrypt/gcp-kms/repository.go:544.16,546.3 1 2
github.com/PointerByte/GoForge/encrypt/gcp-kms/repository.go:548.2,549.16 2 1
github.com/PointerByte/GoForge/encrypt/gcp-kms/repository.go:549.16,551.3 1 0
github.com/PointerByte/GoForge/encrypt/gcp-kms/repository.go:552.2,553.16 2 1
github.com/PointerByte/GoForge/encrypt/gcp-kms/repository.go:553.16,555.3 1 0
github.com/PointerByte/GoForge/encrypt/gcp-kms/repository.go:557.2,562.8 1 1
github.com/PointerByte/GoForge/encrypt/gcp-kms/repository.go:565.137,568.82 3 5
github.com/PointerByte/GoForge/encrypt/gcp-kms/repository.go:568.82,570.3 1 1
github.com/PointerByte/GoForge/encrypt/gcp-kms/repository.go:572.2,573.16 2 4
github.com/PointerByte/GoForge/encrypt/gcp-kms/repository.go:573.16,575.3 1 1
github.com/PointerByte/GoForge/encrypt/gcp-kms/repository.go:576.2,579.16 3 3
github.com/PointerByte/GoForge/encrypt/gcp-kms/repository.go:579.16,581.3 1 0
github.com/PointerByte/GoForge/encrypt/gcp-kms/repository.go:582.2,583.16 2 3
github.com/PointerByte/GoForge/encrypt/gcp-kms/repository.go:583.16,585.3 1 2
github.com/PointerByte/GoForge/encrypt/gcp-kms/repository.go:586.2,590.4 1 1
github.com/PointerByte/GoForge/encrypt/gcp-kms/repository.go:593.137,596.84 3 4
github.com/PointerByte/GoForge/encrypt/gcp-kms/repository.go:596.84,598.3 1 1
github.com/PointerByte/GoForge/encrypt/gcp-kms/repository.go:600.2,601.16 2 3
github.com/PointerByte/GoForge/encrypt/gcp-kms/repository.go:601.16,603.3 1 0
github.com/PointerByte/GoForge/encrypt/gcp-kms/repository.go:604.2,607.16 3 3
github.com/PointerByte/GoForge/encrypt/gcp-kms/repository.go:607.16,609.3 1 0
github.com/PointerByte/GoForge/encrypt/gcp-kms/repository.go:610.2,611.16 2 3
github.com/PointerByte/GoForge/encrypt/gcp-kms/repository.go:611.16,613.3 1 1
github.com/PointerByte/GoForge/encrypt/gcp-kms/repository.go:614.2,615.16 2 2
github.com/PointerByte/GoForge/encrypt/gcp-kms/repository.go:615.16,617.3 1 1
github.com/PointerByte/GoForge/encrypt/gcp-kms/repository.go:618.2,618.40 1 1
github.com/PointerByte/GoForge/encrypt/gcp-kms/repository.go:621.113,626.16 4 4
github.com/PointerByte/GoForge/encrypt/gcp-kms/repository.go:626.16,628.3 1 1
github.com/PointerByte/GoForge/encrypt/gcp-kms/repository.go:629.2,632.16 3 3
github.com/PointerByte/GoForge/encrypt/gcp-kms/repository.go:632.16,634.3 1 0
github.com/PointerByte/GoForge/encrypt/gcp-kms/repository.go:635.2,646.16 3 3
github.com/PointerByte/GoForge/encrypt/gcp-kms/repository.go:646.16,648.3 1 2
github.com/PointerByte/GoForge/encrypt/gcp-kms/repository.go:650.2,651.16 2 1
github.com/PointerByte/GoForge/encrypt/gcp-kms/repository.go:651.16,653.3 1 0
github.com/PointerByte/GoForge/encrypt/gcp-kms/repository.go:654.2,655.16 2 1
github.com/PointerByte/GoForge/encrypt/gcp-kms/repository.go:655.16,657.3 1 0
github.com/PointerByte/GoForge/encrypt/gcp-kms/repository.go:659.2,664.8 1 1
github.com/PointerByte/GoForge/encrypt/gcp-kms/repository.go:667.122,670.82 3 5
github.com/PointerByte/GoForge/encrypt/gcp-kms/repository.go:670.82,672.3 1 1
github.com/PointerByte/GoForge/encrypt/gcp-kms/repository.go:674.2,675.16 2 4
github.com/PointerByte/GoForge/encrypt/gcp-kms/repository.go:675.16,677.3 1 1
github.com/PointerByte/GoForge/encrypt/gcp-kms/repository.go:678.2,681.16 3 3
github.com/PointerByte/GoForge/encrypt/gcp-kms/repository.go:681.16,683.3 1 0
github.com/PointerByte/GoForge/encrypt/gcp-kms/repository.go:684.2,685.16 2 3
github.com/PointerByte/GoForge/encrypt/gcp-kms/repository.go:685.16,687.3 1 2
github.com/PointerByte/GoForge/encrypt/gcp-kms/repository.go:688.2,688.67 1 1
github.com/PointerByte/GoForge/encrypt/gcp-kms/repository.go:691.122,694.80 3 9
github.com/PointerByte/GoForge/encrypt/gcp-kms/repository.go:694.80,696.3 1 1
github.com/PointerByte/GoForge/encrypt/gcp-kms/repository.go:698.2,699.16 2 8
github.com/PointerByte/GoForge/encrypt/gcp-kms/repository.go:699.16,701.3 1 1
github.com/PointerByte/GoForge/encrypt/gcp-kms/repository.go:702.2,705.16 3 7
github.com/PointerByte/GoForge/encrypt/gcp-kms/repository.go:705.16,707.3 1 0
github.com/PointerByte/GoForge/encrypt/gcp-kms/repository.go:708.2,709.16 2 7
github.com/PointerByte/GoForge/encrypt/gcp-kms/repository.go:709.16,711.3 1 2
github.com/PointerByte/GoForge/encrypt/gcp-kms/repository.go:712.2,713.16 2 5
github.com/PointerByte/GoForge/encrypt/gcp-kms/repository.go:713.16,715.3 1 1
github.com/PointerByte/GoForge/encrypt/gcp-kms/repository.go:716.2,717.9 2 4
github.com/PointerByte/GoForge/encrypt/gcp-kms/repository.go:717.9,719.3 1 1
github.com/PointerByte/GoForge/encrypt/gcp-kms/repository.go:720.2,721.16 2 3
github.com/PointerByte/GoForge/encrypt/gcp-kms/repository.go:721.16,723.3 1 1
github.com/PointerByte/GoForge/encrypt/gcp-kms/repository.go:724.2,724.64 1 2
github.com/PointerByte/GoForge/encrypt/gcp-kms/repository.go:724.64,726.3 1 1
github.com/PointerByte/GoForge/encrypt/gcp-kms/repository.go:727.2,727.12 1 1
github.com/PointerByte/GoForge/encrypt/gcp-kms/repository.go:730.121,733.78 3 5
github.com/PointerByte/GoForge/encrypt/gcp-kms/repository.go:733.78,735.3 1 1
github.com/PointerByte/GoForge/encrypt/gcp-kms/repository.go:737.2,738.16 2 4
github.com/PointerByte/GoForge/encrypt/gcp-kms/repository.go:738.16,740.3 1 1
github.com/PointerByte/GoForge/encrypt/gcp-kms/repository.go:741.2,744.16 3 3
github.com/PointerByte/GoForge/encrypt/gcp-kms/repository.go:744.16,746.3 1 0
github.com/PointerByte/GoForge/encrypt/gcp-kms/repository.go:747.2,752.16 3 3
github.com/PointerByte/GoForge/encrypt/gcp-kms/repository.go:752.16,754.3 1 2
github.com/PointerByte/GoForge/encrypt/gcp-kms/repository.go:755.2,755.67 1 1
github.com/PointerByte/GoForge/encrypt/gcp-kms/repository.go:758.121,761.76 3 9
github.com/PointerByte/GoForge/encrypt/gcp-kms/repository.go:761.76,763.3 1 1
github.com/PointerByte/GoForge/encrypt/gcp-kms/repository.go:765.2,766.16 2 8
github.com/PointerByte/GoForge/encrypt/gcp-kms/repository.go:766.16,768.3 1 1
github.com/PointerByte/GoForge/encrypt/gcp-kms/repository.go:769.2,772.16 3 7
github.com/PointerByte/GoForge/encrypt/gcp-kms/repository.go:772.16,774.3 1 0
github.com/PointerByte/GoForge/encrypt/gcp-kms/repository.go:775.2,776.16 2 7
github.com/PointerByte/GoForge/encrypt/gcp-kms/repository.go:776.16,778.3 1 2
github.com/PointerByte/GoForge/encrypt/gcp-kms/repository.go:779.2,780.16 2 5
github.com/PointerByte/GoForge/encrypt/gcp-kms/repository.go:780.16,782.3 1 1
github.com/PointerByte/GoForge/encrypt/gcp-kms/repository.go:783.2,784.9 2 4
github.com/PointerByte/GoForge/encrypt/gcp-kms/repository.go:784.9,786.3 1 1
github.com/PointerByte/GoForge/encrypt/gcp-kms/repository.go:787.2,788.16 2 3
github.com/PointerByte/GoForge/encrypt/gcp-kms/repository.go:788.16,790.3 1 1
github.com/PointerByte/GoForge/encrypt/gcp-kms/repository.go:791.2,792.99 2 2
github.com/PointerByte/GoForge/encrypt/gcp-kms/repository.go:792.99,794.3 1 1
github.com/PointerByte/GoForge/encrypt/gcp-kms/repository.go:795.2,795.12 1 1
github.com/PointerByte/GoForge/encrypt/gcp-kms/repository.go:798.135,801.66 3 3
github.com/PointerByte/GoForge/encrypt/gcp-kms/repository.go:801.66,803.3 1 1
github.com/PointerByte/GoForge/encrypt/gcp-kms/repository.go:805.2,806.16 2 2
github.com/PointerByte/GoForge/encrypt/gcp-kms/repository.go:806.16,808.3 1 0
github.com/PointerByte/GoForge/encrypt/gcp-kms/repository.go:809.2,812.16 3 2
github.com/PointerByte/GoForge/encrypt/gcp-kms/repository.go:812.16,814.3 1 0
github.com/PointerByte/GoForge/encrypt/gcp-kms/repository.go:815.2,820.16 3 2
github.com/PointerByte/GoForge/encrypt/gcp-kms/repository.go:820.16,822.3 1 1
github.com/PointerByte/GoForge/encrypt/gcp-kms/repository.go:823.2,823.67 1 1
github.com/PointerByte/GoForge/encrypt/gcp-kms/repository.go:826.142,829.64 3 8
github.com/PointerByte/GoForge/encrypt/gcp-kms/repository.go:829.64,831.3 1 1
github.com/PointerByte/GoForge/encrypt/gcp-kms/repository.go:833.2,834.16 2 7
github.com/PointerByte/GoForge/encrypt/gcp-kms/repository.go:834.16,836.3 1 0
github.com/PointerByte/GoForge/encrypt/gcp-kms/repository.go:837.2,840.16 3 7
github.com/PointerByte/GoForge/encrypt/gcp-kms/repository.go:840.16,842.3 1 0
github.com/PointerByte/GoForge/encrypt/gcp-kms/repository.go:843.2,844.16 2 7
github.com/PointerByte/GoForge/encrypt/gcp-kms/repository.go:844.16,846.3 1 2
github.com/PointerByte/GoForge/encrypt/gcp-kms/repository.go:847.2,848.16 2 5
github.com/PointerByte/GoForge/encrypt/gcp-kms/repository.go:848.16,850.3 1 1
github.com/PointerByte/GoForge/encrypt/gcp-kms/repository.go:851.2,852.9 2 4
github.com/PointerByte/GoForge/encrypt/gcp-kms/repository.go:852.9,854.3 1 1
github.com/PointerByte/GoForge/encrypt/gcp-kms/repository.go:855.2,856.16 2 3
github.com/PointerByte/GoForge/encrypt/gcp-kms/repository.go:856.16,858.3 1 1
github.com/PointerByte/GoForge/encrypt/gcp-kms/repository.go:859.2,860.99 2 2
github.com/PointerByte/GoForge/encrypt/gcp-kms/repository.go:860.99,862.3 1 1
github.com/PointerByte/GoForge/encrypt/gcp-kms/repository.go:863.2,863.12 1 1
github.com/PointerByte/GoForge/encrypt/gcp-kms/repository.go:866.62,868.2 1 85
github.com/PointerByte/GoForge/encrypt/gcp-kms/repository.go:870.34,871.92 1 33
github.com/PointerByte/GoForge/encrypt/gcp-kms/repository.go:871.92,873.3 1 30
github.com/PointerByte/GoForge/encrypt/gcp-kms/repository.go:874.2,874.62 1 3
github.com/PointerByte/GoForge/encrypt/gcp-kms/repository.go:877.56,879.18 2 17
github.com/PointerByte/GoForge/encrypt/gcp-kms/repository.go:879.18,881.3 1 16
github.com/PointerByte/GoForge/encrypt/gcp-kms/repository.go:882.2,882.18 1 17
github.com/PointerByte/GoForge/encrypt/gcp-kms/repository.go:882.18,884.3 1 1
github.com/PointerByte/GoForge/encrypt/gcp-kms/repository.go:886.2,887.26 2 16
github.com/PointerByte/GoForge/encrypt/gcp-kms/repository.go:887.26,888.44 1 112
github.com/PointerByte/GoForge/encrypt/gcp-kms/repository.go:888.44,890.4 1 16
github.com/PointerByte/GoForge/encrypt/gcp-kms/repository.go:892.2,892.37 1 0
github.com/PointerByte/GoForge/encrypt/gcp-kms/repository.go:895.58,897.18 2 13
github.com/PointerByte/GoForge/encrypt/gcp-kms/repository.go:897.18,899.3 1 2
github.com/PointerByte/GoForge/encrypt/gcp-kms/repository.go:900.2,900.18 1 13
github.com/PointerByte/GoForge/encrypt/gcp-kms/repository.go:900.18,902.3 1 1
github.com/PointerByte/GoForge/encrypt/gcp-kms/repository.go:903.2,903.71 1 12
github.com/PointerByte/GoForge/encrypt/gcp-kms/repository.go:903.71,905.3 1 6
github.com/PointerByte/GoForge/encrypt/gcp-kms/repository.go:906.2,906.46 1 6
github.com/PointerByte/GoForge/encrypt/gcp-kms/repository.go:906.46,908.3 1 6
github.com/PointerByte/GoForge/encrypt/gcp-kms/repository.go:909.2,909.35 1 0
github.com/PointerByte/GoForge/encrypt/gcp-kms/repository.go:912.65,914.18 2 43
github.com/PointerByte/GoForge/encrypt/gcp-kms/repository.go:914.18,916.3 1 11
github.com/PointerByte/GoForge/encrypt/gcp-kms/repository.go:917.2,917.18 1 43
github.com/PointerByte/GoForge/encrypt/gcp-kms/repository.go:917.18,919.3 1 0
github.com/PointerByte/GoForge/encrypt/gcp-kms/repository.go:920.2,920.53 1 43
github.com/PointerByte/GoForge/encrypt/gcp-kms/repository.go:920.53,922.3 1 41
github.com/PointerByte/GoForge/encrypt/gcp-kms/repository.go:923.2,923.37 1 2
github.com/PointerByte/GoForge/encrypt/gcp-kms/repository.go:926.67,928.18 2 13
github.com/PointerByte/GoForge/encrypt/gcp-kms/repository.go:928.18,930.3 1 2
github.com/PointerByte/GoForge/encrypt/gcp-kms/repository.go:931.2,931.18 1 13
github.com/PointerByte/GoForge/encrypt/gcp-kms/repository.go:931.18,933.3 1 1
github.com/PointerByte/GoForge/encrypt/gcp-kms/repository.go:934.2,934.53 1 12
github.com/PointerByte/GoForge/encrypt/gcp-kms/repository.go:934.53,936.17 2 4
github.com/PointerByte/GoForge/encrypt/gcp-kms/repository.go:936.17,938.4 1 0
github.com/PointerByte/GoForge/encrypt/gcp-kms/repository.go:939.3,939.30 1 4
github.com/PointerByte/GoForge/encrypt/gcp-kms/repository.go:941.2,941.46 1 8
github.com/PointerByte/GoForge/encrypt/gcp-kms/repository.go:941.46,943.3 1 4
github.com/PointerByte/GoForge/encrypt/gcp-kms/repository.go:945.2,946.16 2 4
github.com/PointerByte/GoForge/encrypt/gcp-kms/repository.go:946.16,948.3 1 0
github.com/PointerByte/GoForge/encrypt/gcp-kms/repository.go:949.2,949.79 1 4
github.com/PointerByte/GoForge/encrypt/gcp-kms/repository.go:952.196,953.47 1 4
github.com/PointerByte/GoForge/encrypt/gcp-kms/repository.go:953.47,955.3 1 1
github.com/PointerByte/GoForge/encrypt/gcp-kms/repository.go:956.2,962.16 2 3
github.com/PointerByte/GoForge/encrypt/gcp-kms/repository.go:962.16,964.3 1 0
github.com/PointerByte/GoForge/encrypt/gcp-kms/repository.go:965.2,965.29 1 3
github.com/PointerByte/GoForge/encrypt/gcp-kms/repository.go:965.29,967.3 1 1
github.com/PointerByte/GoForge/encrypt/gcp-kms/repository.go:968.2,968.31 1 2
github.com/PointerByte/GoForge/encrypt/gcp-kms/repository.go:971.162,973.19 2 6
github.com/PointerByte/GoForge/encrypt/gcp-kms/repository.go:973.19,975.3 1 2
github.com/PointerByte/GoForge/encrypt/gcp-kms/repository.go:976.2,976.19 1 6
github.com/PointerByte/GoForge/encrypt/gcp-kms/repository.go:976.19,978.3 1 1
github.com/PointerByte/GoForge/encrypt/gcp-kms/repository.go:980.2,986.32 2 5
github.com/PointerByte/GoForge/encrypt/gcp-kms/repository.go:987.75,990.17 3 2
github.com/PointerByte/GoForge/encrypt/gcp-kms/repository.go:990.17,992.4 1 0
github.com/PointerByte/GoForge/encrypt/gcp-kms/repository.go:993.3,994.37 2 2
github.com/PointerByte/GoForge/encrypt/gcp-kms/repository.go:995.41,998.17 3 1
github.com/PointerByte/GoForge/encrypt/gcp-kms/repository.go:998.17,1000.4 1 0
github.com/PointerByte/GoForge/encrypt/gcp-kms/repository.go:1001.3,1002.37 2 1
github.com/PointerByte/GoForge/encrypt/gcp-kms/repository.go:1003.10,1004.27 1 2
github.com/PointerByte/GoForge/encrypt/gcp-kms/repository.go:1006.2,1006.21 1 5
github.com/PointerByte/GoForge/encrypt/gcp-kms/repository.go:1009.113,1010.80 1 4
github.com/PointerByte/GoForge/encrypt/gcp-kms/repository.go:1010.80,1012.3 1 2
github.com/PointerByte/GoForge/encrypt/gcp-kms/repository.go:1013.2,1013.63 1 2
github.com/PointerByte/GoForge/encrypt/gcp-kms/repository.go:1013.63,1015.3 1 1
github.com/PointerByte/GoForge/encrypt/gcp-kms/repository.go:1016.2,1016.80 1 1
github.com/PointerByte/GoForge/encrypt/gcp-kms/repository.go:1019.98,1020.42 1 7
github.com/PointerByte/GoForge/encrypt/gcp-kms/repository.go:1020.42,1022.3 1 2
github.com/PointerByte/GoForge/encrypt/gcp-kms/repository.go:1023.2,1023.82 1 5
github.com/PointerByte/GoForge/encrypt/gcp-kms/repository.go:1023.82,1025.3 1 1
github.com/PointerByte/GoForge/encrypt/gcp-kms/repository.go:1026.2,1026.65 1 4
github.com/PointerByte/GoForge/encrypt/gcp-kms/repository.go:1029.46,1031.26 2 5
github.com/PointerByte/GoForge/encrypt/gcp-kms/repository.go:1031.26,1032.57 1 35
github.com/PointerByte/GoForge/encrypt/gcp-kms/repository.go:1032.57,1034.4 1 5
github.com/PointerByte/GoForge/encrypt/gcp-kms/repository.go:1036.2,1036.16 1 0
github.com/PointerByte/GoForge/encrypt/gcp-kms/repository.go:1039.64,1041.26 2 1
github.com/PointerByte/GoForge/encrypt/gcp-kms/repository.go:1041.26,1042.64 1 9
github.com/PointerByte/GoForge/encrypt/gcp-kms/repository.go:1042.64,1044.4 1 1
github.com/PointerByte/GoForge/encrypt/gcp-kms/repository.go:1046.2,1046.37 1 0
github.com/PointerByte/GoForge/encrypt/gcp-kms/repository.go:1049.102,1051.16 2 29
github.com/PointerByte/GoForge/encrypt/gcp-kms/repository.go:1051.16,1053.3 1 0
github.com/PointerByte/GoForge/encrypt/gcp-kms/repository.go:1054.2,1055.18 2 29
github.com/PointerByte/GoForge/encrypt/gcp-kms/repository.go:1055.18,1057.3 1 9
github.com/PointerByte/GoForge/encrypt/gcp-kms/repository.go:1058.2,1058.25 1 20
github.com/PointerByte/GoForge/encrypt/gcp-kms/repository.go:1061.155,1066.16 2 6
github.com/PointerByte/GoForge/encrypt/gcp-kms/repository.go:1066.16,1068.3 1 0
github.com/PointerByte/GoForge/encrypt/gcp-kms/repository.go:1069.2,1070.58 2 6
github.com/PointerByte/GoForge/encrypt/gcp-kms/repository.go:1070.58,1072.3 1 2
github.com/PointerByte/GoForge/encrypt/gcp-kms/repository.go:1073.2,1074.25 2 4
github.com/PointerByte/GoForge/encrypt/gcp-kms/repository.go:1074.25,1076.3 1 1
github.com/PointerByte/GoForge/encrypt/gcp-kms/repository.go:1077.2,1077.34 1 3
github.com/PointerByte/GoForge/encrypt/gcp-kms/repository.go:1080.49,1082.17 2 10
github.com/PointerByte/GoForge/encrypt/gcp-kms/repository.go:1082.17,1084.3 1 9
github.com/PointerByte/GoForge/encrypt/gcp-kms/repository.go:1085.2,1085.40 1 1
github.com/PointerByte/GoForge/encrypt/gcp-kms/repository.go:1088.41,1091.28 3 12
github.com/PointerByte/GoForge/encrypt/gcp-kms/repository.go:1091.28,1092.10 1 85
github.com/PointerByte/GoForge/encrypt/gcp-kms/repository.go:1093.29,1094.24 1 77
github.com/PointerByte/GoForge/encrypt/gcp-kms/repository.go:1095.29,1096.24 1 3
github.com/PointerByte/GoForge/encrypt/gcp-kms/repository.go:1097.29,1098.24 1 3
github.com/PointerByte/GoForge/encrypt/gcp-kms/repository.go:1099.11,1100.26 1 2
github.com/PointerByte/GoForge/encrypt/gcp-kms/repository.go:1103.2,1104.21 2 12
github.com/PointerByte/GoForge/encrypt/gcp-kms/repository.go:1104.21,1106.3 1 1
github.com/PointerByte/GoForge/encrypt/gcp-kms/repository.go:1107.2,1107.14 1 12
github.com/PointerByte/GoForge/encrypt/gcp-kms/repository.go:1110.66,1111.34 1 8
github.com/PointerByte/GoForge/encrypt/gcp-kms/repository.go:1111.34,1113.3 1 7
github.com/PointerByte/GoForge/encrypt/gcp-kms/repository.go:1114.2,1114.23 1 1
github.com/PointerByte/GoForge/encrypt/gcp-kms/repository.go:1114.23,1116.3 1 0
github.com/PointerByte/GoForge/encrypt/gcp-kms/repository.go:1117.2,1117.43 1 1
github.com/PointerByte/GoForge/encrypt/gcp-kms/repository.go:1120.117,1121.14 1 8
github.com/PointerByte/GoForge/encrypt/gcp-kms/repository.go:1122.26,1123.66 1 4
github.com/PointerByte/GoForge/encrypt/gcp-kms/repository.go:1124.26,1125.66 1 1
github.com/PointerByte/GoForge/encrypt/gcp-kms/repository.go:1126.26,1127.66 1 1
github.com/PointerByte/GoForge/encrypt/gcp-kms/repository.go:1128.10,1129.70 1 2
github.com/PointerByte/GoForge/encrypt/gcp-kms/repository.go:1133.113,1134.15 1 7
github.com/PointerByte/GoForge/encrypt/gcp-kms/repository.go:1135.24,1136.48 1 4
github.com/PointerByte/GoForge/encrypt/gcp-kms/repository.go:1137.42,1138.49 1 2
github.com/PointerByte/GoForge/encrypt/gcp-kms/repository.go:1139.10,1140.76 1 1
github.com/PointerByte/GoForge/encrypt/gcp-kms/repository.go:1144.102,1145.19 1 9
github.com/PointerByte/GoForge/encrypt/gcp-kms/repository.go:1146.41,1147.27 1 5
github.com/PointerByte/GoForge/encrypt/gcp-kms/repository.go:1148.42,1149.28 1 1
github.com/PointerByte/GoForge/encrypt/gcp-kms/repository.go:1150.10,1151.98 1 3
github.com/PointerByte/GoForge/encrypt/gcp-kms/repository.go:1155.111,1156.24 1 4
github.com/PointerByte/GoForge/encrypt/gcp-kms/repository.go:1157.37,1158.48 1 2
github.com/PointerByte/GoForge/encrypt/gcp-kms/repository.go:1159.38,1160.49 1 1
github.com/PointerByte/GoForge/encrypt/gcp-kms/repository.go:1161.10,1162.87 1 1
github.com/PointerByte/GoForge/encrypt/gcp-kms/repository.go:1166.92,1168.16 2 4
github.com/PointerByte/GoForge/encrypt/gcp-kms/repository.go:1168.16,1170.3 1 3
github.com/PointerByte/GoForge/encrypt/gcp-kms/repository.go:1171.2,1172.16 2 1
github.com/PointerByte/GoForge/encrypt/gcp-kms/repository.go:1172.16,1174.3 1 0
github.com/PointerByte/GoForge/encrypt/gcp-kms/repository.go:1175.2,1176.16 2 1
github.com/PointerByte/GoForge/encrypt/gcp-kms/repository.go:1176.16,1178.3 1 0
github.com/PointerByte/GoForge/encrypt/gcp-kms/repository.go:1179.2,1180.16 2 1
github.com/PointerByte/GoForge/encrypt/gcp-kms/repository.go:1180.16,1182.3 1 0
github.com/PointerByte/GoForge/encrypt/gcp-kms/repository.go:1183.2,1184.16 2 1
github.com/PointerByte/GoForge/encrypt/gcp-kms/repository.go:1184.16,1186.3 1 0
github.com/PointerByte/GoForge/encrypt/gcp-kms/repository.go:1187.2,1193.16 2 1
github.com/PointerByte/GoForge/encrypt/gcp-kms/repository.go:1193.16,1195.3 1 0
github.com/PointerByte/GoForge/encrypt/gcp-kms/repository.go:1196.2,1200.4 1 1
github.com/PointerByte/GoForge/encrypt/gcp-kms/repository.go:1203.126,1204.19 1 4
github.com/PointerByte/GoForge/encrypt/gcp-kms/repository.go:1205.41,1207.17 2 2
github.com/PointerByte/GoForge/encrypt/gcp-kms/repository.go:1207.17,1209.4 1 1
github.com/PointerByte/GoForge/encrypt/gcp-kms/repository.go:1210.3,1211.39 2 1
github.com/PointerByte/GoForge/encrypt/gcp-kms/repository.go:1212.42,1214.17 2 1
github.com/PointerByte/GoForge/encrypt/gcp-kms/repository.go:1214.17,1216.4 1 0
github.com/PointerByte/GoForge/encrypt/gcp-kms/repository.go:1217.3,1218.39 2 1
github.com/PointerByte/GoForge/encrypt/gcp-kms/repository.go:1219.10,1220.104 1 1
github.com/PointerByte/GoForge/encrypt/gcp-kms/repository.go:1224.51,1226.19 2 14
github.com/PointerByte/GoForge/encrypt/gcp-kms/repository.go:1226.19,1228.3 1 1
github.com/PointerByte/GoForge/encrypt/gcp-kms/repository.go:1229.2,1229.48 1 13
github.com/PointerByte/GoForge/encrypt/local/pkcs7.go:10.47,11.39 1 2
github.com/PointerByte/GoForge/encrypt/local/pkcs7.go:11.39,12.49 1 1
github.com/PointerByte/GoForge/encrypt/local/pkcs7.go:14.2,15.17 2 1
github.com/PointerByte/GoForge/encrypt/local/pkcs7.go:15.17,17.3 1 0
github.com/PointerByte/GoForge/encrypt/local/pkcs7.go:19.2,20.26 2 1
github.com/PointerByte/GoForge/encrypt/local/pkcs7.go:25.58,26.42 1 5
github.com/PointerByte/GoForge/encrypt/local/pkcs7.go:26.42,28.3 1 2
github.com/PointerByte/GoForge/encrypt/local/pkcs7.go:29.2,31.58 3 3
github.com/PointerByte/GoForge/encrypt/local/pkcs7.go:31.58,33.3 1 1
github.com/PointerByte/GoForge/encrypt/local/pkcs7.go:35.2,35.24 1 2
github.com/PointerByte/GoForge/encrypt/local/pkcs7.go:35.24,36.31 1 3
github.com/PointerByte/GoForge/encrypt/local/pkcs7.go:36.31,38.4 1 1
github.com/PointerByte/GoForge/encrypt/local/pkcs7.go:40.2,40.31 1 1
github.com/PointerByte/GoForge/encrypt/local/pkcs7.go:44.44,46.21 2 2
github.com/PointerByte/GoForge/encrypt/local/pkcs7.go:46.21,48.3 1 4
github.com/PointerByte/GoForge/encrypt/local/pkcs7.go:49.2,49.12 1 2
github.com/PointerByte/GoForge/encrypt/local/repository.go:36.44,37.16 1 75
github.com/PointerByte/GoForge/encrypt/local/repository.go:37.16,39.3 1 1
github.com/PointerByte/GoForge/encrypt/local/repository.go:40.2,40.18 1 74
github.com/PointerByte/GoForge/encrypt/local/repository.go:43.82,45.40 2 71
github.com/PointerByte/GoForge/encrypt/local/repository.go:45.40,47.3 1 21
github.com/PointerByte/GoForge/encrypt/local/repository.go:49.2,50.12 2 50
github.com/PointerByte/GoForge/encrypt/local/repository.go:50.12,53.3 2 50
github.com/PointerByte/GoForge/encrypt/local/repository.go:55.2,55.9 1 50
github.com/PointerByte/GoForge/encrypt/local/repository.go:56.20,57.25 1 0
github.com/PointerByte/GoForge/encrypt/local/repository.go:58.24,59.34 1 50
github.com/PointerByte/GoForge/encrypt/local/repository.go:68.51,70.2 1 4
github.com/PointerByte/GoForge/encrypt/local/repository.go:73.39,75.2 1 3
github.com/PointerByte/GoForge/encrypt/local/repository.go:77.114,80.61 3 2
github.com/PointerByte/GoForge/encrypt/local/repository.go:80.61,82.3 1 1
github.com/PointerByte/GoForge/encrypt/local/repository.go:85.108,88.61 3 2
github.com/PointerByte/GoForge/encrypt/local/repository.go:88.61,90.3 1 1
github.com/PointerByte/GoForge/encrypt/local/repository.go:93.100,96.39 3 2
github.com/PointerByte/GoForge/encrypt/local/repository.go:96.39,98.3 1 1
github.com/PointerByte/GoForge/encrypt/local/repository.go:99.2,99.63 1 1
github.com/PointerByte/GoForge/encrypt/local/repository.go:104.146,107.61 3 2
github.com/PointerByte/GoForge/encrypt/local/repository.go:107.61,108.62 1 1
github.com/PointerByte/GoForge/encrypt/local/repository.go:108.62,110.4 1 0
github.com/PointerByte/GoForge/encrypt/local/repository.go:112.3,113.56 2 1
github.com/PointerByte/GoForge/encrypt/local/repository.go:113.56,115.4 1 0
github.com/PointerByte/GoForge/encrypt/local/repository.go:116.3,119.9 1 1
github.com/PointerByte/GoForge/encrypt/local/repository.go:125.116,128.52 3 5
github.com/PointerByte/GoForge/encrypt/local/repository.go:128.52,130.3 1 4
github.com/PointerByte/GoForge/encrypt/local/repository.go:133.78,135.16 2 6
github.com/PointerByte/GoForge/encrypt/local/repository.go:135.16,137.3 1 1
github.com/PointerByte/GoForge/encrypt/local/repository.go:139.2,140.16 2 5
github.com/PointerByte/GoForge/encrypt/local/repository.go:140.16,142.3 1 1
github.com/PointerByte/GoForge/encrypt/local/repository.go:144.2,145.16 2 4
github.com/PointerByte/GoForge/encrypt/local/repository.go:145.16,147.3 1 0
github.com/PointerByte/GoForge/encrypt/local/repository.go:149.2,150.44 2 4
github.com/PointerByte/GoForge/encrypt/local/repository.go:150.44,152.3 1 0
github.com/PointerByte/GoForge/encrypt/local/repository.go:154.2,156.56 3 4
github.com/PointerByte/GoForge/encrypt/local/repository.go:160.116,163.52 3 6
github.com/PointerByte/GoForge/encrypt/local/repository.go:163.52,165.3 1 5
github.com/PointerByte/GoForge/encrypt/local/repository.go:168.84,170.16 2 6
github.com/PointerByte/GoForge/encrypt/local/repository.go:170.16,172.3 1 1
github.com/PointerByte/GoForge/encrypt/local/repository.go:174.2,175.16 2 5
github.com/PointerByte/GoForge/encrypt/local/repository.go:175.16,177.3 1 0
github.com/PointerByte/GoForge/encrypt/local/repository.go:179.2,180.16 2 5
github.com/PointerByte/GoForge/encrypt/local/repository.go:180.16,182.3 1 0
github.com/PointerByte/GoForge/encrypt/local/repository.go:184.2,185.16 2 5
github.com/PointerByte/GoForge/encrypt/local/repository.go:185.16,187.3 1 1
github.com/PointerByte/GoForge/encrypt/local/repository.go:189.2,189.37 1 4
github.com/PointerByte/GoForge/encrypt/local/repository.go:189.37,191.3 1 1
github.com/PointerByte/GoForge/encrypt/local/repository.go:193.2,196.16 4 3
github.com/PointerByte/GoForge/encrypt/local/repository.go:196.16,198.3 1 1
github.com/PointerByte/GoForge/encrypt/local/repository.go:199.2,199.31 1 2
github.com/PointerByte/GoForge/encrypt/local/repository.go:205.41,207.2 1 4
github.com/PointerByte/GoForge/encrypt/local/repository.go:210.83,212.59 2 2
github.com/PointerByte/GoForge/encrypt/local/repository.go:212.59,216.3 3 1
github.com/PointerByte/GoForge/encrypt/local/repository.go:217.2,217.16 1 2
github.com/PointerByte/GoForge/encrypt/local/repository.go:217.16,219.3 1 1
github.com/PointerByte/GoForge/encrypt/local/repository.go:220.2,220.14 1 1
github.com/PointerByte/GoForge/encrypt/local/repository.go:224.77,226.59 2 2
github.com/PointerByte/GoForge/encrypt/local/repository.go:226.59,229.3 2 1
github.com/PointerByte/GoForge/encrypt/local/repository.go:230.2,230.16 1 2
github.com/PointerByte/GoForge/encrypt/local/repository.go:230.16,232.3 1 1
github.com/PointerByte/GoForge/encrypt/local/repository.go:233.2,233.14 1 1
github.com/PointerByte/GoForge/encrypt/local/repository.go:237.74,239.59 2 2
github.com/PointerByte/GoForge/encrypt/local/repository.go:239.59,242.3 2 1
github.com/PointerByte/GoForge/encrypt/local/repository.go:243.2,243.16 1 2
github.com/PointerByte/GoForge/encrypt/local/repository.go:243.16,245.3 1 1
github.com/PointerByte/GoForge/encrypt/local/repository.go:246.2,246.14 1 1
github.com/PointerByte/GoForge/encrypt/local/repository.go:252.53,254.2 1 5
github.com/PointerByte/GoForge/encrypt/local/repository.go:257.136,260.61 3 3
github.com/PointerByte/GoForge/encrypt/local/repository.go:260.61,261.63 1 2
github.com/PointerByte/GoForge/encrypt/local/repository.go:261.63,263.4 1 1
github.com/PointerByte/GoForge/encrypt/local/repository.go:265.3,266.17 2 1
github.com/PointerByte/GoForge/encrypt/local/repository.go:266.17,268.4 1 0
github.com/PointerByte/GoForge/encrypt/local/repository.go:269.3,278.9 6 1
github.com/PointerByte/GoForge/encrypt/local/repository.go:284.125,287.52 3 3
github.com/PointerByte/GoForge/encrypt/local/repository.go:287.52,289.17 2 2
github.com/PointerByte/GoForge/encrypt/local/repository.go:289.17,291.4 1 1
github.com/PointerByte/GoForge/encrypt/local/repository.go:293.3,295.17 3 1
github.com/PointerByte/GoForge/encrypt/local/repository.go:295.17,297.4 1 0
github.com/PointerByte/GoForge/encrypt/local/repository.go:298.3,298.61 1 1
github.com/PointerByte/GoForge/encrypt/local/repository.go:304.125,307.52 3 4
github.com/PointerByte/GoForge/encrypt/local/repository.go:307.52,309.17 2 3
github.com/PointerByte/GoForge/encrypt/local/repository.go:309.17,311.4 1 1
github.com/PointerByte/GoForge/encrypt/local/repository.go:313.3,314.17 2 2
github.com/PointerByte/GoForge/encrypt/local/repository.go:314.17,316.4 1 1
github.com/PointerByte/GoForge/encrypt/local/repository.go:318.3,320.17 3 1
github.com/PointerByte/GoForge/encrypt/local/repository.go:320.17,322.4 1 0
github.com/PointerByte/GoForge/encrypt/local/repository.go:323.3,323.33 1 1
github.com/PointerByte/GoForge/encrypt/local/repository.go:329.148,332.61 3 3
github.com/PointerByte/GoForge/encrypt/local/repository.go:332.61,334.22 2 2
github.com/PointerByte/GoForge/encrypt/local/repository.go:335.25,336.27 1 1
github.com/PointerByte/GoForge/encrypt/local/repository.go:337.25,338.27 1 0
github.com/PointerByte/GoForge/encrypt/local/repository.go:339.25,340.27 1 0
github.com/PointerByte/GoForge/encrypt/local/repository.go:341.11,342.68 1 1
github.com/PointerByte/GoForge/encrypt/local/repository.go:345.3,346.17 2 1
github.com/PointerByte/GoForge/encrypt/local/repository.go:346.17,348.4 1 0
github.com/PointerByte/GoForge/encrypt/local/repository.go:350.3,351.17 2 1
github.com/PointerByte/GoForge/encrypt/local/repository.go:351.17,353.4 1 0
github.com/PointerByte/GoForge/encrypt/local/repository.go:355.3,356.17 2 1
github.com/PointerByte/GoForge/encrypt/local/repository.go:356.17,358.4 1 0
github.com/PointerByte/GoForge/encrypt/local/repository.go:360.3,364.9 1 1
github.com/PointerByte/GoForge/encrypt/local/repository.go:370.129,373.52 3 4
github.com/PointerByte/GoForge/encrypt/local/repository.go:373.52,375.17 2 3
github.com/PointerByte/GoForge/encrypt/local/repository.go:375.17,377.4 1 1
github.com/PointerByte/GoForge/encrypt/local/repository.go:379.3,380.17 2 2
github.com/PointerByte/GoForge/encrypt/local/repository.go:380.17,382.4 1 0
github.com/PointerByte/GoForge/encrypt/local/repository.go:384.3,385.17 2 2
github.com/PointerByte/GoForge/encrypt/local/repository.go:385.17,387.4 1 0
github.com/PointerByte/GoForge/encrypt/local/repository.go:389.3,390.17 2 2
github.com/PointerByte/GoForge/encrypt/local/repository.go:390.17,392.4 1 0
github.com/PointerByte/GoForge/encrypt/local/repository.go:394.3,395.17 2 2
github.com/PointerByte/GoForge/encrypt/local/repository.go:395.17,397.4 1 0
github.com/PointerByte/GoForge/encrypt/local/repository.go:399.3,401.17 3 2
github.com/PointerByte/GoForge/encrypt/local/repository.go:401.17,403.4 1 0
github.com/PointerByte/GoForge/encrypt/local/repository.go:405.3,406.17 2 2
github.com/PointerByte/GoForge/encrypt/local/repository.go:406.17,408.4 1 0
github.com/PointerByte/GoForge/encrypt/local/repository.go:410.3,415.17 2 2
github.com/PointerByte/GoForge/encrypt/local/repository.go:415.17,417.4 1 0
github.com/PointerByte/GoForge/encrypt/local/repository.go:418.3,418.22 1 2
github.com/PointerByte/GoForge/encrypt/local/repository.go:424.129,427.52 3 5
github.com/PointerByte/GoForge/encrypt/local/repository.go:427.52,429.17 2 4
github.com/PointerByte/GoForge/encrypt/local/repository.go:429.17,431.4 1 1
github.com/PointerByte/GoForge/encrypt/local/repository.go:433.3,434.17 2 3
github.com/PointerByte/GoForge/encrypt/local/repository.go:434.17,436.4 1 1
github.com/PointerByte/GoForge/encrypt/local/repository.go:438.3,439.17 2 2
github.com/PointerByte/GoForge/encrypt/local/repository.go:439.17,441.4 1 0
github.com/PointerByte/GoForge/encrypt/local/repository.go:443.3,444.17 2 2
github.com/PointerByte/GoForge/encrypt/local/repository.go:444.17,446.4 1 0
github.com/PointerByte/GoForge/encrypt/local/repository.go:447.3,447.33 1 2
github.com/PointerByte/GoForge/encrypt/local/repository.go:447.33,449.4 1 1
github.com/PointerByte/GoForge/encrypt/local/repository.go:451.3,452.17 2 1
github.com/PointerByte/GoForge/encrypt/local/repository.go:452.17,454.4 1 0
github.com/PointerByte/GoForge/encrypt/local/repository.go:456.3,457.17 2 1
github.com/PointerByte/GoForge/encrypt/local/repository.go:457.17,459.4 1 0
github.com/PointerByte/GoForge/encrypt/local/repository.go:461.3,461.103 1 1
github.com/PointerByte/GoForge/encrypt/local/repository.go:468.51,470.2 1 5
github.com/PointerByte/GoForge/encrypt/local/repository.go:473.101,476.61 3 2
github.com/PointerByte/GoForge/encrypt/local/repository.go:476.61,478.17 2 1
github.com/PointerByte/GoForge/encrypt/local/repository.go:478.17,480.4 1 0
github.com/PointerByte/GoForge/encrypt/local/repository.go:482.3,483.17 2 1
github.com/PointerByte/GoForge/encrypt/local/repository.go:483.17,485.4 1 0
github.com/PointerByte/GoForge/encrypt/local/repository.go:486.3,489.17 3 1
github.com/PointerByte/GoForge/encrypt/local/repository.go:489.17,491.4 1 0
github.com/PointerByte/GoForge/encrypt/local/repository.go:492.3,497.9 2 1
github.com/PointerByte/GoForge/encrypt/local/repository.go:501.66,502.14 1 4
github.com/PointerByte/GoForge/encrypt/local/repository.go:503.44,504.13 1 3
github.com/PointerByte/GoForge/encrypt/local/repository.go:505.10,506.64 1 1
github.com/PointerByte/GoForge/encrypt/local/repository.go:510.68,511.14 1 2
github.com/PointerByte/GoForge/encrypt/local/repository.go:512.66,513.13 1 1
github.com/PointerByte/GoForge/encrypt/local/repository.go:514.10,515.65 1 1
github.com/PointerByte/GoForge/encrypt/local/repository.go:520.113,523.52 3 3
github.com/PointerByte/GoForge/encrypt/local/repository.go:523.52,525.17 2 2
github.com/PointerByte/GoForge/encrypt/local/repository.go:525.17,527.4 1 1
github.com/PointerByte/GoForge/encrypt/local/repository.go:529.3,530.59 2 1
github.com/PointerByte/GoForge/encrypt/local/repository.go:535.113,538.56 3 5
github.com/PointerByte/GoForge/encrypt/local/repository.go:538.56,540.17 2 4
github.com/PointerByte/GoForge/encrypt/local/repository.go:540.17,542.4 1 1
github.com/PointerByte/GoForge/encrypt/local/repository.go:544.3,545.17 2 3
github.com/PointerByte/GoForge/encrypt/local/repository.go:545.17,547.4 1 1
github.com/PointerByte/GoForge/encrypt/local/repository.go:549.3,549.70 1 2
github.com/PointerByte/GoForge/encrypt/local/repository.go:549.70,551.4 1 1
github.com/PointerByte/GoForge/encrypt/local/repository.go:552.3,552.25 1 1
github.com/PointerByte/GoForge/encrypt/local/repository.go:554.2,554.12 1 5
github.com/PointerByte/GoForge/encrypt/local/repository.go:558.109,561.52 3 3
github.com/PointerByte/GoForge/encrypt/local/repository.go:561.52,563.17 2 2
github.com/PointerByte/GoForge/encrypt/local/repository.go:563.17,565.4 1 1
github.com/PointerByte/GoForge/encrypt/local/repository.go:567.3,569.17 3 1
github.com/PointerByte/GoForge/encrypt/local/repository.go:569.17,571.4 1 0
github.com/PointerByte/GoForge/encrypt/local/repository.go:572.3,572.59 1 1
github.com/PointerByte/GoForge/encrypt/local/repository.go:577.109,580.56 3 5
github.com/PointerByte/GoForge/encrypt/local/repository.go:580.56,582.17 2 4
github.com/PointerByte/GoForge/encrypt/local/repository.go:582.17,584.4 1 1
github.com/PointerByte/GoForge/encrypt/local/repository.go:586.3,587.17 2 3
github.com/PointerByte/GoForge/encrypt/local/repository.go:587.17,589.4 1 1
github.com/PointerByte/GoForge/encrypt/local/repository.go:591.3,592.91 2 2
github.com/PointerByte/GoForge/encrypt/local/repository.go:592.91,594.4 1 1
github.com/PointerByte/GoForge/encrypt/local/repository.go:595.3,595.25 1 1
github.com/PointerByte/GoForge/encrypt/local/repository.go:597.2,597.12 1 5
github.com/PointerByte/GoForge/encrypt/local/repository.go:602.123,605.52 3 3
github.com/PointerByte/GoForge/encrypt/local/repository.go:605.52,607.17 2 2
github.com/PointerByte/GoForge/encrypt/local/repository.go:607.17,609.4 1 1
github.com/PointerByte/GoForge/encrypt/local/repository.go:611.3,613.17 3 1
github.com/PointerByte/GoForge/encrypt/local/repository.go:613.17,615.4 1 0
github.com/PointerByte/GoForge/encrypt/local/repository.go:616.3,616.59 1 1
github.com/PointerByte/GoForge/encrypt/local/repository.go:621.130,624.56 3 5
github.com/PointerByte/GoForge/encrypt/local/repository.go:624.56,626.17 2 4
github.com/PointerByte/GoForge/encrypt/local/repository.go:626.17,628.4 1 1
github.com/PointerByte/GoForge/encrypt/local/repository.go:630.3,632.17 3 3
github.com/PointerByte/GoForge/encrypt/local/repository.go:632.17,634.4 1 1
github.com/PointerByte/GoForge/encrypt/local/repository.go:635.3,635.95 1 2
github.com/PointerByte/GoForge/encrypt/local/repository.go:635.95,637.4 1 1
github.com/PointerByte/GoForge/encrypt/local/repository.go:638.3,638.25 1 1
github.com/PointerByte/GoForge/encrypt/local/repository.go:640.2,640.12 1 5
github.com/PointerByte/GoForge/encrypt/local/repository.go:653.34,661.2 1 1
github.com/PointerByte/GoForge/encrypt/azure-key-vault/repository.go:53.119,55.3 1 0
github.com/PointerByte/GoForge/encrypt/azure-key-vault/repository.go:56.103,58.3 1 0
github.com/PointerByte/GoForge/encrypt/azure-key-vault/repository.go:59.95,61.17 2 0
github.com/PointerByte/GoForge/encrypt/azure-key-vault/repository.go:61.17,63.4 1 0
github.com/PointerByte/GoForge/encrypt/azure-key-vault/repository.go:64.3,67.9 1 0
github.com/PointerByte/GoForge/encrypt/azure-key-vault/repository.go:134.51,136.2 1 7
github.com/PointerByte/GoForge/encrypt/azure-key-vault/repository.go:138.41,140.2 1 4
github.com/PointerByte/GoForge/encrypt/azure-key-vault/repository.go:142.39,144.2 1 7
github.com/PointerByte/GoForge/encrypt/azure-key-vault/repository.go:146.53,148.2 1 6
github.com/PointerByte/GoForge/encrypt/azure-key-vault/repository.go:150.51,152.2 1 6
github.com/PointerByte/GoForge/encrypt/azure-key-vault/repository.go:154.34,162.2 1 3
github.com/PointerByte/GoForge/encrypt/azure-key-vault/repository.go:164.158,167.37 3 5
github.com/PointerByte/GoForge/encrypt/azure-key-vault/repository.go:167.37,169.3 1 1
github.com/PointerByte/GoForge/encrypt/azure-key-vault/repository.go:171.2,172.16 2 4
github.com/PointerByte/GoForge/encrypt/azure-key-vault/repository.go:172.16,174.3 1 1
github.com/PointerByte/GoForge/encrypt/azure-key-vault/repository.go:176.2,185.16 3 3
github.com/PointerByte/GoForge/encrypt/azure-key-vault/repository.go:185.16,187.3 1 1
github.com/PointerByte/GoForge/encrypt/azure-key-vault/repository.go:189.2,190.16 2 2
github.com/PointerByte/GoForge/encrypt/azure-key-vault/repository.go:190.16,192.3 1 0
github.com/PointerByte/GoForge/encrypt/azure-key-vault/repository.go:193.2,193.88 1 2
github.com/PointerByte/GoForge/encrypt/azure-key-vault/repository.go:196.130,200.16 4 4
github.com/PointerByte/GoForge/encrypt/azure-key-vault/repository.go:200.16,202.3 1 0
github.com/PointerByte/GoForge/encrypt/azure-key-vault/repository.go:204.2,205.16 2 4
github.com/PointerByte/GoForge/encrypt/azure-key-vault/repository.go:205.16,207.3 1 1
github.com/PointerByte/GoForge/encrypt/azure-key-vault/repository.go:209.2,210.16 2 3
github.com/PointerByte/GoForge/encrypt/azure-key-vault/repository.go:210.16,212.3 1 1
github.com/PointerByte/GoForge/encrypt/azure-key-vault/repository.go:214.2,215.16 2 2
github.com/PointerByte/GoForge/encrypt/azure-key-vault/repository.go:215.16,217.3 1 0
github.com/PointerByte/GoForge/encrypt/azure-key-vault/repository.go:218.2,219.16 2 2
github.com/PointerByte/GoForge/encrypt/azure-key-vault/repository.go:219.16,221.3 1 0
github.com/PointerByte/GoForge/encrypt/azure-key-vault/repository.go:222.2,223.16 2 2
github.com/PointerByte/GoForge/encrypt/azure-key-vault/repository.go:223.16,225.3 1 1
github.com/PointerByte/GoForge/encrypt/azure-key-vault/repository.go:226.2,226.104 1 1
github.com/PointerByte/GoForge/encrypt/azure-key-vault/repository.go:229.124,233.16 4 3
github.com/PointerByte/GoForge/encrypt/azure-key-vault/repository.go:233.16,235.3 1 0
github.com/PointerByte/GoForge/encrypt/azure-key-vault/repository.go:237.2,238.16 2 3
github.com/PointerByte/GoForge/encrypt/azure-key-vault/repository.go:238.16,240.3 1 1
github.com/PointerByte/GoForge/encrypt/azure-key-vault/repository.go:242.2,243.16 2 2
github.com/PointerByte/GoForge/encrypt/azure-key-vault/repository.go:243.16,245.3 1 1
github.com/PointerByte/GoForge/encrypt/azure-key-vault/repository.go:246.2,246.87 1 1
github.com/PointerByte/GoForge/encrypt/azure-key-vault/repository.go:249.116,253.16 4 4
github.com/PointerByte/GoForge/encrypt/azure-key-vault/repository.go:253.16,255.3 1 0
github.com/PointerByte/GoForge/encrypt/azure-key-vault/repository.go:257.2,258.16 2 4
github.com/PointerByte/GoForge/encrypt/azure-key-vault/repository.go:258.16,260.3 1 1
github.com/PointerByte/GoForge/encrypt/azure-key-vault/repository.go:262.2,262.29 1 3
github.com/PointerByte/GoForge/encrypt/azure-key-vault/repository.go:262.29,264.17 2 2
github.com/PointerByte/GoForge/encrypt/azure-key-vault/repository.go:264.17,266.4 1 0
github.com/PointerByte/GoForge/encrypt/azure-key-vault/repository.go:267.3,268.17 2 2
github.com/PointerByte/GoForge/encrypt/azure-key-vault/repository.go:268.17,270.4 1 0
github.com/PointerByte/GoForge/encrypt/azure-key-vault/repository.go:271.3,272.17 2 2
github.com/PointerByte/GoForge/encrypt/azure-key-vault/repository.go:272.17,274.4 1 0
github.com/PointerByte/GoForge/encrypt/azure-key-vault/repository.go:275.3,275.30 1 2
github.com/PointerByte/GoForge/encrypt/azure-key-vault/repository.go:278.2,283.22 2 3
github.com/PointerByte/GoForge/encrypt/azure-key-vault/repository.go:283.22,285.3 1 1
github.com/PointerByte/GoForge/encrypt/azure-key-vault/repository.go:286.2,286.12 1 2
github.com/PointerByte/GoForge/encrypt/azure-key-vault/repository.go:289.128,292.46 3 6
github.com/PointerByte/GoForge/encrypt/azure-key-vault/repository.go:292.46,294.3 1 1
github.com/PointerByte/GoForge/encrypt/azure-key-vault/repository.go:296.2,297.16 2 5
github.com/PointerByte/GoForge/encrypt/azure-key-vault/repository.go:297.16,299.3 1 0
github.com/PointerByte/GoForge/encrypt/azure-key-vault/repository.go:300.2,301.16 2 5
github.com/PointerByte/GoForge/encrypt/azure-key-vault/repository.go:301.16,303.3 1 1
github.com/PointerByte/GoForge/encrypt/azure-key-vault/repository.go:305.2,310.16 2 4
github.com/PointerByte/GoForge/encrypt/azure-key-vault/repository.go:310.16,312.3 1 2
github.com/PointerByte/GoForge/encrypt/azure-key-vault/repository.go:314.2,319.16 2 2
github.com/PointerByte/GoForge/encrypt/azure-key-vault/repository.go:319.16,321.3 1 0
github.com/PointerByte/GoForge/encrypt/azure-key-vault/repository.go:322.2,322.61 1 2
github.com/PointerByte/GoForge/encrypt/azure-key-vault/repository.go:325.128,328.46 3 9
github.com/PointerByte/GoForge/encrypt/azure-key-vault/repository.go:328.46,330.3 1 1
github.com/PointerByte/GoForge/encrypt/azure-key-vault/repository.go:332.2,333.16 2 8
github.com/PointerByte/GoForge/encrypt/azure-key-vault/repository.go:333.16,335.3 1 0
github.com/PointerByte/GoForge/encrypt/azure-key-vault/repository.go:336.2,337.16 2 8
github.com/PointerByte/GoForge/encrypt/azure-key-vault/repository.go:337.16,339.3 1 0
github.com/PointerByte/GoForge/encrypt/azure-key-vault/repository.go:341.2,342.16 2 8
github.com/PointerByte/GoForge/encrypt/azure-key-vault/repository.go:342.16,344.3 1 1
github.com/PointerByte/GoForge/encrypt/azure-key-vault/repository.go:345.2,346.63 2 7
github.com/PointerByte/GoForge/encrypt/azure-key-vault/repository.go:346.63,348.3 1 1
github.com/PointerByte/GoForge/encrypt/azure-key-vault/repository.go:350.2,351.16 2 6
github.com/PointerByte/GoForge/encrypt/azure-key-vault/repository.go:351.16,353.3 1 1
github.com/PointerByte/GoForge/encrypt/azure-key-vault/repository.go:354.2,355.16 2 5
github.com/PointerByte/GoForge/encrypt/azure-key-vault/repository.go:355.16,357.3 1 1
github.com/PointerByte/GoForge/encrypt/azure-key-vault/repository.go:358.2,359.16 2 4
github.com/PointerByte/GoForge/encrypt/azure-key-vault/repository.go:359.16,361.3 1 1
github.com/PointerByte/GoForge/encrypt/azure-key-vault/repository.go:363.2,370.16 2 3
github.com/PointerByte/GoForge/encrypt/azure-key-vault/repository.go:370.16,372.3 1 1
github.com/PointerByte/GoForge/encrypt/azure-key-vault/repository.go:373.2,373.37 1 2
github.com/PointerByte/GoForge/encrypt/azure-key-vault/repository.go:376.95,378.44 2 5
github.com/PointerByte/GoForge/encrypt/azure-key-vault/repository.go:378.44,380.3 1 1
github.com/PointerByte/GoForge/encrypt/azure-key-vault/repository.go:382.2,383.16 2 4
github.com/PointerByte/GoForge/encrypt/azure-key-vault/repository.go:383.16,385.3 1 0
github.com/PointerByte/GoForge/encrypt/azure-key-vault/repository.go:386.2,387.16 2 4
github.com/PointerByte/GoForge/encrypt/azure-key-vault/repository.go:387.16,389.3 1 1
github.com/PointerByte/GoForge/encrypt/azure-key-vault/repository.go:391.2,395.16 2 3
github.com/PointerByte/GoForge/encrypt/azure-key-vault/repository.go:395.16,397.3 1 1
github.com/PointerByte/GoForge/encrypt/azure-key-vault/repository.go:398.2,398.59 1 2
github.com/PointerByte/GoForge/encrypt/azure-key-vault/repository.go:401.89,404.2 2 1
github.com/PointerByte/GoForge/encrypt/azure-key-vault/repository.go:406.86,409.2 2 1
github.com/PointerByte/GoForge/encrypt/azure-key-vault/repository.go:411.160,415.16 4 4
github.com/PointerByte/GoForge/encrypt/azure-key-vault/repository.go:415.16,417.3 1 1
github.com/PointerByte/GoForge/encrypt/azure-key-vault/repository.go:419.2,420.16 2 3
github.com/PointerByte/GoForge/encrypt/azure-key-vault/repository.go:420.16,422.3 1 1
github.com/PointerByte/GoForge/encrypt/azure-key-vault/repository.go:424.2,433.16 3 2
github.com/PointerByte/GoForge/encrypt/azure-key-vault/repository.go:433.16,435.3 1 1
github.com/PointerByte/GoForge/encrypt/azure-key-vault/repository.go:437.2,438.16 2 1
github.com/PointerByte/GoForge/encrypt/azure-key-vault/repository.go:438.16,440.3 1 0
github.com/PointerByte/GoForge/encrypt/azure-key-vault/repository.go:441.2,442.16 2 1
github.com/PointerByte/GoForge/encrypt/azure-key-vault/repository.go:442.16,444.3 1 0
github.com/PointerByte/GoForge/encrypt/azure-key-vault/repository.go:446.2,447.16 2 1
github.com/PointerByte/GoForge/encrypt/azure-key-vault/repository.go:447.16,449.3 1 0
github.com/PointerByte/GoForge/encrypt/azure-key-vault/repository.go:450.2,455.8 1 1
github.com/PointerByte/GoForge/encrypt/azure-key-vault/repository.go:458.130,461.83 3 4
github.com/PointerByte/GoForge/encrypt/azure-key-vault/repository.go:461.83,463.3 1 1
github.com/PointerByte/GoForge/encrypt/azure-key-vault/repository.go:465.2,466.16 2 3
github.com/PointerByte/GoForge/encrypt/azure-key-vault/repository.go:466.16,468.3 1 0
github.com/PointerByte/GoForge/encrypt/azure-key-vault/repository.go:469.2,470.16 2 3
github.com/PointerByte/GoForge/encrypt/azure-key-vault/repository.go:470.16,472.3 1 1
github.com/PointerByte/GoForge/encrypt/azure-key-vault/repository.go:474.2,475.16 2 2
github.com/PointerByte/GoForge/encrypt/azure-key-vault/repository.go:475.16,477.3 1 1
[...]
github.com/PointerByte/GoForge/encrypt/azure-key-vault/repository.go:928.16,930.3 1 0
github.com/PointerByte/GoForge/encrypt/azure-key-vault/repository.go:932.2,937.23 2 8
github.com/PointerByte/GoForge/encrypt/azure-key-vault/repository.go:937.23,939.3 1 0
github.com/PointerByte/GoForge/encrypt/azure-key-vault/repository.go:941.2,941.9 1 8
github.com/PointerByte/GoForge/encrypt/azure-key-vault/repository.go:942.36,944.17 2 2
github.com/PointerByte/GoForge/encrypt/azure-key-vault/repository.go:944.17,946.4 1 0
github.com/PointerByte/GoForge/encrypt/azure-key-vault/repository.go:947.3,948.17 2 2
github.com/PointerByte/GoForge/encrypt/azure-key-vault/repository.go:948.17,950.4 1 0
github.com/PointerByte/GoForge/encrypt/azure-key-vault/repository.go:951.3,951.67 1 2
github.com/PointerByte/GoForge/encrypt/azure-key-vault/repository.go:952.35,954.17 2 3
github.com/PointerByte/GoForge/encrypt/azure-key-vault/repository.go:954.17,956.4 1 0
github.com/PointerByte/GoForge/encrypt/azure-key-vault/repository.go:957.3,958.17 2 3
github.com/PointerByte/GoForge/encrypt/azure-key-vault/repository.go:958.17,960.4 1 0
github.com/PointerByte/GoForge/encrypt/azure-key-vault/repository.go:961.3,961.67 1 3
github.com/PointerByte/GoForge/encrypt/azure-key-vault/repository.go:963.2,963.21 1 8
github.com/PointerByte/GoForge/encrypt/azure-key-vault/repository.go:966.57,967.23 1 10
github.com/PointerByte/GoForge/encrypt/azure-key-vault/repository.go:967.23,969.3 1 1
github.com/PointerByte/GoForge/encrypt/azure-key-vault/repository.go:970.2,970.112 1 9
github.com/PointerByte/GoForge/encrypt/azure-key-vault/repository.go:970.112,972.3 1 3
github.com/PointerByte/GoForge/encrypt/azure-key-vault/repository.go:973.2,973.55 1 6
github.com/PointerByte/GoForge/encrypt/azure-key-vault/repository.go:976.56,977.23 1 8
github.com/PointerByte/GoForge/encrypt/azure-key-vault/repository.go:977.23,979.3 1 1
github.com/PointerByte/GoForge/encrypt/azure-key-vault/repository.go:980.2,980.110 1 7
github.com/PointerByte/GoForge/encrypt/azure-key-vault/repository.go:980.110,982.3 1 4
github.com/PointerByte/GoForge/encrypt/azure-key-vault/repository.go:983.2,983.80 1 3
github.com/PointerByte/GoForge/encrypt/azure-key-vault/repository.go:986.85,987.100 1 9
github.com/PointerByte/GoForge/encrypt/azure-key-vault/repository.go:987.100,989.3 1 1
github.com/PointerByte/GoForge/encrypt/azure-key-vault/repository.go:991.2,992.16 2 8
github.com/PointerByte/GoForge/encrypt/azure-key-vault/repository.go:992.16,994.3 1 1
github.com/PointerByte/GoForge/encrypt/azure-key-vault/repository.go:996.2,997.16 2 7
github.com/PointerByte/GoForge/encrypt/azure-key-vault/repository.go:997.16,999.3 1 1
github.com/PointerByte/GoForge/encrypt/azure-key-vault/repository.go:1000.2,1001.16 2 6
github.com/PointerByte/GoForge/encrypt/azure-key-vault/repository.go:1001.16,1003.3 1 0
github.com/PointerByte/GoForge/encrypt/azure-key-vault/repository.go:1005.2,1011.16 6 6
github.com/PointerByte/GoForge/encrypt/azure-key-vault/repository.go:1011.16,1013.3 1 1
github.com/PointerByte/GoForge/encrypt/azure-key-vault/repository.go:1014.2,1014.23 1 5
github.com/PointerByte/GoForge/encrypt/azure-key-vault/repository.go:1017.81,1019.16 2 13
github.com/PointerByte/GoForge/encrypt/azure-key-vault/repository.go:1019.16,1021.3 1 1
github.com/PointerByte/GoForge/encrypt/azure-key-vault/repository.go:1023.2,1023.42 1 12
github.com/PointerByte/GoForge/encrypt/azure-key-vault/repository.go:1024.23,1026.17 2 0
github.com/PointerByte/GoForge/encrypt/azure-key-vault/repository.go:1026.17,1028.4 1 0
github.com/PointerByte/GoForge/encrypt/azure-key-vault/repository.go:1029.3,1030.77 2 0
github.com/PointerByte/GoForge/encrypt/azure-key-vault/repository.go:1030.77,1032.4 1 0
github.com/PointerByte/GoForge/encrypt/azure-key-vault/repository.go:1034.3,1039.9 1 0
github.com/PointerByte/GoForge/encrypt/azure-key-vault/repository.go:1040.24,1042.17 2 11
github.com/PointerByte/GoForge/encrypt/azure-key-vault/repository.go:1042.17,1044.4 1 1
github.com/PointerByte/GoForge/encrypt/azure-key-vault/repository.go:1045.3,1046.17 2 10
github.com/PointerByte/GoForge/encrypt/azure-key-vault/repository.go:1046.17,1048.4 1 0
github.com/PointerByte/GoForge/encrypt/azure-key-vault/repository.go:1049.3,1050.17 2 10
github.com/PointerByte/GoForge/encrypt/azure-key-vault/repository.go:1050.17,1052.4 1 0
github.com/PointerByte/GoForge/encrypt/azure-key-vault/repository.go:1053.3,1058.9 1 10
github.com/PointerByte/GoForge/encrypt/azure-key-vault/repository.go:1059.10,1060.58 1 1
github.com/PointerByte/GoForge/encrypt/azure-key-vault/repository.go:1064.78,1065.15 1 11
github.com/PointerByte/GoForge/encrypt/azure-key-vault/repository.go:1066.28,1067.30 1 7
github.com/PointerByte/GoForge/encrypt/azure-key-vault/repository.go:1068.28,1069.30 1 1
github.com/PointerByte/GoForge/encrypt/azure-key-vault/repository.go:1070.28,1071.30 1 1
github.com/PointerByte/GoForge/encrypt/azure-key-vault/repository.go:1072.10,1073.82 1 2
github.com/PointerByte/GoForge/encrypt/azure-key-vault/repository.go:1077.78,1078.15 1 4
github.com/PointerByte/GoForge/encrypt/azure-key-vault/repository.go:1079.19,1080.39 1 1
github.com/PointerByte/GoForge/encrypt/azure-key-vault/repository.go:1081.19,1082.39 1 1
github.com/PointerByte/GoForge/encrypt/azure-key-vault/repository.go:1083.19,1084.39 1 1
github.com/PointerByte/GoForge/encrypt/azure-key-vault/repository.go:1085.10,1086.53 1 1
github.com/PointerByte/GoForge/encrypt/azure-key-vault/repository.go:1090.83,1091.15 1 12
github.com/PointerByte/GoForge/encrypt/azure-key-vault/repository.go:1092.23,1093.39 1 8
github.com/PointerByte/GoForge/encrypt/azure-key-vault/repository.go:1094.23,1095.39 1 1
github.com/PointerByte/GoForge/encrypt/azure-key-vault/repository.go:1096.23,1097.39 1 1
github.com/PointerByte/GoForge/encrypt/azure-key-vault/repository.go:1098.10,1099.53 1 2
github.com/PointerByte/GoForge/encrypt/azure-key-vault/repository.go:1103.69,1104.28 1 33
github.com/PointerByte/GoForge/encrypt/azure-key-vault/repository.go:1104.28,1106.3 1 1
github.com/PointerByte/GoForge/encrypt/azure-key-vault/repository.go:1107.2,1109.20 3 32
github.com/PointerByte/GoForge/encrypt/azure-key-vault/repository.go:1112.144,1114.16 2 6
github.com/PointerByte/GoForge/encrypt/azure-key-vault/repository.go:1114.16,1116.3 1 0
github.com/PointerByte/GoForge/encrypt/azure-key-vault/repository.go:1117.2,1121.16 2 6
github.com/PointerByte/GoForge/encrypt/azure-key-vault/repository.go:1121.16,1123.3 1 0
github.com/PointerByte/GoForge/encrypt/azure-key-vault/repository.go:1125.2,1127.16 3 6
github.com/PointerByte/GoForge/encrypt/azure-key-vault/repository.go:1127.16,1129.3 1 0
github.com/PointerByte/GoForge/encrypt/azure-key-vault/repository.go:1130.2,1136.16 4 6
github.com/PointerByte/GoForge/encrypt/azure-key-vault/repository.go:1136.16,1138.3 1 1
github.com/PointerByte/GoForge/encrypt/azure-key-vault/repository.go:1139.2,1142.16 3 5
github.com/PointerByte/GoForge/encrypt/azure-key-vault/repository.go:1142.16,1144.3 1 0
github.com/PointerByte/GoForge/encrypt/azure-key-vault/repository.go:1145.2,1148.16 3 5
github.com/PointerByte/GoForge/encrypt/azure-key-vault/repository.go:1148.16,1150.3 1 0
github.com/PointerByte/GoForge/encrypt/azure-key-vault/repository.go:1151.2,1151.94 1 5
github.com/PointerByte/GoForge/encrypt/azure-key-vault/repository.go:1151.94,1153.3 1 1
github.com/PointerByte/GoForge/encrypt/azure-key-vault/repository.go:1155.2,1156.54 2 4
github.com/PointerByte/GoForge/encrypt/azure-key-vault/repository.go:1156.54,1158.3 1 1
github.com/PointerByte/GoForge/encrypt/azure-key-vault/repository.go:1159.2,1159.43 1 3
github.com/PointerByte/GoForge/encrypt/azure-key-vault/repository.go:1159.43,1161.3 1 1
github.com/PointerByte/GoForge/encrypt/azure-key-vault/repository.go:1162.2,1163.16 2 2
github.com/PointerByte/GoForge/encrypt/azure-key-vault/repository.go:1163.16,1165.3 1 1
github.com/PointerByte/GoForge/encrypt/azure-key-vault/repository.go:1166.2,1166.26 1 1
github.com/PointerByte/GoForge/encrypt/azure-key-vault/repository.go:1169.57,1170.75 1 5
github.com/PointerByte/GoForge/encrypt/azure-key-vault/repository.go:1170.75,1172.3 1 3
github.com/PointerByte/GoForge/encrypt/azure-key-vault/repository.go:1173.2,1173.47 1 2
github.com/PointerByte/GoForge/encrypt/azure-key-vault/repository.go:1176.83,1177.75 1 6
github.com/PointerByte/GoForge/encrypt/azure-key-vault/repository.go:1177.75,1179.3 1 1
github.com/PointerByte/GoForge/encrypt/azure-key-vault/repository.go:1180.2,1183.8 1 5
github.com/PointerByte/GoForge/encrypt/azure-key-vault/repository.go:1186.50,1188.19 2 10
github.com/PointerByte/GoForge/encrypt/azure-key-vault/repository.go:1188.19,1190.3 1 1
github.com/PointerByte/GoForge/encrypt/azure-key-vault/repository.go:1191.2,1191.86 1 9
github.com/PointerByte/GoForge/encrypt/azure-key-vault/repository.go:1194.50,1195.34 1 10
github.com/PointerByte/GoForge/encrypt/azure-key-vault/repository.go:1195.34,1197.3 1 9
github.com/PointerByte/GoForge/encrypt/azure-key-vault/repository.go:1198.2,1198.44 1 1
github.com/PointerByte/GoForge/encrypt/azure-key-vault/repository.go:1201.68,1202.34 1 9
github.com/PointerByte/GoForge/encrypt/azure-key-vault/repository.go:1202.34,1204.3 1 8
github.com/PointerByte/GoForge/encrypt/azure-key-vault/repository.go:1205.2,1205.23 1 1
github.com/PointerByte/GoForge/encrypt/azure-key-vault/repository.go:1205.23,1207.3 1 0
github.com/PointerByte/GoForge/encrypt/azure-key-vault/repository.go:1208.2,1208.43 1 1
github.com/PointerByte/GoForge/encrypt/azure-key-vault/repository.go:1211.34,1213.2 1 6
github.com/PointerByte/GoForge/encrypt/azure-key-vault/repository.go:1215.29,1217.2 1 82
github.com/PointerByte/GoForge/encrypt/utilities/utilities.go:35.70,37.16 2 4
github.com/PointerByte/GoForge/encrypt/utilities/utilities.go:37.16,39.3 1 1
github.com/PointerByte/GoForge/encrypt/utilities/utilities.go:41.2,42.16 2 3
github.com/PointerByte/GoForge/encrypt/utilities/utilities.go:42.16,44.3 1 1
github.com/PointerByte/GoForge/encrypt/utilities/utilities.go:46.2,47.9 2 2
github.com/PointerByte/GoForge/encrypt/utilities/utilities.go:47.9,49.3 1 1
github.com/PointerByte/GoForge/encrypt/utilities/utilities.go:50.2,50.17 1 1
github.com/PointerByte/GoForge/encrypt/utilities/utilities.go:54.72,56.16 2 6
github.com/PointerByte/GoForge/encrypt/utilities/utilities.go:56.16,58.3 1 3
github.com/PointerByte/GoForge/encrypt/utilities/utilities.go:60.2,61.16 2 3
github.com/PointerByte/GoForge/encrypt/utilities/utilities.go:61.16,63.3 1 1
github.com/PointerByte/GoForge/encrypt/utilities/utilities.go:65.2,66.9 2 2
github.com/PointerByte/GoForge/encrypt/utilities/utilities.go:66.9,68.3 1 1
github.com/PointerByte/GoForge/encrypt/utilities/utilities.go:69.2,69.17 1 1
github.com/PointerByte/GoForge/encrypt/utilities/utilities.go:73.72,75.16 2 4
github.com/PointerByte/GoForge/encrypt/utilities/utilities.go:75.16,77.3 1 1
github.com/PointerByte/GoForge/encrypt/utilities/utilities.go:79.2,80.16 2 3
github.com/PointerByte/GoForge/encrypt/utilities/utilities.go:80.16,82.3 1 1
github.com/PointerByte/GoForge/encrypt/utilities/utilities.go:84.2,85.9 2 2
github.com/PointerByte/GoForge/encrypt/utilities/utilities.go:85.9,87.3 1 1
github.com/PointerByte/GoForge/encrypt/utilities/utilities.go:88.2,88.18 1 1
github.com/PointerByte/GoForge/encrypt/utilities/utilities.go:92.74,94.16 2 4
github.com/PointerByte/GoForge/encrypt/utilities/utilities.go:94.16,96.3 1 1
github.com/PointerByte/GoForge/encrypt/utilities/utilities.go:98.2,99.16 2 3
github.com/PointerByte/GoForge/encrypt/utilities/utilities.go:99.16,101.3 1 1
github.com/PointerByte/GoForge/encrypt/utilities/utilities.go:103.2,104.9 2 2
github.com/PointerByte/GoForge/encrypt/utilities/utilities.go:104.9,106.3 1 1
github.com/PointerByte/GoForge/encrypt/utilities/utilities.go:107.2,107.18 1 1
github.com/PointerByte/GoForge/encrypt/utilities/utilities.go:111.77,113.16 2 4
github.com/PointerByte/GoForge/encrypt/utilities/utilities.go:113.16,115.3 1 1
github.com/PointerByte/GoForge/encrypt/utilities/utilities.go:117.2,118.16 2 3
github.com/PointerByte/GoForge/encrypt/utilities/utilities.go:118.16,120.3 1 1
github.com/PointerByte/GoForge/encrypt/utilities/utilities.go:122.2,123.9 2 2
github.com/PointerByte/GoForge/encrypt/utilities/utilities.go:123.9,125.3 1 1
github.com/PointerByte/GoForge/encrypt/utilities/utilities.go:126.2,126.23 1 1
github.com/PointerByte/GoForge/encrypt/utilities/utilities.go:131.79,133.16 2 4
github.com/PointerByte/GoForge/encrypt/utilities/utilities.go:133.16,135.3 1 1
github.com/PointerByte/GoForge/encrypt/utilities/utilities.go:137.2,138.16 2 3
github.com/PointerByte/GoForge/encrypt/utilities/utilities.go:138.16,140.3 1 1
github.com/PointerByte/GoForge/encrypt/utilities/utilities.go:142.2,143.9 2 2
github.com/PointerByte/GoForge/encrypt/utilities/utilities.go:143.9,145.3 1 1
github.com/PointerByte/GoForge/encrypt/utilities/utilities.go:146.2,146.23 1 1
github.com/PointerByte/GoForge/encrypt/utilities/utilities.go:150.79,152.16 2 4
github.com/PointerByte/GoForge/encrypt/utilities/utilities.go:152.16,154.3 1 1
github.com/PointerByte/GoForge/encrypt/utilities/utilities.go:156.2,157.16 2 3
github.com/PointerByte/GoForge/encrypt/utilities/utilities.go:157.16,159.3 1 1
github.com/PointerByte/GoForge/encrypt/utilities/utilities.go:161.2,162.9 2 2
github.com/PointerByte/GoForge/encrypt/utilities/utilities.go:162.9,164.3 1 1
github.com/PointerByte/GoForge/encrypt/utilities/utilities.go:165.2,165.24 1 1
github.com/PointerByte/GoForge/encrypt/utilities/utilities.go:170.81,172.16 2 5
github.com/PointerByte/GoForge/encrypt/utilities/utilities.go:172.16,174.3 1 1
github.com/PointerByte/GoForge/encrypt/utilities/utilities.go:176.2,177.16 2 4
github.com/PointerByte/GoForge/encrypt/utilities/utilities.go:177.16,179.3 1 2
github.com/PointerByte/GoForge/encrypt/utilities/utilities.go:181.2,182.9 2 2
github.com/PointerByte/GoForge/encrypt/utilities/utilities.go:182.9,184.3 1 1
github.com/PointerByte/GoForge/encrypt/utilities/utilities.go:185.2,185.24 1 1
github.com/PointerByte/GoForge/encrypt/utilities/utilities.go:189.72,191.16 2 7
github.com/PointerByte/GoForge/encrypt/utilities/utilities.go:191.16,193.3 1 1
github.com/PointerByte/GoForge/encrypt/utilities/utilities.go:195.2,196.16 2 6
github.com/PointerByte/GoForge/encrypt/utilities/utilities.go:196.16,198.3 1 1
github.com/PointerByte/GoForge/encrypt/utilities/utilities.go:200.2,200.42 1 5
github.com/PointerByte/GoForge/encrypt/utilities/utilities.go:201.23,202.24 1 0
github.com/PointerByte/GoForge/encrypt/utilities/utilities.go:203.24,205.17 2 3
github.com/PointerByte/GoForge/encrypt/utilities/utilities.go:205.17,207.4 1 1
github.com/PointerByte/GoForge/encrypt/utilities/utilities.go:208.3,208.28 1 2
github.com/PointerByte/GoForge/encrypt/utilities/utilities.go:209.10,210.57 1 2
github.com/PointerByte/GoForge/encrypt/utilities/utilities.go:215.74,217.16 2 6
github.com/PointerByte/GoForge/encrypt/utilities/utilities.go:217.16,219.3 1 1
github.com/PointerByte/GoForge/encrypt/utilities/utilities.go:221.2,222.16 2 5
github.com/PointerByte/GoForge/encrypt/utilities/utilities.go:222.16,224.3 1 1
github.com/PointerByte/GoForge/encrypt/utilities/utilities.go:226.2,226.42 1 4
github.com/PointerByte/GoForge/encrypt/utilities/utilities.go:227.23,228.24 1 0
github.com/PointerByte/GoForge/encrypt/utilities/utilities.go:229.24,231.17 2 2
github.com/PointerByte/GoForge/encrypt/utilities/utilities.go:231.17,233.4 1 1
github.com/PointerByte/GoForge/encrypt/utilities/utilities.go:234.3,234.28 1 1
github.com/PointerByte/GoForge/encrypt/utilities/utilities.go:235.10,236.57 1 2
github.com/PointerByte/GoForge/encrypt/utilities/utilities.go:241.74,243.16 2 7
github.com/PointerByte/GoForge/encrypt/utilities/utilities.go:243.16,245.3 1 1
github.com/PointerByte/GoForge/encrypt/utilities/utilities.go:247.2,248.16 2 6
github.com/PointerByte/GoForge/encrypt/utilities/utilities.go:248.16,250.3 1 1
github.com/PointerByte/GoForge/encrypt/utilities/utilities.go:252.2,252.44 1 5
github.com/PointerByte/GoForge/encrypt/utilities/utilities.go:253.24,254.25 1 0
github.com/PointerByte/GoForge/encrypt/utilities/utilities.go:255.25,257.17 2 3
github.com/PointerByte/GoForge/encrypt/utilities/utilities.go:257.17,259.4 1 1
github.com/PointerByte/GoForge/encrypt/utilities/utilities.go:260.3,260.29 1 2
github.com/PointerByte/GoForge/encrypt/utilities/utilities.go:261.10,262.58 1 2
github.com/PointerByte/GoForge/encrypt/utilities/utilities.go:267.76,269.16 2 5
github.com/PointerByte/GoForge/encrypt/utilities/utilities.go:269.16,271.3 1 1
github.com/PointerByte/GoForge/encrypt/utilities/utilities.go:273.2,274.16 2 4
github.com/PointerByte/GoForge/encrypt/utilities/utilities.go:274.16,276.3 1 1
github.com/PointerByte/GoForge/encrypt/utilities/utilities.go:278.2,278.44 1 3
github.com/PointerByte/GoForge/encrypt/utilities/utilities.go:279.24,280.25 1 0
github.com/PointerByte/GoForge/encrypt/utilities/utilities.go:281.25,283.17 2 2
github.com/PointerByte/GoForge/encrypt/utilities/utilities.go:283.17,285.4 1 1
github.com/PointerByte/GoForge/encrypt/utilities/utilities.go:286.3,286.29 1 1
github.com/PointerByte/GoForge/encrypt/utilities/utilities.go:287.10,288.58 1 1
github.com/PointerByte/GoForge/encrypt/utilities/utilities.go:293.37,295.16 2 2
github.com/PointerByte/GoForge/encrypt/utilities/utilities.go:295.16,297.3 1 1
github.com/PointerByte/GoForge/encrypt/utilities/utilities.go:298.2,299.19 2 1
github.com/PointerByte/GoForge/encrypt/utilities/utilities.go:303.52,304.18 1 2
github.com/PointerByte/GoForge/encrypt/utilities/utilities.go:304.18,306.3 1 1
github.com/PointerByte/GoForge/encrypt/utilities/utilities.go:307.2,307.23 1 1
github.com/PointerByte/GoForge/encrypt/utilities/utilities.go:311.76,312.15 1 6
github.com/PointerByte/GoForge/encrypt/utilities/utilities.go:313.24,314.26 1 2
github.com/PointerByte/GoForge/encrypt/utilities/utilities.go:315.24,316.26 1 1
github.com/PointerByte/GoForge/encrypt/utilities/utilities.go:317.24,318.26 1 1
github.com/PointerByte/GoForge/encrypt/utilities/utilities.go:319.10,320.61 1 2
github.com/PointerByte/GoForge/encrypt/utilities/utilities.go:325.58,326.15 1 4
github.com/PointerByte/GoForge/encrypt/utilities/utilities.go:327.19,328.40 1 1
github.com/PointerByte/GoForge/encrypt/utilities/utilities.go:329.19,330.40 1 1
github.com/PointerByte/GoForge/encrypt/utilities/utilities.go:331.19,332.40 1 2
github.com/PointerByte/GoForge/encrypt/utilities/utilities.go:333.10,334.49 1 0
github.com/PointerByte/GoForge/encrypt/utilities/utilities.go:339.77,341.16 2 1
github.com/PointerByte/GoForge/encrypt/utilities/utilities.go:341.16,343.3 1 0
github.com/PointerByte/GoForge/encrypt/utilities/utilities.go:344.2,344.17 1 1
github.com/PointerByte/GoForge/encrypt/utilities/utilities.go:348.71,350.16 2 1
github.com/PointerByte/GoForge/encrypt/utilities/utilities.go:350.16,352.3 1 0
github.com/PointerByte/GoForge/encrypt/utilities/utilities.go:353.2,353.61 1 1
github.com/PointerByte/GoForge/encrypt/utilities/utilities.go:357.75,359.16 2 4
github.com/PointerByte/GoForge/encrypt/utilities/utilities.go:359.16,361.3 1 1
github.com/PointerByte/GoForge/encrypt/utilities/utilities.go:363.2,364.63 2 3
github.com/PointerByte/GoForge/encrypt/utilities/utilities.go:364.63,366.3 1 1
github.com/PointerByte/GoForge/encrypt/utilities/utilities.go:367.2,367.89 1 2
github.com/PointerByte/GoForge/encrypt/utilities/utilities.go:367.89,369.3 1 1
github.com/PointerByte/GoForge/encrypt/utilities/utilities.go:370.2,370.22 1 1
github.com/PointerByte/GoForge/encrypt/utilities/utilities.go:373.47,378.16 2 30
github.com/PointerByte/GoForge/encrypt/utilities/utilities.go:378.16,380.3 1 7
github.com/PointerByte/GoForge/encrypt/utilities/utilities.go:382.2,383.18 2 23
github.com/PointerByte/GoForge/encrypt/utilities/utilities.go:383.18,385.3 1 1
github.com/PointerByte/GoForge/encrypt/utilities/utilities.go:386.2,386.25 1 22
