mode: atomic
github.com/PointerByte/GoForge/cmd/go-openssl/main.go:21.13,22.49 1 2
github.com/PointerByte/GoForge/cmd/go-openssl/main.go:22.49,25.3 2 1
github.com/PointerByte/GoForge/cmd/go-openssl/main.go:29.38,31.2 1 1
github.com/PointerByte/GoForge/cmd/go-openssl/main.go:34.33,36.2 1 1
github.com/PointerByte/GoForge/cmd/go-openssl/code/app.go:32.20,41.2 1 1
github.com/PointerByte/GoForge/cmd/go-openssl/code/app.go:44.33,46.2 1 1
github.com/PointerByte/GoForge/cmd/go-openssl/code/app.go:49.46,60.2 5 6
github.com/PointerByte/GoForge/cmd/go-openssl/code/commands.go:40.43,45.2 1 7
github.com/PointerByte/GoForge/cmd/go-openssl/code/commands.go:48.56,52.55 1 7
github.com/PointerByte/GoForge/cmd/go-openssl/code/commands.go:52.55,54.18 2 1
github.com/PointerByte/GoForge/cmd/go-openssl/code/commands.go:54.18,56.5 1 0
github.com/PointerByte/GoForge/cmd/go-openssl/code/commands.go:58.4,59.18 2 1
github.com/PointerByte/GoForge/cmd/go-openssl/code/commands.go:59.18,61.5 1 0
github.com/PointerByte/GoForge/cmd/go-openssl/code/commands.go:63.4,73.14 2 1
github.com/PointerByte/GoForge/cmd/go-openssl/code/commands.go:77.2,95.17 19 7
github.com/PointerByte/GoForge/cmd/go-openssl/code/commands.go:99.39,103.2 1 7
github.com/PointerByte/GoForge/cmd/go-openssl/code/commands.go:106.52,110.55 1 7
github.com/PointerByte/GoForge/cmd/go-openssl/code/commands.go:110.55,111.45 1 1
github.com/PointerByte/GoForge/cmd/go-openssl/code/commands.go:111.45,113.5 1 0
github.com/PointerByte/GoForge/cmd/go-openssl/code/commands.go:115.4,116.18 2 1
github.com/PointerByte/GoForge/cmd/go-openssl/code/commands.go:116.18,118.5 1 0
github.com/PointerByte/GoForge/cmd/go-openssl/code/commands.go:119.4,119.51 1 1
github.com/PointerByte/GoForge/cmd/go-openssl/code/commands.go:119.51,121.5 1 0
github.com/PointerByte/GoForge/cmd/go-openssl/code/commands.go:122.4,123.14 2 1
github.com/PointerByte/GoForge/cmd/go-openssl/code/commands.go:127.2,130.17 4 7
github.com/PointerByte/GoForge/cmd/go-openssl/code/commands.go:134.44,144.2 2 7
github.com/PointerByte/GoForge/cmd/go-openssl/code/commands.go:147.57,151.55 1 7
github.com/PointerByte/GoForge/cmd/go-openssl/code/commands.go:151.55,153.18 2 1
github.com/PointerByte/GoForge/cmd/go-openssl/code/commands.go:153.18,155.5 1 0
github.com/PointerByte/GoForge/cmd/go-openssl/code/commands.go:157.4,164.14 2 1
github.com/PointerByte/GoForge/cmd/go-openssl/code/commands.go:168.2,173.17 6 7
github.com/PointerByte/GoForge/cmd/go-openssl/code/generator.go:149.32,156.2 1 26
github.com/PointerByte/GoForge/cmd/go-openssl/code/generator.go:159.60,161.2 1 16
github.com/PointerByte/GoForge/cmd/go-openssl/code/generator.go:164.106,166.2 1 3
github.com/PointerByte/GoForge/cmd/go-openssl/code/generator.go:169.71,171.16 2 17
github.com/PointerByte/GoForge/cmd/go-openssl/code/generator.go:171.16,173.3 1 5
github.com/PointerByte/GoForge/cmd/go-openssl/code/generator.go:175.2,175.79 1 12
github.com/PointerByte/GoForge/cmd/go-openssl/code/generator.go:175.79,177.3 1 0
github.com/PointerByte/GoForge/cmd/go-openssl/code/generator.go:179.2,180.16 2 12
github.com/PointerByte/GoForge/cmd/go-openssl/code/generator.go:180.16,182.3 1 0
github.com/PointerByte/GoForge/cmd/go-openssl/code/generator.go:184.2,185.16 2 12
github.com/PointerByte/GoForge/cmd/go-openssl/code/generator.go:185.16,187.3 1 0
github.com/PointerByte/GoForge/cmd/go-openssl/code/generator.go:189.2,190.16 2 12
github.com/PointerByte/GoForge/cmd/go-openssl/code/generator.go:190.16,192.3 1 0
github.com/PointerByte/GoForge/cmd/go-openssl/code/generator.go:194.2,195.16 2 12
github.com/PointerByte/GoForge/cmd/go-openssl/code/generator.go:195.16,197.3 1 0
github.com/PointerByte/GoForge/cmd/go-openssl/code/generator.go:199.2,200.16 2 12
github.com/PointerByte/GoForge/cmd/go-openssl/code/generator.go:200.16,202.3 1 0
github.com/PointerByte/GoForge/cmd/go-openssl/code/generator.go:204.2,205.15 2 12
github.com/PointerByte/GoForge/cmd/go-openssl/code/generator.go:205.15,207.17 2 5
github.com/PointerByte/GoForge/cmd/go-openssl/code/generator.go:207.17,209.4 1 0
github.com/PointerByte/GoForge/cmd/go-openssl/code/generator.go:210.3,211.17 2 5
github.com/PointerByte/GoForge/cmd/go-openssl/code/generator.go:211.17,213.4 1 0
github.com/PointerByte/GoForge/cmd/go-openssl/code/generator.go:214.3,215.17 2 5
github.com/PointerByte/GoForge/cmd/go-openssl/code/generator.go:215.17,217.4 1 0
github.com/PointerByte/GoForge/cmd/go-openssl/code/generator.go:220.2,229.93 2 12
github.com/PointerByte/GoForge/cmd/go-openssl/code/generator.go:229.93,231.3 1 0
github.com/PointerByte/GoForge/cmd/go-openssl/code/generator.go:232.2,232.91 1 12
github.com/PointerByte/GoForge/cmd/go-openssl/code/generator.go:232.91,234.3 1 0
github.com/PointerByte/GoForge/cmd/go-openssl/code/generator.go:235.2,235.89 1 12
github.com/PointerByte/GoForge/cmd/go-openssl/code/generator.go:235.89,237.3 1 0
github.com/PointerByte/GoForge/cmd/go-openssl/code/generator.go:239.2,239.20 1 12
github.com/PointerByte/GoForge/cmd/go-openssl/code/generator.go:243.129,245.16 2 4
github.com/PointerByte/GoForge/cmd/go-openssl/code/generator.go:245.16,247.3 1 2
github.com/PointerByte/GoForge/cmd/go-openssl/code/generator.go:249.2,250.16 2 2
github.com/PointerByte/GoForge/cmd/go-openssl/code/generator.go:250.16,252.3 1 0
github.com/PointerByte/GoForge/cmd/go-openssl/code/generator.go:254.2,256.16 3 2
github.com/PointerByte/GoForge/cmd/go-openssl/code/generator.go:256.16,258.3 1 0
github.com/PointerByte/GoForge/cmd/go-openssl/code/generator.go:259.2,262.16 3 2
github.com/PointerByte/GoForge/cmd/go-openssl/code/generator.go:262.16,264.3 1 0
github.com/PointerByte/GoForge/cmd/go-openssl/code/generator.go:265.2,268.16 3 2
github.com/PointerByte/GoForge/cmd/go-openssl/code/generator.go:268.16,270.3 1 0
github.com/PointerByte/GoForge/cmd/go-openssl/code/generator.go:271.2,273.33 2 2
github.com/PointerByte/GoForge/cmd/go-openssl/code/generator.go:273.33,274.89 1 6
github.com/PointerByte/GoForge/cmd/go-openssl/code/generator.go:274.89,276.4 1 0
github.com/PointerByte/GoForge/cmd/go-openssl/code/generator.go:279.2,283.8 1 2
github.com/PointerByte/GoForge/cmd/go-openssl/code/generator.go:286.182,288.16 2 6
github.com/PointerByte/GoForge/cmd/go-openssl/code/generator.go:288.16,290.3 1 0
github.com/PointerByte/GoForge/cmd/go-openssl/code/generator.go:291.2,291.59 1 6
github.com/PointerByte/GoForge/cmd/go-openssl/code/generator.go:291.59,293.3 1 0
github.com/PointerByte/GoForge/cmd/go-openssl/code/generator.go:295.2,296.16 2 6
github.com/PointerByte/GoForge/cmd/go-openssl/code/generator.go:296.16,298.3 1 0
github.com/PointerByte/GoForge/cmd/go-openssl/code/generator.go:300.2,301.16 2 6
github.com/PointerByte/GoForge/cmd/go-openssl/code/generator.go:301.16,303.3 1 0
github.com/PointerByte/GoForge/cmd/go-openssl/code/generator.go:304.2,304.78 1 6
github.com/PointerByte/GoForge/cmd/go-openssl/code/generator.go:307.32,321.2 1 32
github.com/PointerByte/GoForge/cmd/go-openssl/code/generator.go:323.57,338.31 13 18
github.com/PointerByte/GoForge/cmd/go-openssl/code/generator.go:338.31,340.3 1 7
github.com/PointerByte/GoForge/cmd/go-openssl/code/generator.go:341.2,341.29 1 18
github.com/PointerByte/GoForge/cmd/go-openssl/code/generator.go:341.29,343.3 1 15
github.com/PointerByte/GoForge/cmd/go-openssl/code/generator.go:344.2,344.32 1 18
github.com/PointerByte/GoForge/cmd/go-openssl/code/generator.go:344.32,346.3 1 15
github.com/PointerByte/GoForge/cmd/go-openssl/code/generator.go:348.2,348.29 1 18
github.com/PointerByte/GoForge/cmd/go-openssl/code/generator.go:348.29,350.3 1 0
github.com/PointerByte/GoForge/cmd/go-openssl/code/generator.go:351.2,351.30 1 18
github.com/PointerByte/GoForge/cmd/go-openssl/code/generator.go:351.30,353.3 1 0
github.com/PointerByte/GoForge/cmd/go-openssl/code/generator.go:354.2,354.31 1 18
github.com/PointerByte/GoForge/cmd/go-openssl/code/generator.go:354.31,356.3 1 0
github.com/PointerByte/GoForge/cmd/go-openssl/code/generator.go:357.2,357.96 1 18
github.com/PointerByte/GoForge/cmd/go-openssl/code/generator.go:357.96,359.3 1 0
github.com/PointerByte/GoForge/cmd/go-openssl/code/generator.go:360.2,360.59 1 18
github.com/PointerByte/GoForge/cmd/go-openssl/code/generator.go:360.59,362.3 1 1
github.com/PointerByte/GoForge/cmd/go-openssl/code/generator.go:363.2,363.33 1 17
github.com/PointerByte/GoForge/cmd/go-openssl/code/generator.go:363.33,364.73 1 6
github.com/PointerByte/GoForge/cmd/go-openssl/code/generator.go:364.73,366.4 1 1
github.com/PointerByte/GoForge/cmd/go-openssl/code/generator.go:368.2,368.60 1 16
github.com/PointerByte/GoForge/cmd/go-openssl/code/generator.go:368.60,370.3 1 0
github.com/PointerByte/GoForge/cmd/go-openssl/code/generator.go:371.2,371.58 1 16
github.com/PointerByte/GoForge/cmd/go-openssl/code/generator.go:371.58,373.3 1 0
github.com/PointerByte/GoForge/cmd/go-openssl/code/generator.go:374.2,374.34 1 16
github.com/PointerByte/GoForge/cmd/go-openssl/code/generator.go:374.34,375.74 1 1
github.com/PointerByte/GoForge/cmd/go-openssl/code/generator.go:375.74,377.4 1 0
github.com/PointerByte/GoForge/cmd/go-openssl/code/generator.go:379.2,379.31 1 16
github.com/PointerByte/GoForge/cmd/go-openssl/code/generator.go:379.31,380.71 1 1
github.com/PointerByte/GoForge/cmd/go-openssl/code/generator.go:380.71,382.4 1 0
github.com/PointerByte/GoForge/cmd/go-openssl/code/generator.go:385.2,385.27 1 16
github.com/PointerByte/GoForge/cmd/go-openssl/code/generator.go:386.20,387.32 1 6
github.com/PointerByte/GoForge/cmd/go-openssl/code/generator.go:387.32,389.4 1 1
github.com/PointerByte/GoForge/cmd/go-openssl/code/generator.go:390.20,391.59 1 8
github.com/PointerByte/GoForge/cmd/go-openssl/code/generator.go:391.59,393.4 1 1
github.com/PointerByte/GoForge/cmd/go-openssl/code/generator.go:394.24,394.24 0 1
github.com/PointerByte/GoForge/cmd/go-openssl/code/generator.go:395.10,396.78 1 1
github.com/PointerByte/GoForge/cmd/go-openssl/code/generator.go:399.2,399.21 1 13
github.com/PointerByte/GoForge/cmd/go-openssl/code/generator.go:402.123,407.35 4 4
github.com/PointerByte/GoForge/cmd/go-openssl/code/generator.go:407.35,409.3 1 0
github.com/PointerByte/GoForge/cmd/go-openssl/code/generator.go:410.2,410.34 1 4
github.com/PointerByte/GoForge/cmd/go-openssl/code/generator.go:410.34,412.3 1 0
github.com/PointerByte/GoForge/cmd/go-openssl/code/generator.go:413.2,413.33 1 4
github.com/PointerByte/GoForge/cmd/go-openssl/code/generator.go:413.33,415.3 1 0
github.com/PointerByte/GoForge/cmd/go-openssl/code/generator.go:416.2,416.55 1 4
github.com/PointerByte/GoForge/cmd/go-openssl/code/generator.go:416.55,418.3 1 1
github.com/PointerByte/GoForge/cmd/go-openssl/code/generator.go:419.2,419.55 1 3
github.com/PointerByte/GoForge/cmd/go-openssl/code/generator.go:419.55,421.3 1 0
github.com/PointerByte/GoForge/cmd/go-openssl/code/generator.go:422.2,422.58 1 3
github.com/PointerByte/GoForge/cmd/go-openssl/code/generator.go:422.58,424.3 1 1
github.com/PointerByte/GoForge/cmd/go-openssl/code/generator.go:425.2,425.75 1 2
github.com/PointerByte/GoForge/cmd/go-openssl/code/generator.go:425.75,427.3 1 0
github.com/PointerByte/GoForge/cmd/go-openssl/code/generator.go:428.2,428.75 1 2
github.com/PointerByte/GoForge/cmd/go-openssl/code/generator.go:428.75,430.3 1 0
github.com/PointerByte/GoForge/cmd/go-openssl/code/generator.go:431.2,431.21 1 2
github.com/PointerByte/GoForge/cmd/go-openssl/code/generator.go:434.53,435.36 1 144
github.com/PointerByte/GoForge/cmd/go-openssl/code/generator.go:435.36,437.3 1 64
github.com/PointerByte/GoForge/cmd/go-openssl/code/generator.go:438.2,438.14 1 80
github.com/PointerByte/GoForge/cmd/go-openssl/code/generator.go:441.74,442.16 1 14
github.com/PointerByte/GoForge/cmd/go-openssl/code/generator.go:442.16,444.3 1 10
github.com/PointerByte/GoForge/cmd/go-openssl/code/generator.go:446.2,447.67 2 4
github.com/PointerByte/GoForge/cmd/go-openssl/code/generator.go:447.67,449.3 1 0
github.com/PointerByte/GoForge/cmd/go-openssl/code/generator.go:450.2,454.8 1 4
github.com/PointerByte/GoForge/cmd/go-openssl/code/generator.go:457.78,458.27 1 12
github.com/PointerByte/GoForge/cmd/go-openssl/code/generator.go:459.20,461.17 2 5
github.com/PointerByte/GoForge/cmd/go-openssl/code/generator.go:461.17,463.4 1 0
github.com/PointerByte/GoForge/cmd/go-openssl/code/generator.go:464.3,464.48 1 5
github.com/PointerByte/GoForge/cmd/go-openssl/code/generator.go:465.20,467.17 2 6
github.com/PointerByte/GoForge/cmd/go-openssl/code/generator.go:467.17,469.4 1 0
github.com/PointerByte/GoForge/cmd/go-openssl/code/generator.go:470.3,471.17 2 6
github.com/PointerByte/GoForge/cmd/go-openssl/code/generator.go:471.17,473.4 1 0
github.com/PointerByte/GoForge/cmd/go-openssl/code/generator.go:474.3,474.48 1 6
github.com/PointerByte/GoForge/cmd/go-openssl/code/generator.go:475.24,477.17 2 1
github.com/PointerByte/GoForge/cmd/go-openssl/code/generator.go:477.17,479.4 1 0
github.com/PointerByte/GoForge/cmd/go-openssl/code/generator.go:480.3,480.36 1 1
github.com/PointerByte/GoForge/cmd/go-openssl/code/generator.go:481.10,482.77 1 0
github.com/PointerByte/GoForge/cmd/go-openssl/code/generator.go:486.56,487.50 1 14
github.com/PointerByte/GoForge/cmd/go-openssl/code/generator.go:488.17,489.30 1 3
github.com/PointerByte/GoForge/cmd/go-openssl/code/generator.go:490.17,491.30 1 6
github.com/PointerByte/GoForge/cmd/go-openssl/code/generator.go:492.17,493.30 1 4
github.com/PointerByte/GoForge/cmd/go-openssl/code/generator.go:494.10,495.59 1 1
github.com/PointerByte/GoForge/cmd/go-openssl/code/generator.go:499.134,501.16 2 12
github.com/PointerByte/GoForge/cmd/go-openssl/code/generator.go:501.16,503.3 1 0
github.com/PointerByte/GoForge/cmd/go-openssl/code/generator.go:505.2,524.39 4 12
github.com/PointerByte/GoForge/cmd/go-openssl/code/generator.go:524.39,526.3 1 5
github.com/PointerByte/GoForge/cmd/go-openssl/code/generator.go:527.2,527.18 1 12
github.com/PointerByte/GoForge/cmd/go-openssl/code/generator.go:527.18,529.3 1 2
github.com/PointerByte/GoForge/cmd/go-openssl/code/generator.go:531.2,533.28 3 12
github.com/PointerByte/GoForge/cmd/go-openssl/code/generator.go:533.28,535.17 2 2
github.com/PointerByte/GoForge/cmd/go-openssl/code/generator.go:535.17,537.4 1 0
github.com/PointerByte/GoForge/cmd/go-openssl/code/generator.go:538.3,539.21 2 2
github.com/PointerByte/GoForge/cmd/go-openssl/code/generator.go:542.2,543.16 2 12
github.com/PointerByte/GoForge/cmd/go-openssl/code/generator.go:543.16,545.3 1 0
github.com/PointerByte/GoForge/cmd/go-openssl/code/generator.go:547.2,547.77 1 12
github.com/PointerByte/GoForge/cmd/go-openssl/code/generator.go:550.122,552.16 2 2
github.com/PointerByte/GoForge/cmd/go-openssl/code/generator.go:552.16,554.3 1 0
github.com/PointerByte/GoForge/cmd/go-openssl/code/generator.go:555.2,555.23 1 2
github.com/PointerByte/GoForge/cmd/go-openssl/code/generator.go:555.23,557.3 1 0
github.com/PointerByte/GoForge/cmd/go-openssl/code/generator.go:559.2,560.16 2 2
github.com/PointerByte/GoForge/cmd/go-openssl/code/generator.go:560.16,562.3 1 0
github.com/PointerByte/GoForge/cmd/go-openssl/code/generator.go:563.2,563.37 1 2
github.com/PointerByte/GoForge/cmd/go-openssl/code/generator.go:566.84,568.16 2 7
github.com/PointerByte/GoForge/cmd/go-openssl/code/generator.go:568.16,570.3 1 0
github.com/PointerByte/GoForge/cmd/go-openssl/code/generator.go:571.2,572.16 2 7
github.com/PointerByte/GoForge/cmd/go-openssl/code/generator.go:572.16,574.3 1 1
github.com/PointerByte/GoForge/cmd/go-openssl/code/generator.go:576.2,577.18 2 6
github.com/PointerByte/GoForge/cmd/go-openssl/code/generator.go:577.18,579.3 1 1
github.com/PointerByte/GoForge/cmd/go-openssl/code/generator.go:581.2,582.16 2 5
github.com/PointerByte/GoForge/cmd/go-openssl/code/generator.go:582.16,584.3 1 0
github.com/PointerByte/GoForge/cmd/go-openssl/code/generator.go:585.2,585.25 1 5
github.com/PointerByte/GoForge/cmd/go-openssl/code/generator.go:588.69,590.16 2 7
github.com/PointerByte/GoForge/cmd/go-openssl/code/generator.go:590.16,592.3 1 0
github.com/PointerByte/GoForge/cmd/go-openssl/code/generator.go:593.2,594.16 2 7
github.com/PointerByte/GoForge/cmd/go-openssl/code/generator.go:594.16,596.3 1 0
github.com/PointerByte/GoForge/cmd/go-openssl/code/generator.go:598.2,599.18 2 7
github.com/PointerByte/GoForge/cmd/go-openssl/code/generator.go:599.18,601.3 1 1
github.com/PointerByte/GoForge/cmd/go-openssl/code/generator.go:603.2,604.16 2 6
github.com/PointerByte/GoForge/cmd/go-openssl/code/generator.go:604.16,606.3 1 4
github.com/PointerByte/GoForge/cmd/go-openssl/code/generator.go:607.2,607.75 1 2
github.com/PointerByte/GoForge/cmd/go-openssl/code/generator.go:607.75,609.3 1 1
github.com/PointerByte/GoForge/cmd/go-openssl/code/generator.go:610.2,610.72 1 1
github.com/PointerByte/GoForge/cmd/go-openssl/code/generator.go:610.72,612.3 1 1
github.com/PointerByte/GoForge/cmd/go-openssl/code/generator.go:613.2,613.54 1 0
github.com/PointerByte/GoForge/cmd/go-openssl/code/generator.go:618.62,620.16 2 11
github.com/PointerByte/GoForge/cmd/go-openssl/code/generator.go:620.16,622.3 1 0
github.com/PointerByte/GoForge/cmd/go-openssl/code/generator.go:623.2,623.36 1 11
github.com/PointerByte/GoForge/cmd/go-openssl/code/generator.go:627.81,629.2 1 5
github.com/PointerByte/GoForge/cmd/go-openssl/code/generator.go:632.66,634.2 1 5
github.com/PointerByte/GoForge/cmd/go-openssl/code/generator.go:637.65,639.16 2 4
github.com/PointerByte/GoForge/cmd/go-openssl/code/generator.go:639.16,641.3 1 0
github.com/PointerByte/GoForge/cmd/go-openssl/code/generator.go:643.2,644.18 2 4
github.com/PointerByte/GoForge/cmd/go-openssl/code/generator.go:644.18,646.3 1 1
github.com/PointerByte/GoForge/cmd/go-openssl/code/generator.go:648.2,649.16 2 3
github.com/PointerByte/GoForge/cmd/go-openssl/code/generator.go:649.16,651.3 1 1
github.com/PointerByte/GoForge/cmd/go-openssl/code/generator.go:652.2,652.23 1 2
github.com/PointerByte/GoForge/cmd/go-openssl/code/generator.go:656.64,658.57 2 38
github.com/PointerByte/GoForge/cmd/go-openssl/code/generator.go:658.57,660.3 1 9
github.com/PointerByte/GoForge/cmd/go-openssl/code/generator.go:661.2,661.57 1 29
github.com/PointerByte/GoForge/cmd/go-openssl/code/generator.go:661.57,663.3 1 1
github.com/PointerByte/GoForge/cmd/go-openssl/code/generator.go:665.2,666.62 2 28
github.com/PointerByte/GoForge/cmd/go-openssl/code/generator.go:666.62,668.3 1 1
github.com/PointerByte/GoForge/cmd/go-openssl/code/generator.go:669.2,669.44 1 27
github.com/PointerByte/GoForge/cmd/go-openssl/code/generator.go:669.44,671.3 1 1
github.com/PointerByte/GoForge/cmd/go-openssl/code/generator.go:672.2,672.48 1 26
github.com/PointerByte/GoForge/cmd/go-openssl/code/generator.go:672.48,674.3 1 1
github.com/PointerByte/GoForge/cmd/go-openssl/code/generator.go:676.2,677.16 2 25
github.com/PointerByte/GoForge/cmd/go-openssl/code/generator.go:677.16,679.3 1 1
github.com/PointerByte/GoForge/cmd/go-openssl/code/generator.go:680.2,681.16 2 24
github.com/PointerByte/GoForge/cmd/go-openssl/code/generator.go:681.16,683.3 1 1
github.com/PointerByte/GoForge/cmd/go-openssl/code/generator.go:685.2,686.16 2 23
github.com/PointerByte/GoForge/cmd/go-openssl/code/generator.go:686.16,688.3 1 0
github.com/PointerByte/GoForge/cmd/go-openssl/code/generator.go:689.2,689.36 1 23
github.com/PointerByte/GoForge/cmd/go-openssl/code/generator.go:689.36,691.3 1 1
github.com/PointerByte/GoForge/cmd/go-openssl/code/generator.go:693.2,694.16 2 22
github.com/PointerByte/GoForge/cmd/go-openssl/code/generator.go:694.16,696.3 1 3
github.com/PointerByte/GoForge/cmd/go-openssl/code/generator.go:697.2,697.23 1 19
github.com/PointerByte/GoForge/cmd/go-openssl/code/generator.go:700.61,702.18 2 9
github.com/PointerByte/GoForge/cmd/go-openssl/code/generator.go:702.18,704.3 1 1
github.com/PointerByte/GoForge/cmd/go-openssl/code/generator.go:705.2,705.41 1 8
github.com/PointerByte/GoForge/cmd/go-openssl/code/generator.go:705.41,707.3 1 1
github.com/PointerByte/GoForge/cmd/go-openssl/code/generator.go:708.2,708.35 1 7
github.com/PointerByte/GoForge/cmd/go-openssl/code/generator.go:708.35,710.3 1 1
github.com/PointerByte/GoForge/cmd/go-openssl/code/generator.go:711.2,711.12 1 6
github.com/PointerByte/GoForge/cmd/go-openssl/code/generator.go:714.101,715.57 1 21
github.com/PointerByte/GoForge/cmd/go-openssl/code/generator.go:715.57,717.3 1 0
github.com/PointerByte/GoForge/cmd/go-openssl/code/generator.go:719.2,720.16 2 21
github.com/PointerByte/GoForge/cmd/go-openssl/code/generator.go:720.16,722.3 1 0
github.com/PointerByte/GoForge/cmd/go-openssl/code/generator.go:724.2,725.60 2 21
github.com/PointerByte/GoForge/cmd/go-openssl/code/generator.go:725.60,727.3 1 0
github.com/PointerByte/GoForge/cmd/go-openssl/code/generator.go:729.2,736.16 3 21
github.com/PointerByte/GoForge/cmd/go-openssl/code/generator.go:736.16,738.3 1 0
github.com/PointerByte/GoForge/cmd/go-openssl/code/generator.go:740.2,744.9 1 21
github.com/PointerByte/GoForge/cmd/go-openssl/code/generator.go:747.52,748.56 1 62
github.com/PointerByte/GoForge/cmd/go-openssl/code/generator.go:748.56,750.3 1 2
github.com/PointerByte/GoForge/cmd/go-openssl/code/generator.go:751.2,751.12 1 60
github.com/PointerByte/GoForge/cmd/go-openssl/code/generator.go:754.52,757.16 3 44
github.com/PointerByte/GoForge/cmd/go-openssl/code/generator.go:757.16,759.3 1 0
github.com/PointerByte/GoForge/cmd/go-openssl/code/generator.go:760.2,761.16 2 44
github.com/PointerByte/GoForge/cmd/go-openssl/code/generator.go:761.16,763.3 1 0
github.com/PointerByte/GoForge/cmd/go-openssl/code/generator.go:764.2,764.18 1 44
github.com/PointerByte/GoForge/cmd/go-openssl/code/generator.go:767.48,769.31 2 12
github.com/PointerByte/GoForge/cmd/go-openssl/code/generator.go:769.31,771.18 2 12
github.com/PointerByte/GoForge/cmd/go-openssl/code/generator.go:771.18,773.4 1 12
github.com/PointerByte/GoForge/cmd/go-openssl/code/generator.go:775.2,775.18 1 12
github.com/PointerByte/GoForge/cmd/go-openssl/code/generator.go:778.49,780.31 2 13
github.com/PointerByte/GoForge/cmd/go-openssl/code/generator.go:780.31,781.61 1 3
github.com/PointerByte/GoForge/cmd/go-openssl/code/generator.go:781.61,783.4 1 2
github.com/PointerByte/GoForge/cmd/go-openssl/code/generator.go:785.2,785.12 1 13
github.com/PointerByte/GoForge/cmd/go-openssl/code/generator.go:788.58,790.16 2 12
github.com/PointerByte/GoForge/cmd/go-openssl/code/generator.go:790.16,792.3 1 0
github.com/PointerByte/GoForge/cmd/go-openssl/code/generator.go:793.2,793.87 1 12
github.com/PointerByte/GoForge/cmd/go-openssl/code/generator.go:796.56,798.16 2 12
github.com/PointerByte/GoForge/cmd/go-openssl/code/generator.go:798.16,800.3 1 0
github.com/PointerByte/GoForge/cmd/go-openssl/code/generator.go:801.2,801.85 1 12
github.com/PointerByte/GoForge/cmd/go-openssl/code/generator.go:811.57,813.21 2 719
github.com/PointerByte/GoForge/cmd/go-openssl/code/generator.go:813.21,814.30 1 3551
github.com/PointerByte/GoForge/cmd/go-openssl/code/generator.go:814.30,816.4 1 2838
github.com/PointerByte/GoForge/cmd/go-openssl/code/generator.go:818.3,820.41 3 3551
github.com/PointerByte/GoForge/cmd/go-openssl/code/generator.go:822.2,822.19 1 719
github.com/PointerByte/GoForge/cmd/go-openssl/code/generator.go:825.48,834.2 8 2838
