mode: atomic
github.com/PointerByte/GoForge/cmd/go-openssl/main.go:21.13,22.49 1 2
github.com/PointerByte/GoForge/cmd/go-openssl/main.go:22.49,25.3 2 1
github.com/PointerByte/GoForge/cmd/go-openssl/main.go:29.38,31.2 1 1
github.com/PointerByte/GoForge/cmd/go-openssl/main.go:34.33,36.2 1 1
github.com/PointerByte/GoForge/cmd/go-openssl/code/app.go:32.20,41.2 1 1
github.com/PointerByte/GoForge/cmd/go-openssl/code/app.go:44.33,46.2 1 1
github.com/PointerByte/GoForge/cmd/go-openssl/code/app.go:49.46,59.2 4 5
github.com/PointerByte/GoForge/cmd/go-openssl/code/commands.go:35.43,40.2 1 6
github.com/PointerByte/GoForge/cmd/go-openssl/code/commands.go:43.56,47.55 1 6
github.com/PointerByte/GoForge/cmd/go-openssl/code/commands.go:47.55,49.18 2 1
github.com/PointerByte/GoForge/cmd/go-openssl/code/commands.go:49.18,51.5 1 0
github.com/PointerByte/GoForge/cmd/go-openssl/code/commands.go:53.4,54.18 2 1
github.com/PointerByte/GoForge/cmd/go-openssl/code/commands.go:54.18,56.5 1 0
github.com/PointerByte/GoForge/cmd/go-openssl/code/commands.go:58.4,68.14 2 1
github.com/PointerByte/GoForge/cmd/go-openssl/code/commands.go:72.2,90.17 19 6
github.com/PointerByte/GoForge/cmd/go-openssl/code/commands.go:94.39,98.2 1 6
github.com/PointerByte/GoForge/cmd/go-openssl/code/commands.go:101.52,105.55 1 6
github.com/PointerByte/GoForge/cmd/go-openssl/code/commands.go:105.55,106.45 1 1
github.com/PointerByte/GoForge/cmd/go-openssl/code/commands.go:106.45,108.5 1 0
github.com/PointerByte/GoForge/cmd/go-openssl/code/commands.go:110.4,111.18 2 1
github.com/PointerByte/GoForge/cmd/go-openssl/code/commands.go:111.18,113.5 1 0
github.com/PointerByte/GoForge/cmd/go-openssl/code/commands.go:114.4,114.51 1 1
github.com/PointerByte/GoForge/cmd/go-openssl/code/commands.go:114.51,116.5 1 0
github.com/PointerByte/GoForge/cmd/go-openssl/code/commands.go:117.4,118.14 2 1
github.com/PointerByte/GoForge/cmd/go-openssl/code/commands.go:122.2,125.17 4 6
github.com/PointerByte/GoForge/cmd/go-openssl/code/generator.go:118.32,125.2 1 20
github.com/PointerByte/GoForge/cmd/go-openssl/code/generator.go:128.60,130.2 1 14
github.com/PointerByte/GoForge/cmd/go-openssl/code/generator.go:133.71,135.16 2 15
github.com/PointerByte/GoForge/cmd/go-openssl/code/generator.go:135.16,137.3 1 5
github.com/PointerByte/GoForge/cmd/go-openssl/code/generator.go:139.2,139.79 1 10
github.com/PointerByte/GoForge/cmd/go-openssl/code/generator.go:139.79,141.3 1 0
github.com/PointerByte/GoForge/cmd/go-openssl/code/generator.go:143.2,144.16 2 10
github.com/PointerByte/GoForge/cmd/go-openssl/code/generator.go:144.16,146.3 1 0
github.com/PointerByte/GoForge/cmd/go-openssl/code/generator.go:148.2,149.16 2 10
github.com/PointerByte/GoForge/cmd/go-openssl/code/generator.go:149.16,151.3 1 0
github.com/PointerByte/GoForge/cmd/go-openssl/code/generator.go:153.2,154.16 2 10
github.com/PointerByte/GoForge/cmd/go-openssl/code/generator.go:154.16,156.3 1 0
github.com/PointerByte/GoForge/cmd/go-openssl/code/generator.go:158.2,159.16 2 10
github.com/PointerByte/GoForge/cmd/go-openssl/code/generator.go:159.16,161.3 1 0
github.com/PointerByte/GoForge/cmd/go-openssl/code/generator.go:163.2,164.16 2 10
github.com/PointerByte/GoForge/cmd/go-openssl/code/generator.go:164.16,166.3 1 0
github.com/PointerByte/GoForge/cmd/go-openssl/code/generator.go:168.2,169.15 2 10
github.com/PointerByte/GoForge/cmd/go-openssl/code/generator.go:169.15,171.17 2 3
github.com/PointerByte/GoForge/cmd/go-openssl/code/generator.go:171.17,173.4 1 0
github.com/PointerByte/GoForge/cmd/go-openssl/code/generator.go:174.3,175.17 2 3
github.com/PointerByte/GoForge/cmd/go-openssl/code/generator.go:175.17,177.4 1 0
github.com/PointerByte/GoForge/cmd/go-openssl/code/generator.go:178.3,179.17 2 3
github.com/PointerByte/GoForge/cmd/go-openssl/code/generator.go:179.17,181.4 1 0
github.com/PointerByte/GoForge/cmd/go-openssl/code/generator.go:184.2,193.93 2 10
github.com/PointerByte/GoForge/cmd/go-openssl/code/generator.go:193.93,195.3 1 0
github.com/PointerByte/GoForge/cmd/go-openssl/code/generator.go:196.2,196.91 1 10
github.com/PointerByte/GoForge/cmd/go-openssl/code/generator.go:196.91,198.3 1 0
github.com/PointerByte/GoForge/cmd/go-openssl/code/generator.go:199.2,199.89 1 10
github.com/PointerByte/GoForge/cmd/go-openssl/code/generator.go:199.89,201.3 1 0
github.com/PointerByte/GoForge/cmd/go-openssl/code/generator.go:203.2,203.20 1 10
github.com/PointerByte/GoForge/cmd/go-openssl/code/generator.go:206.32,220.2 1 22
github.com/PointerByte/GoForge/cmd/go-openssl/code/generator.go:222.57,237.31 13 16
github.com/PointerByte/GoForge/cmd/go-openssl/code/generator.go:237.31,239.3 1 6
github.com/PointerByte/GoForge/cmd/go-openssl/code/generator.go:240.2,240.29 1 16
github.com/PointerByte/GoForge/cmd/go-openssl/code/generator.go:240.29,242.3 1 13
github.com/PointerByte/GoForge/cmd/go-openssl/code/generator.go:243.2,243.32 1 16
github.com/PointerByte/GoForge/cmd/go-openssl/code/generator.go:243.32,245.3 1 13
github.com/PointerByte/GoForge/cmd/go-openssl/code/generator.go:247.2,247.29 1 16
github.com/PointerByte/GoForge/cmd/go-openssl/code/generator.go:247.29,249.3 1 0
github.com/PointerByte/GoForge/cmd/go-openssl/code/generator.go:250.2,250.30 1 16
github.com/PointerByte/GoForge/cmd/go-openssl/code/generator.go:250.30,252.3 1 0
github.com/PointerByte/GoForge/cmd/go-openssl/code/generator.go:253.2,253.31 1 16
github.com/PointerByte/GoForge/cmd/go-openssl/code/generator.go:253.31,255.3 1 0
github.com/PointerByte/GoForge/cmd/go-openssl/code/generator.go:256.2,256.96 1 16
github.com/PointerByte/GoForge/cmd/go-openssl/code/generator.go:256.96,258.3 1 0
github.com/PointerByte/GoForge/cmd/go-openssl/code/generator.go:259.2,259.59 1 16
github.com/PointerByte/GoForge/cmd/go-openssl/code/generator.go:259.59,261.3 1 1
github.com/PointerByte/GoForge/cmd/go-openssl/code/generator.go:262.2,262.33 1 15
github.com/PointerByte/GoForge/cmd/go-openssl/code/generator.go:262.33,263.73 1 4
github.com/PointerByte/GoForge/cmd/go-openssl/code/generator.go:263.73,265.4 1 1
github.com/PointerByte/GoForge/cmd/go-openssl/code/generator.go:267.2,267.60 1 14
github.com/PointerByte/GoForge/cmd/go-openssl/code/generator.go:267.60,269.3 1 0
github.com/PointerByte/GoForge/cmd/go-openssl/code/generator.go:270.2,270.58 1 14
github.com/PointerByte/GoForge/cmd/go-openssl/code/generator.go:270.58,272.3 1 0
github.com/PointerByte/GoForge/cmd/go-openssl/code/generator.go:273.2,273.34 1 14
github.com/PointerByte/GoForge/cmd/go-openssl/code/generator.go:273.34,274.74 1 1
github.com/PointerByte/GoForge/cmd/go-openssl/code/generator.go:274.74,276.4 1 0
github.com/PointerByte/GoForge/cmd/go-openssl/code/generator.go:278.2,278.31 1 14
github.com/PointerByte/GoForge/cmd/go-openssl/code/generator.go:278.31,279.71 1 1
github.com/PointerByte/GoForge/cmd/go-openssl/code/generator.go:279.71,281.4 1 0
github.com/PointerByte/GoForge/cmd/go-openssl/code/generator.go:284.2,284.27 1 14
github.com/PointerByte/GoForge/cmd/go-openssl/code/generator.go:285.20,286.32 1 4
github.com/PointerByte/GoForge/cmd/go-openssl/code/generator.go:286.32,288.4 1 1
github.com/PointerByte/GoForge/cmd/go-openssl/code/generator.go:289.20,290.59 1 8
github.com/PointerByte/GoForge/cmd/go-openssl/code/generator.go:290.59,292.4 1 1
github.com/PointerByte/GoForge/cmd/go-openssl/code/generator.go:293.24,293.24 0 1
github.com/PointerByte/GoForge/cmd/go-openssl/code/generator.go:294.10,295.78 1 1
github.com/PointerByte/GoForge/cmd/go-openssl/code/generator.go:298.2,298.21 1 11
github.com/PointerByte/GoForge/cmd/go-openssl/code/generator.go:301.53,302.36 1 128
github.com/PointerByte/GoForge/cmd/go-openssl/code/generator.go:302.36,304.3 1 53
github.com/PointerByte/GoForge/cmd/go-openssl/code/generator.go:305.2,305.14 1 75
github.com/PointerByte/GoForge/cmd/go-openssl/code/generator.go:308.74,309.16 1 10
github.com/PointerByte/GoForge/cmd/go-openssl/code/generator.go:309.16,311.3 1 6
github.com/PointerByte/GoForge/cmd/go-openssl/code/generator.go:313.2,314.67 2 4
github.com/PointerByte/GoForge/cmd/go-openssl/code/generator.go:314.67,316.3 1 0
github.com/PointerByte/GoForge/cmd/go-openssl/code/generator.go:317.2,321.8 1 4
github.com/PointerByte/GoForge/cmd/go-openssl/code/generator.go:324.78,325.27 1 10
github.com/PointerByte/GoForge/cmd/go-openssl/code/generator.go:326.20,328.17 2 3
github.com/PointerByte/GoForge/cmd/go-openssl/code/generator.go:328.17,330.4 1 0
github.com/PointerByte/GoForge/cmd/go-openssl/code/generator.go:331.3,331.48 1 3
github.com/PointerByte/GoForge/cmd/go-openssl/code/generator.go:332.20,334.17 2 6
github.com/PointerByte/GoForge/cmd/go-openssl/code/generator.go:334.17,336.4 1 0
github.com/PointerByte/GoForge/cmd/go-openssl/code/generator.go:337.3,338.17 2 6
github.com/PointerByte/GoForge/cmd/go-openssl/code/generator.go:338.17,340.4 1 0
github.com/PointerByte/GoForge/cmd/go-openssl/code/generator.go:341.3,341.48 1 6
github.com/PointerByte/GoForge/cmd/go-openssl/code/generator.go:342.24,344.17 2 1
github.com/PointerByte/GoForge/cmd/go-openssl/code/generator.go:344.17,346.4 1 0
github.com/PointerByte/GoForge/cmd/go-openssl/code/generator.go:347.3,347.36 1 1
github.com/PointerByte/GoForge/cmd/go-openssl/code/generator.go:348.10,349.77 1 0
github.com/PointerByte/GoForge/cmd/go-openssl/code/generator.go:353.56,354.50 1 14
github.com/PointerByte/GoForge/cmd/go-openssl/code/generator.go:355.17,356.30 1 3
github.com/PointerByte/GoForge/cmd/go-openssl/code/generator.go:357.17,358.30 1 6
github.com/PointerByte/GoForge/cmd/go-openssl/code/generator.go:359.17,360.30 1 4
github.com/PointerByte/GoForge/cmd/go-openssl/code/generator.go:361.10,362.59 1 1
github.com/PointerByte/GoForge/cmd/go-openssl/code/generator.go:366.134,368.16 2 10
github.com/PointerByte/GoForge/cmd/go-openssl/code/generator.go:368.16,370.3 1 0
github.com/PointerByte/GoForge/cmd/go-openssl/code/generator.go:372.2,391.39 4 10
github.com/PointerByte/GoForge/cmd/go-openssl/code/generator.go:391.39,393.3 1 3
github.com/PointerByte/GoForge/cmd/go-openssl/code/generator.go:394.2,394.18 1 10
github.com/PointerByte/GoForge/cmd/go-openssl/code/generator.go:394.18,396.3 1 2
github.com/PointerByte/GoForge/cmd/go-openssl/code/generator.go:398.2,400.28 3 10
github.com/PointerByte/GoForge/cmd/go-openssl/code/generator.go:400.28,402.17 2 2
github.com/PointerByte/GoForge/cmd/go-openssl/code/generator.go:402.17,404.4 1 0
github.com/PointerByte/GoForge/cmd/go-openssl/code/generator.go:405.3,406.21 2 2
github.com/PointerByte/GoForge/cmd/go-openssl/code/generator.go:409.2,410.16 2 10
github.com/PointerByte/GoForge/cmd/go-openssl/code/generator.go:410.16,412.3 1 0
github.com/PointerByte/GoForge/cmd/go-openssl/code/generator.go:414.2,414.77 1 10
github.com/PointerByte/GoForge/cmd/go-openssl/code/generator.go:417.122,419.16 2 2
github.com/PointerByte/GoForge/cmd/go-openssl/code/generator.go:419.16,421.3 1 0
github.com/PointerByte/GoForge/cmd/go-openssl/code/generator.go:422.2,422.23 1 2
github.com/PointerByte/GoForge/cmd/go-openssl/code/generator.go:422.23,424.3 1 0
github.com/PointerByte/GoForge/cmd/go-openssl/code/generator.go:426.2,427.16 2 2
github.com/PointerByte/GoForge/cmd/go-openssl/code/generator.go:427.16,429.3 1 0
github.com/PointerByte/GoForge/cmd/go-openssl/code/generator.go:430.2,430.37 1 2
github.com/PointerByte/GoForge/cmd/go-openssl/code/generator.go:433.84,435.16 2 3
github.com/PointerByte/GoForge/cmd/go-openssl/code/generator.go:435.16,437.3 1 0
github.com/PointerByte/GoForge/cmd/go-openssl/code/generator.go:438.2,439.16 2 3
github.com/PointerByte/GoForge/cmd/go-openssl/code/generator.go:439.16,441.3 1 0
github.com/PointerByte/GoForge/cmd/go-openssl/code/generator.go:443.2,444.18 2 3
github.com/PointerByte/GoForge/cmd/go-openssl/code/generator.go:444.18,446.3 1 0
github.com/PointerByte/GoForge/cmd/go-openssl/code/generator.go:448.2,449.16 2 3
github.com/PointerByte/GoForge/cmd/go-openssl/code/generator.go:449.16,451.3 1 0
github.com/PointerByte/GoForge/cmd/go-openssl/code/generator.go:452.2,452.25 1 3
github.com/PointerByte/GoForge/cmd/go-openssl/code/generator.go:455.69,457.16 2 3
github.com/PointerByte/GoForge/cmd/go-openssl/code/generator.go:457.16,459.3 1 0
github.com/PointerByte/GoForge/cmd/go-openssl/code/generator.go:460.2,461.16 2 3
github.com/PointerByte/GoForge/cmd/go-openssl/code/generator.go:461.16,463.3 1 0
github.com/PointerByte/GoForge/cmd/go-openssl/code/generator.go:465.2,466.18 2 3
github.com/PointerByte/GoForge/cmd/go-openssl/code/generator.go:466.18,468.3 1 0
github.com/PointerByte/GoForge/cmd/go-openssl/code/generator.go:470.2,471.16 2 3
github.com/PointerByte/GoForge/cmd/go-openssl/code/generator.go:471.16,473.3 1 3
github.com/PointerByte/GoForge/cmd/go-openssl/code/generator.go:474.2,474.75 1 0
github.com/PointerByte/GoForge/cmd/go-openssl/code/generator.go:474.75,476.3 1 0
github.com/PointerByte/GoForge/cmd/go-openssl/code/generator.go:477.2,477.72 1 0
github.com/PointerByte/GoForge/cmd/go-openssl/code/generator.go:477.72,479.3 1 0
github.com/PointerByte/GoForge/cmd/go-openssl/code/generator.go:480.2,480.54 1 0
github.com/PointerByte/GoForge/cmd/go-openssl/code/generator.go:485.62,487.16 2 7
github.com/PointerByte/GoForge/cmd/go-openssl/code/generator.go:487.16,489.3 1 0
github.com/PointerByte/GoForge/cmd/go-openssl/code/generator.go:490.2,490.36 1 7
github.com/PointerByte/GoForge/cmd/go-openssl/code/generator.go:494.81,496.2 1 1
github.com/PointerByte/GoForge/cmd/go-openssl/code/generator.go:499.66,501.2 1 1
github.com/PointerByte/GoForge/cmd/go-openssl/code/generator.go:504.65,506.16 2 1
github.com/PointerByte/GoForge/cmd/go-openssl/code/generator.go:506.16,508.3 1 0
github.com/PointerByte/GoForge/cmd/go-openssl/code/generator.go:510.2,511.18 2 1
github.com/PointerByte/GoForge/cmd/go-openssl/code/generator.go:511.18,513.3 1 0
github.com/PointerByte/GoForge/cmd/go-openssl/code/generator.go:515.2,516.16 2 1
github.com/PointerByte/GoForge/cmd/go-openssl/code/generator.go:516.16,518.3 1 0
github.com/PointerByte/GoForge/cmd/go-openssl/code/generator.go:519.2,519.23 1 1
github.com/PointerByte/GoForge/cmd/go-openssl/code/generator.go:523.64,525.57 2 13
github.com/PointerByte/GoForge/cmd/go-openssl/code/generator.go:525.57,527.3 1 2
github.com/PointerByte/GoForge/cmd/go-openssl/code/generator.go:528.2,528.57 1 11
github.com/PointerByte/GoForge/cmd/go-openssl/code/generator.go:528.57,530.3 1 1
github.com/PointerByte/GoForge/cmd/go-openssl/code/generator.go:532.2,533.62 2 10
github.com/PointerByte/GoForge/cmd/go-openssl/code/generator.go:533.62,535.3 1 0
github.com/PointerByte/GoForge/cmd/go-openssl/code/generator.go:536.2,536.44 1 10
github.com/PointerByte/GoForge/cmd/go-openssl/code/generator.go:536.44,538.3 1 0
github.com/PointerByte/GoForge/cmd/go-openssl/code/generator.go:539.2,539.48 1 10
github.com/PointerByte/GoForge/cmd/go-openssl/code/generator.go:539.48,541.3 1 0
github.com/PointerByte/GoForge/cmd/go-openssl/code/generator.go:543.2,544.16 2 10
github.com/PointerByte/GoForge/cmd/go-openssl/code/generator.go:544.16,546.3 1 0
github.com/PointerByte/GoForge/cmd/go-openssl/code/generator.go:547.2,548.16 2 10
github.com/PointerByte/GoForge/cmd/go-openssl/code/generator.go:548.16,550.3 1 0
github.com/PointerByte/GoForge/cmd/go-openssl/code/generator.go:552.2,553.16 2 10
github.com/PointerByte/GoForge/cmd/go-openssl/code/generator.go:553.16,555.3 1 0
github.com/PointerByte/GoForge/cmd/go-openssl/code/generator.go:556.2,556.36 1 10
github.com/PointerByte/GoForge/cmd/go-openssl/code/generator.go:556.36,558.3 1 0
github.com/PointerByte/GoForge/cmd/go-openssl/code/generator.go:560.2,561.16 2 10
github.com/PointerByte/GoForge/cmd/go-openssl/code/generator.go:561.16,563.3 1 1
github.com/PointerByte/GoForge/cmd/go-openssl/code/generator.go:564.2,564.23 1 9
github.com/PointerByte/GoForge/cmd/go-openssl/code/generator.go:567.101,568.57 1 9
github.com/PointerByte/GoForge/cmd/go-openssl/code/generator.go:568.57,570.3 1 0
github.com/PointerByte/GoForge/cmd/go-openssl/code/generator.go:572.2,573.16 2 9
github.com/PointerByte/GoForge/cmd/go-openssl/code/generator.go:573.16,575.3 1 0
github.com/PointerByte/GoForge/cmd/go-openssl/code/generator.go:577.2,578.60 2 9
github.com/PointerByte/GoForge/cmd/go-openssl/code/generator.go:578.60,580.3 1 0
github.com/PointerByte/GoForge/cmd/go-openssl/code/generator.go:582.2,589.16 3 9
github.com/PointerByte/GoForge/cmd/go-openssl/code/generator.go:589.16,591.3 1 0
github.com/PointerByte/GoForge/cmd/go-openssl/code/generator.go:593.2,597.9 1 9
github.com/PointerByte/GoForge/cmd/go-openssl/code/generator.go:600.52,601.56 1 26
github.com/PointerByte/GoForge/cmd/go-openssl/code/generator.go:601.56,603.3 1 2
github.com/PointerByte/GoForge/cmd/go-openssl/code/generator.go:604.2,604.12 1 24
github.com/PointerByte/GoForge/cmd/go-openssl/code/generator.go:607.52,610.16 3 19
github.com/PointerByte/GoForge/cmd/go-openssl/code/generator.go:610.16,612.3 1 0
github.com/PointerByte/GoForge/cmd/go-openssl/code/generator.go:613.2,614.16 2 19
github.com/PointerByte/GoForge/cmd/go-openssl/code/generator.go:614.16,616.3 1 0
github.com/PointerByte/GoForge/cmd/go-openssl/code/generator.go:617.2,617.18 1 19
github.com/PointerByte/GoForge/cmd/go-openssl/code/generator.go:620.48,622.31 2 10
github.com/PointerByte/GoForge/cmd/go-openssl/code/generator.go:622.31,624.18 2 10
github.com/PointerByte/GoForge/cmd/go-openssl/code/generator.go:624.18,626.4 1 10
github.com/PointerByte/GoForge/cmd/go-openssl/code/generator.go:628.2,628.18 1 10
github.com/PointerByte/GoForge/cmd/go-openssl/code/generator.go:631.49,633.31 2 10
github.com/PointerByte/GoForge/cmd/go-openssl/code/generator.go:633.31,634.61 1 0
github.com/PointerByte/GoForge/cmd/go-openssl/code/generator.go:634.61,636.4 1 0
github.com/PointerByte/GoForge/cmd/go-openssl/code/generator.go:638.2,638.12 1 10
github.com/PointerByte/GoForge/cmd/go-openssl/code/generator.go:641.58,643.16 2 10
github.com/PointerByte/GoForge/cmd/go-openssl/code/generator.go:643.16,645.3 1 0
github.com/PointerByte/GoForge/cmd/go-openssl/code/generator.go:646.2,646.87 1 10
github.com/PointerByte/GoForge/cmd/go-openssl/code/generator.go:649.56,651.16 2 10
github.com/PointerByte/GoForge/cmd/go-openssl/code/generator.go:651.16,653.3 1 0
github.com/PointerByte/GoForge/cmd/go-openssl/code/generator.go:654.2,654.85 1 10
github.com/PointerByte/GoForge/cmd/go-openssl/code/generator.go:664.57,666.21 2 253
github.com/PointerByte/GoForge/cmd/go-openssl/code/generator.go:666.21,667.30 1 1217
github.com/PointerByte/GoForge/cmd/go-openssl/code/generator.go:667.30,669.4 1 970
github.com/PointerByte/GoForge/cmd/go-openssl/code/generator.go:671.3,673.41 3 1217
github.com/PointerByte/GoForge/cmd/go-openssl/code/generator.go:675.2,675.19 1 253
github.com/PointerByte/GoForge/cmd/go-openssl/code/generator.go:678.48,694.2 6 970
